/home/poom/abu_ws/install/abu_package/lib/python3.8/site-packages/abu_package/feed.py
/home/poom/abu_ws/install/abu_package/lib/python3.8/site-packages/abu_package/__init__.py
/home/poom/abu_ws/install/abu_package/lib/python3.8/site-packages/abu_package/shoot.py
/home/poom/abu_ws/install/abu_package/lib/python3.8/site-packages/abu_package/ps4.py
/home/poom/abu_ws/install/abu_package/lib/python3.8/site-packages/abu_package/my_node.py
/home/poom/abu_ws/install/abu_package/lib/python3.8/site-packages/abu_package/__pycache__/feed.cpython-38.pyc
/home/poom/abu_ws/install/abu_package/lib/python3.8/site-packages/abu_package/__pycache__/__init__.cpython-38.pyc
/home/poom/abu_ws/install/abu_package/lib/python3.8/site-packages/abu_package/__pycache__/shoot.cpython-38.pyc
/home/poom/abu_ws/install/abu_package/lib/python3.8/site-packages/abu_package/__pycache__/ps4.cpython-38.pyc
/home/poom/abu_ws/install/abu_package/lib/python3.8/site-packages/abu_package/__pycache__/my_node.cpython-38.pyc
/home/poom/abu_ws/install/abu_package/share/ament_index/resource_index/packages/abu_package
/home/poom/abu_ws/install/abu_package/share/abu_package/package.xml
/home/poom/abu_ws/install/abu_package/share/abu_package/chang.launch.py
/home/poom/abu_ws/install/abu_package/lib/python3.8/site-packages/abu_package-0.0.0-py3.8.egg-info/entry_points.txt
/home/poom/abu_ws/install/abu_package/lib/python3.8/site-packages/abu_package-0.0.0-py3.8.egg-info/zip-safe
/home/poom/abu_ws/install/abu_package/lib/python3.8/site-packages/abu_package-0.0.0-py3.8.egg-info/top_level.txt
/home/poom/abu_ws/install/abu_package/lib/python3.8/site-packages/abu_package-0.0.0-py3.8.egg-info/requires.txt
/home/poom/abu_ws/install/abu_package/lib/python3.8/site-packages/abu_package-0.0.0-py3.8.egg-info/PKG-INFO
/home/poom/abu_ws/install/abu_package/lib/python3.8/site-packages/abu_package-0.0.0-py3.8.egg-info/dependency_links.txt
/home/poom/abu_ws/install/abu_package/lib/python3.8/site-packages/abu_package-0.0.0-py3.8.egg-info/SOURCES.txt
/home/poom/abu_ws/install/abu_package/lib/abu_package/drive_node
/home/poom/abu_ws/install/abu_package/lib/abu_package/feed_node
/home/poom/abu_ws/install/abu_package/lib/abu_package/shoot_node
