[0.042s] Invoking command in '/home/poom/abu_ws/build/wiimote_msgs': CMAKE_PREFIX_PATH=${CMAKE_PREFIX_PATH}:/home/poom/joy_ws/install/poom:/home/poom/abu_ws/install/abu_package:/opt/ros/foxy /home/poom/.local/bin/cmake --build /home/poom/abu_ws/build/wiimote_msgs -- -j12 -l12
[0.263s] [  2%] Built target wiimote_msgs__cpp
[0.263s] [ 12%] Built target wiimote_msgs__rosidl_generator_c
[0.263s] [ 23%] Built target wiimote_msgs__rosidl_typesupport_c
[0.263s] [ 34%] Built target wiimote_msgs__rosidl_typesupport_introspection_c
[0.263s] [ 44%] Built target wiimote_msgs__rosidl_typesupport_introspection_cpp
[0.263s] [ 55%] Built target wiimote_msgs__rosidl_typesupport_cpp
[0.263s] [ 65%] Built target wiimote_msgs__rosidl_typesupport_fastrtps_cpp
[0.263s] [ 76%] Built target wiimote_msgs__rosidl_typesupport_fastrtps_c
[0.264s] [ 76%] Built target wiimote_msgs
[0.264s] [ 78%] Built target wiimote_msgs__py
[0.264s] [ 87%] Built target wiimote_msgs__python
[0.264s] [ 91%] Built target wiimote_msgs__rosidl_typesupport_fastrtps_c__pyext
[0.264s] [ 95%] Built target wiimote_msgs__rosidl_typesupport_introspection_c__pyext
[0.264s] [100%] Built target wiimote_msgs__rosidl_typesupport_c__pyext
[0.269s] Invoked command in '/home/poom/abu_ws/build/wiimote_msgs' returned '0': CMAKE_PREFIX_PATH=${CMAKE_PREFIX_PATH}:/home/poom/joy_ws/install/poom:/home/poom/abu_ws/install/abu_package:/opt/ros/foxy /home/poom/.local/bin/cmake --build /home/poom/abu_ws/build/wiimote_msgs -- -j12 -l12
[0.351s] Invoking command in '/home/poom/abu_ws/build/wiimote_msgs': CMAKE_PREFIX_PATH=${CMAKE_PREFIX_PATH}:/home/poom/joy_ws/install/poom:/home/poom/abu_ws/install/abu_package:/opt/ros/foxy /home/poom/.local/bin/cmake --install /home/poom/abu_ws/build/wiimote_msgs
[0.377s] -- Install configuration: ""
[0.377s] -- Up-to-date: /home/poom/abu_ws/install/wiimote_msgs/share/ament_index/resource_index/rosidl_interfaces/wiimote_msgs
[0.377s] -- Up-to-date: /home/poom/abu_ws/install/wiimote_msgs/include/wiimote_msgs
[0.377s] -- Up-to-date: /home/poom/abu_ws/install/wiimote_msgs/include/wiimote_msgs/msg
[0.377s] -- Up-to-date: /home/poom/abu_ws/install/wiimote_msgs/include/wiimote_msgs/msg/ir_source_info.h
[0.377s] -- Up-to-date: /home/poom/abu_ws/install/wiimote_msgs/include/wiimote_msgs/msg/rosidl_generator_c__visibility_control.h
[0.377s] -- Up-to-date: /home/poom/abu_ws/install/wiimote_msgs/include/wiimote_msgs/msg/detail
[0.377s] -- Up-to-date: /home/poom/abu_ws/install/wiimote_msgs/include/wiimote_msgs/msg/detail/ir_source_info__type_support.h
[0.377s] -- Up-to-date: /home/poom/abu_ws/install/wiimote_msgs/include/wiimote_msgs/msg/detail/timed_switch__functions.h
[0.377s] -- Up-to-date: /home/poom/abu_ws/install/wiimote_msgs/include/wiimote_msgs/msg/detail/timed_switch__functions.c
[0.377s] -- Up-to-date: /home/poom/abu_ws/install/wiimote_msgs/include/wiimote_msgs/msg/detail/state__functions.h
[0.378s] -- Up-to-date: /home/poom/abu_ws/install/wiimote_msgs/include/wiimote_msgs/msg/detail/state__struct.h
[0.378s] -- Up-to-date: /home/poom/abu_ws/install/wiimote_msgs/include/wiimote_msgs/msg/detail/ir_source_info__functions.c
[0.378s] -- Up-to-date: /home/poom/abu_ws/install/wiimote_msgs/include/wiimote_msgs/msg/detail/ir_source_info__struct.h
[0.378s] -- Up-to-date: /home/poom/abu_ws/install/wiimote_msgs/include/wiimote_msgs/msg/detail/state__type_support.h
[0.378s] -- Up-to-date: /home/poom/abu_ws/install/wiimote_msgs/include/wiimote_msgs/msg/detail/timed_switch__struct.h
[0.378s] -- Up-to-date: /home/poom/abu_ws/install/wiimote_msgs/include/wiimote_msgs/msg/detail/ir_source_info__functions.h
[0.378s] -- Up-to-date: /home/poom/abu_ws/install/wiimote_msgs/include/wiimote_msgs/msg/detail/timed_switch__type_support.h
[0.378s] -- Up-to-date: /home/poom/abu_ws/install/wiimote_msgs/include/wiimote_msgs/msg/detail/state__functions.c
[0.378s] -- Up-to-date: /home/poom/abu_ws/install/wiimote_msgs/include/wiimote_msgs/msg/timed_switch.h
[0.378s] -- Up-to-date: /home/poom/abu_ws/install/wiimote_msgs/include/wiimote_msgs/msg/state.h
[0.378s] -- Up-to-date: /home/poom/abu_ws/install/wiimote_msgs/share/wiimote_msgs/environment/library_path.sh
[0.379s] -- Up-to-date: /home/poom/abu_ws/install/wiimote_msgs/share/wiimote_msgs/environment/library_path.dsv
[0.379s] -- Up-to-date: /home/poom/abu_ws/install/wiimote_msgs/lib/libwiimote_msgs__rosidl_generator_c.so
[0.379s] -- Up-to-date: /home/poom/abu_ws/install/wiimote_msgs/include/wiimote_msgs
[0.379s] -- Up-to-date: /home/poom/abu_ws/install/wiimote_msgs/include/wiimote_msgs/msg
[0.379s] -- Up-to-date: /home/poom/abu_ws/install/wiimote_msgs/include/wiimote_msgs/msg/detail
[0.379s] -- Up-to-date: /home/poom/abu_ws/install/wiimote_msgs/include/wiimote_msgs/msg/detail/ir_source_info__rosidl_typesupport_fastrtps_c.h
[0.379s] -- Up-to-date: /home/poom/abu_ws/install/wiimote_msgs/include/wiimote_msgs/msg/detail/state__rosidl_typesupport_fastrtps_c.h
[0.379s] -- Up-to-date: /home/poom/abu_ws/install/wiimote_msgs/include/wiimote_msgs/msg/detail/timed_switch__rosidl_typesupport_fastrtps_c.h
[0.379s] -- Up-to-date: /home/poom/abu_ws/install/wiimote_msgs/include/wiimote_msgs/msg/rosidl_typesupport_fastrtps_c__visibility_control.h
[0.379s] -- Up-to-date: /home/poom/abu_ws/install/wiimote_msgs/lib/libwiimote_msgs__rosidl_typesupport_fastrtps_c.so
[0.380s] -- Up-to-date: /home/poom/abu_ws/install/wiimote_msgs/include/wiimote_msgs
[0.381s] -- Up-to-date: /home/poom/abu_ws/install/wiimote_msgs/include/wiimote_msgs/msg
[0.381s] -- Up-to-date: /home/poom/abu_ws/install/wiimote_msgs/include/wiimote_msgs/msg/detail
[0.381s] -- Up-to-date: /home/poom/abu_ws/install/wiimote_msgs/include/wiimote_msgs/msg/detail/timed_switch__rosidl_typesupport_fastrtps_cpp.hpp
[0.382s] -- Up-to-date: /home/poom/abu_ws/install/wiimote_msgs/include/wiimote_msgs/msg/detail/ir_source_info__rosidl_typesupport_fastrtps_cpp.hpp
[0.382s] -- Up-to-date: /home/poom/abu_ws/install/wiimote_msgs/include/wiimote_msgs/msg/detail/state__rosidl_typesupport_fastrtps_cpp.hpp
[0.382s] -- Up-to-date: /home/poom/abu_ws/install/wiimote_msgs/include/wiimote_msgs/msg/detail/dds_fastrtps
[0.382s] -- Up-to-date: /home/poom/abu_ws/install/wiimote_msgs/include/wiimote_msgs/msg/rosidl_typesupport_fastrtps_cpp__visibility_control.h
[0.383s] -- Up-to-date: /home/poom/abu_ws/install/wiimote_msgs/lib/libwiimote_msgs__rosidl_typesupport_fastrtps_cpp.so
[0.383s] -- Up-to-date: /home/poom/abu_ws/install/wiimote_msgs/include/wiimote_msgs
[0.383s] -- Up-to-date: /home/poom/abu_ws/install/wiimote_msgs/include/wiimote_msgs/msg
[0.383s] -- Up-to-date: /home/poom/abu_ws/install/wiimote_msgs/include/wiimote_msgs/msg/detail
[0.383s] -- Up-to-date: /home/poom/abu_ws/install/wiimote_msgs/include/wiimote_msgs/msg/detail/timed_switch__rosidl_typesupport_introspection_c.h
[0.383s] -- Up-to-date: /home/poom/abu_ws/install/wiimote_msgs/include/wiimote_msgs/msg/detail/state__rosidl_typesupport_introspection_c.h
[0.383s] -- Up-to-date: /home/poom/abu_ws/install/wiimote_msgs/include/wiimote_msgs/msg/detail/timed_switch__type_support.c
[0.383s] -- Up-to-date: /home/poom/abu_ws/install/wiimote_msgs/include/wiimote_msgs/msg/detail/ir_source_info__type_support.c
[0.383s] -- Up-to-date: /home/poom/abu_ws/install/wiimote_msgs/include/wiimote_msgs/msg/detail/ir_source_info__rosidl_typesupport_introspection_c.h
[0.383s] -- Up-to-date: /home/poom/abu_ws/install/wiimote_msgs/include/wiimote_msgs/msg/detail/state__type_support.c
[0.384s] -- Up-to-date: /home/poom/abu_ws/install/wiimote_msgs/include/wiimote_msgs/msg/rosidl_typesupport_introspection_c__visibility_control.h
[0.384s] -- Up-to-date: /home/poom/abu_ws/install/wiimote_msgs/lib/libwiimote_msgs__rosidl_typesupport_introspection_c.so
[0.384s] -- Up-to-date: /home/poom/abu_ws/install/wiimote_msgs/lib/libwiimote_msgs__rosidl_typesupport_c.so
[0.384s] -- Up-to-date: /home/poom/abu_ws/install/wiimote_msgs/include/wiimote_msgs
[0.384s] -- Up-to-date: /home/poom/abu_ws/install/wiimote_msgs/include/wiimote_msgs/msg
[0.384s] -- Up-to-date: /home/poom/abu_ws/install/wiimote_msgs/include/wiimote_msgs/msg/ir_source_info.hpp
[0.384s] -- Up-to-date: /home/poom/abu_ws/install/wiimote_msgs/include/wiimote_msgs/msg/detail
[0.385s] -- Up-to-date: /home/poom/abu_ws/install/wiimote_msgs/include/wiimote_msgs/msg/detail/ir_source_info__traits.hpp
[0.385s] -- Up-to-date: /home/poom/abu_ws/install/wiimote_msgs/include/wiimote_msgs/msg/detail/state__struct.hpp
[0.385s] -- Up-to-date: /home/poom/abu_ws/install/wiimote_msgs/include/wiimote_msgs/msg/detail/ir_source_info__struct.hpp
[0.386s] -- Up-to-date: /home/poom/abu_ws/install/wiimote_msgs/include/wiimote_msgs/msg/detail/ir_source_info__builder.hpp
[0.386s] -- Up-to-date: /home/poom/abu_ws/install/wiimote_msgs/include/wiimote_msgs/msg/detail/timed_switch__struct.hpp
[0.386s] -- Up-to-date: /home/poom/abu_ws/install/wiimote_msgs/include/wiimote_msgs/msg/detail/state__builder.hpp
[0.386s] -- Up-to-date: /home/poom/abu_ws/install/wiimote_msgs/include/wiimote_msgs/msg/detail/state__traits.hpp
[0.386s] -- Up-to-date: /home/poom/abu_ws/install/wiimote_msgs/include/wiimote_msgs/msg/detail/timed_switch__traits.hpp
[0.386s] -- Up-to-date: /home/poom/abu_ws/install/wiimote_msgs/include/wiimote_msgs/msg/detail/timed_switch__builder.hpp
[0.386s] -- Up-to-date: /home/poom/abu_ws/install/wiimote_msgs/include/wiimote_msgs/msg/timed_switch.hpp
[0.386s] -- Up-to-date: /home/poom/abu_ws/install/wiimote_msgs/include/wiimote_msgs/msg/state.hpp
[0.386s] -- Up-to-date: /home/poom/abu_ws/install/wiimote_msgs/include/wiimote_msgs
[0.386s] -- Up-to-date: /home/poom/abu_ws/install/wiimote_msgs/include/wiimote_msgs/msg
[0.387s] -- Up-to-date: /home/poom/abu_ws/install/wiimote_msgs/include/wiimote_msgs/msg/detail
[0.387s] -- Up-to-date: /home/poom/abu_ws/install/wiimote_msgs/include/wiimote_msgs/msg/detail/state__type_support.cpp
[0.387s] -- Up-to-date: /home/poom/abu_ws/install/wiimote_msgs/include/wiimote_msgs/msg/detail/ir_source_info__type_support.cpp
[0.387s] -- Up-to-date: /home/poom/abu_ws/install/wiimote_msgs/include/wiimote_msgs/msg/detail/state__rosidl_typesupport_introspection_cpp.hpp
[0.387s] -- Up-to-date: /home/poom/abu_ws/install/wiimote_msgs/include/wiimote_msgs/msg/detail/ir_source_info__rosidl_typesupport_introspection_cpp.hpp
[0.387s] -- Up-to-date: /home/poom/abu_ws/install/wiimote_msgs/include/wiimote_msgs/msg/detail/timed_switch__type_support.cpp
[0.387s] -- Up-to-date: /home/poom/abu_ws/install/wiimote_msgs/include/wiimote_msgs/msg/detail/timed_switch__rosidl_typesupport_introspection_cpp.hpp
[0.387s] -- Up-to-date: /home/poom/abu_ws/install/wiimote_msgs/lib/libwiimote_msgs__rosidl_typesupport_introspection_cpp.so
[0.387s] -- Up-to-date: /home/poom/abu_ws/install/wiimote_msgs/lib/libwiimote_msgs__rosidl_typesupport_cpp.so
[0.387s] -- Up-to-date: /home/poom/abu_ws/install/wiimote_msgs/share/wiimote_msgs/environment/pythonpath.sh
[0.387s] -- Up-to-date: /home/poom/abu_ws/install/wiimote_msgs/share/wiimote_msgs/environment/pythonpath.dsv
[0.388s] -- Up-to-date: /home/poom/abu_ws/install/wiimote_msgs/lib/python3.8/site-packages/wiimote_msgs/__init__.py
[0.409s] -- Up-to-date: /home/poom/abu_ws/install/wiimote_msgs/lib/python3.8/site-packages/wiimote_msgs/msg
[0.409s] -- Up-to-date: /home/poom/abu_ws/install/wiimote_msgs/lib/python3.8/site-packages/wiimote_msgs/msg/_state_s.c
[0.409s] -- Up-to-date: /home/poom/abu_ws/install/wiimote_msgs/lib/python3.8/site-packages/wiimote_msgs/msg/__init__.py
[0.409s] -- Up-to-date: /home/poom/abu_ws/install/wiimote_msgs/lib/python3.8/site-packages/wiimote_msgs/msg/_timed_switch.py
[0.409s] -- Up-to-date: /home/poom/abu_ws/install/wiimote_msgs/lib/python3.8/site-packages/wiimote_msgs/msg/_timed_switch_s.c
[0.409s] -- Up-to-date: /home/poom/abu_ws/install/wiimote_msgs/lib/python3.8/site-packages/wiimote_msgs/msg/_ir_source_info_s.c
[0.410s] -- Up-to-date: /home/poom/abu_ws/install/wiimote_msgs/lib/python3.8/site-packages/wiimote_msgs/msg/_state.py
[0.410s] -- Up-to-date: /home/poom/abu_ws/install/wiimote_msgs/lib/python3.8/site-packages/wiimote_msgs/msg/_ir_source_info.py
[0.410s] -- Up-to-date: /home/poom/abu_ws/install/wiimote_msgs/lib/python3.8/site-packages/wiimote_msgs/wiimote_msgs_s__rosidl_typesupport_fastrtps_c.cpython-38-x86_64-linux-gnu.so
[0.410s] -- Up-to-date: /home/poom/abu_ws/install/wiimote_msgs/lib/python3.8/site-packages/wiimote_msgs/wiimote_msgs_s__rosidl_typesupport_introspection_c.cpython-38-x86_64-linux-gnu.so
[0.413s] -- Up-to-date: /home/poom/abu_ws/install/wiimote_msgs/lib/python3.8/site-packages/wiimote_msgs/wiimote_msgs_s__rosidl_typesupport_c.cpython-38-x86_64-linux-gnu.so
[0.414s] -- Up-to-date: /home/poom/abu_ws/install/wiimote_msgs/lib/libwiimote_msgs__python.so
[0.414s] -- Up-to-date: /home/poom/abu_ws/install/wiimote_msgs/share/wiimote_msgs/msg/IrSourceInfo.idl
[0.414s] -- Up-to-date: /home/poom/abu_ws/install/wiimote_msgs/share/wiimote_msgs/msg/State.idl
[0.414s] -- Up-to-date: /home/poom/abu_ws/install/wiimote_msgs/share/wiimote_msgs/msg/TimedSwitch.idl
[0.414s] -- Up-to-date: /home/poom/abu_ws/install/wiimote_msgs/share/wiimote_msgs/msg/IrSourceInfo.msg
[0.414s] -- Up-to-date: /home/poom/abu_ws/install/wiimote_msgs/share/wiimote_msgs/msg/State.msg
[0.414s] -- Up-to-date: /home/poom/abu_ws/install/wiimote_msgs/share/wiimote_msgs/msg/TimedSwitch.msg
[0.414s] -- Up-to-date: /home/poom/abu_ws/install/wiimote_msgs/share/ament_index/resource_index/package_run_dependencies/wiimote_msgs
[0.414s] -- Up-to-date: /home/poom/abu_ws/install/wiimote_msgs/share/ament_index/resource_index/parent_prefix_path/wiimote_msgs
[0.414s] -- Up-to-date: /home/poom/abu_ws/install/wiimote_msgs/share/wiimote_msgs/environment/ament_prefix_path.sh
[0.415s] -- Up-to-date: /home/poom/abu_ws/install/wiimote_msgs/share/wiimote_msgs/environment/ament_prefix_path.dsv
[0.415s] -- Up-to-date: /home/poom/abu_ws/install/wiimote_msgs/share/wiimote_msgs/environment/path.sh
[0.415s] -- Up-to-date: /home/poom/abu_ws/install/wiimote_msgs/share/wiimote_msgs/environment/path.dsv
[0.415s] -- Up-to-date: /home/poom/abu_ws/install/wiimote_msgs/share/wiimote_msgs/local_setup.bash
[0.416s] -- Up-to-date: /home/poom/abu_ws/install/wiimote_msgs/share/wiimote_msgs/local_setup.sh
[0.416s] -- Up-to-date: /home/poom/abu_ws/install/wiimote_msgs/share/wiimote_msgs/local_setup.zsh
[0.416s] -- Up-to-date: /home/poom/abu_ws/install/wiimote_msgs/share/wiimote_msgs/local_setup.dsv
[0.416s] -- Installing: /home/poom/abu_ws/install/wiimote_msgs/share/wiimote_msgs/package.dsv
[0.416s] -- Up-to-date: /home/poom/abu_ws/install/wiimote_msgs/share/ament_index/resource_index/packages/wiimote_msgs
[0.416s] -- Up-to-date: /home/poom/abu_ws/install/wiimote_msgs/share/wiimote_msgs/cmake/wiimote_msgs__rosidl_generator_cExport.cmake
[0.416s] -- Up-to-date: /home/poom/abu_ws/install/wiimote_msgs/share/wiimote_msgs/cmake/wiimote_msgs__rosidl_generator_cExport-noconfig.cmake
[0.416s] -- Up-to-date: /home/poom/abu_ws/install/wiimote_msgs/share/wiimote_msgs/cmake/wiimote_msgs__rosidl_typesupport_introspection_cExport.cmake
[0.416s] -- Up-to-date: /home/poom/abu_ws/install/wiimote_msgs/share/wiimote_msgs/cmake/wiimote_msgs__rosidl_typesupport_introspection_cExport-noconfig.cmake
[0.416s] -- Up-to-date: /home/poom/abu_ws/install/wiimote_msgs/share/wiimote_msgs/cmake/wiimote_msgs__rosidl_typesupport_cExport.cmake
[0.416s] -- Up-to-date: /home/poom/abu_ws/install/wiimote_msgs/share/wiimote_msgs/cmake/wiimote_msgs__rosidl_typesupport_cExport-noconfig.cmake
[0.416s] -- Up-to-date: /home/poom/abu_ws/install/wiimote_msgs/share/wiimote_msgs/cmake/wiimote_msgs__rosidl_generator_cppExport.cmake
[0.417s] -- Up-to-date: /home/poom/abu_ws/install/wiimote_msgs/share/wiimote_msgs/cmake/wiimote_msgs__rosidl_typesupport_introspection_cppExport.cmake
[0.417s] -- Up-to-date: /home/poom/abu_ws/install/wiimote_msgs/share/wiimote_msgs/cmake/wiimote_msgs__rosidl_typesupport_introspection_cppExport-noconfig.cmake
[0.417s] -- Up-to-date: /home/poom/abu_ws/install/wiimote_msgs/share/wiimote_msgs/cmake/wiimote_msgs__rosidl_typesupport_cppExport.cmake
[0.417s] -- Up-to-date: /home/poom/abu_ws/install/wiimote_msgs/share/wiimote_msgs/cmake/wiimote_msgs__rosidl_typesupport_cppExport-noconfig.cmake
[0.417s] -- Up-to-date: /home/poom/abu_ws/install/wiimote_msgs/share/wiimote_msgs/cmake/rosidl_cmake-extras.cmake
[0.417s] -- Up-to-date: /home/poom/abu_ws/install/wiimote_msgs/share/wiimote_msgs/cmake/ament_cmake_export_dependencies-extras.cmake
[0.417s] -- Up-to-date: /home/poom/abu_ws/install/wiimote_msgs/share/wiimote_msgs/cmake/ament_cmake_export_libraries-extras.cmake
[0.417s] -- Up-to-date: /home/poom/abu_ws/install/wiimote_msgs/share/wiimote_msgs/cmake/ament_cmake_export_targets-extras.cmake
[0.417s] -- Up-to-date: /home/poom/abu_ws/install/wiimote_msgs/share/wiimote_msgs/cmake/ament_cmake_export_include_directories-extras.cmake
[0.417s] -- Up-to-date: /home/poom/abu_ws/install/wiimote_msgs/share/wiimote_msgs/cmake/rosidl_cmake_export_typesupport_libraries-extras.cmake
[0.417s] -- Up-to-date: /home/poom/abu_ws/install/wiimote_msgs/share/wiimote_msgs/cmake/rosidl_cmake_export_typesupport_targets-extras.cmake
[0.417s] -- Up-to-date: /home/poom/abu_ws/install/wiimote_msgs/share/wiimote_msgs/cmake/wiimote_msgsConfig.cmake
[0.417s] -- Up-to-date: /home/poom/abu_ws/install/wiimote_msgs/share/wiimote_msgs/cmake/wiimote_msgsConfig-version.cmake
[0.418s] -- Up-to-date: /home/poom/abu_ws/install/wiimote_msgs/share/wiimote_msgs/package.xml
[0.464s] Invoked command in '/home/poom/abu_ws/build/wiimote_msgs' returned '0': CMAKE_PREFIX_PATH=${CMAKE_PREFIX_PATH}:/home/poom/joy_ws/install/poom:/home/poom/abu_ws/install/abu_package:/opt/ros/foxy /home/poom/.local/bin/cmake --install /home/poom/abu_ws/build/wiimote_msgs
