[0.703s] Invoking command in '/home/poom/abu_ws/src/abu_package': PYTHONPATH=/home/poom/abu_ws/build/abu_package/prefix_override:/home/poom/abu_ws/install/abu_package/lib/python3.8/site-packages:${PYTHONPATH} /usr/bin/python3 setup.py egg_info --egg-base ../../build/abu_package build --build-base /home/poom/abu_ws/build/abu_package/build install --record /home/poom/abu_ws/build/abu_package/install.log --install-scripts $base/lib/abu_package --single-version-externally-managed
[0.884s] running egg_info
[0.884s] writing ../../build/abu_package/abu_package.egg-info/PKG-INFO
[0.884s] writing dependency_links to ../../build/abu_package/abu_package.egg-info/dependency_links.txt
[0.884s] writing entry points to ../../build/abu_package/abu_package.egg-info/entry_points.txt
[0.884s] writing requirements to ../../build/abu_package/abu_package.egg-info/requires.txt
[0.884s] writing top-level names to ../../build/abu_package/abu_package.egg-info/top_level.txt
[0.909s] reading manifest file '../../build/abu_package/abu_package.egg-info/SOURCES.txt'
[0.909s] writing manifest file '../../build/abu_package/abu_package.egg-info/SOURCES.txt'
[0.909s] running build
[0.909s] running build_py
[0.910s] running install
[0.910s] running install_lib
[0.911s] running install_data
[0.912s] running install_egg_info
[0.913s] removing '/home/poom/abu_ws/install/abu_package/lib/python3.8/site-packages/abu_package-0.0.0-py3.8.egg-info' (and everything under it)
[0.913s] Copying ../../build/abu_package/abu_package.egg-info to /home/poom/abu_ws/install/abu_package/lib/python3.8/site-packages/abu_package-0.0.0-py3.8.egg-info
[0.914s] running install_scripts
[0.926s] Installing color_node script to /home/poom/abu_ws/install/abu_package/lib/abu_package
[0.926s] Installing drive_node script to /home/poom/abu_ws/install/abu_package/lib/abu_package
[0.927s] Installing feed_node script to /home/poom/abu_ws/install/abu_package/lib/abu_package
[0.927s] Installing shoot_node script to /home/poom/abu_ws/install/abu_package/lib/abu_package
[0.927s] writing list of installed files to '/home/poom/abu_ws/build/abu_package/install.log'
[0.954s] Invoked command in '/home/poom/abu_ws/src/abu_package' returned '0': PYTHONPATH=/home/poom/abu_ws/build/abu_package/prefix_override:/home/poom/abu_ws/install/abu_package/lib/python3.8/site-packages:${PYTHONPATH} /usr/bin/python3 setup.py egg_info --egg-base ../../build/abu_package build --build-base /home/poom/abu_ws/build/abu_package/build install --record /home/poom/abu_ws/build/abu_package/install.log --install-scripts $base/lib/abu_package --single-version-externally-managed
