[0.746s] Invoking command in '/home/poom/abu_ws/src/abu_package': PYTHONPATH=/home/poom/abu_ws/build/abu_package/prefix_override:/home/poom/abu_ws/install/abu_package/lib/python3.8/site-packages:${PYTHONPATH} /usr/bin/python3 setup.py egg_info --egg-base ../../build/abu_package build --build-base /home/poom/abu_ws/build/abu_package/build install --record /home/poom/abu_ws/build/abu_package/install.log --install-scripts $base/lib/abu_package --single-version-externally-managed
[0.923s] running egg_info
[0.923s] writing ../../build/abu_package/abu_package.egg-info/PKG-INFO
[0.923s] writing dependency_links to ../../build/abu_package/abu_package.egg-info/dependency_links.txt
[0.923s] writing entry points to ../../build/abu_package/abu_package.egg-info/entry_points.txt
[0.923s] writing requirements to ../../build/abu_package/abu_package.egg-info/requires.txt
[0.924s] writing top-level names to ../../build/abu_package/abu_package.egg-info/top_level.txt
[0.948s] reading manifest file '../../build/abu_package/abu_package.egg-info/SOURCES.txt'
[0.949s] writing manifest file '../../build/abu_package/abu_package.egg-info/SOURCES.txt'
[0.949s] running build
[0.949s] running build_py
[0.949s] copying abu_package/ps4 (copy).py -> /home/poom/abu_ws/build/abu_package/build/lib/abu_package
[0.949s] copying abu_package/ps4.py -> /home/poom/abu_ws/build/abu_package/build/lib/abu_package
[0.950s] copying abu_package/detectColor.py -> /home/poom/abu_ws/build/abu_package/build/lib/abu_package
[0.950s] running install
[0.951s] running install_lib
[0.952s] copying /home/poom/abu_ws/build/abu_package/build/lib/abu_package/ps4 (copy).py -> /home/poom/abu_ws/install/abu_package/lib/python3.8/site-packages/abu_package
[0.952s] copying /home/poom/abu_ws/build/abu_package/build/lib/abu_package/ps4.py -> /home/poom/abu_ws/install/abu_package/lib/python3.8/site-packages/abu_package
[0.952s] copying /home/poom/abu_ws/build/abu_package/build/lib/abu_package/detectColor.py -> /home/poom/abu_ws/install/abu_package/lib/python3.8/site-packages/abu_package
[0.952s] byte-compiling /home/poom/abu_ws/install/abu_package/lib/python3.8/site-packages/abu_package/ps4 (copy).py to ps4 (copy).cpython-38.pyc
[0.954s] byte-compiling /home/poom/abu_ws/install/abu_package/lib/python3.8/site-packages/abu_package/ps4.py to ps4.cpython-38.pyc
[0.955s] byte-compiling /home/poom/abu_ws/install/abu_package/lib/python3.8/site-packages/abu_package/detectColor.py to detectColor.cpython-38.pyc
[0.955s] running install_data
[0.956s] running install_egg_info
[0.957s] removing '/home/poom/abu_ws/install/abu_package/lib/python3.8/site-packages/abu_package-0.0.0-py3.8.egg-info' (and everything under it)
[0.957s] Copying ../../build/abu_package/abu_package.egg-info to /home/poom/abu_ws/install/abu_package/lib/python3.8/site-packages/abu_package-0.0.0-py3.8.egg-info
[0.958s] running install_scripts
[0.970s] Installing color_node script to /home/poom/abu_ws/install/abu_package/lib/abu_package
[0.970s] Installing drive_node script to /home/poom/abu_ws/install/abu_package/lib/abu_package
[0.970s] Installing feed_node script to /home/poom/abu_ws/install/abu_package/lib/abu_package
[0.970s] Installing shoot_node script to /home/poom/abu_ws/install/abu_package/lib/abu_package
[0.970s] writing list of installed files to '/home/poom/abu_ws/build/abu_package/install.log'
[0.995s] Invoked command in '/home/poom/abu_ws/src/abu_package' returned '0': PYTHONPATH=/home/poom/abu_ws/build/abu_package/prefix_override:/home/poom/abu_ws/install/abu_package/lib/python3.8/site-packages:${PYTHONPATH} /usr/bin/python3 setup.py egg_info --egg-base ../../build/abu_package build --build-base /home/poom/abu_ws/build/abu_package/build install --record /home/poom/abu_ws/build/abu_package/install.log --install-scripts $base/lib/abu_package --single-version-externally-managed
