[0.049s] Invoking command in '/home/poom/abu_ws/build/wiimote_msgs': CMAKE_PREFIX_PATH=${CMAKE_PREFIX_PATH}:/home/poom/joy_ws/install/poom:/home/poom/abu_ws/install/abu_package:/opt/ros/foxy /home/poom/.local/bin/cmake --build /home/poom/abu_ws/build/wiimote_msgs -- -j12 -l12
[0.277s] [  2%] Built target wiimote_msgs__cpp
[0.277s] [ 12%] Built target wiimote_msgs__rosidl_generator_c
[0.277s] [ 23%] Built target wiimote_msgs__rosidl_typesupport_c
[0.277s] [ 34%] Built target wiimote_msgs__rosidl_typesupport_introspection_cpp
[0.277s] [ 44%] Built target wiimote_msgs__rosidl_typesupport_fastrtps_cpp
[0.278s] [ 55%] Built target wiimote_msgs__rosidl_typesupport_introspection_c
[0.278s] [ 65%] Built target wiimote_msgs__rosidl_typesupport_cpp
[0.278s] [ 76%] Built target wiimote_msgs__rosidl_typesupport_fastrtps_c
[0.278s] [ 76%] Built target wiimote_msgs
[0.278s] [ 78%] Built target wiimote_msgs__py
[0.278s] [ 87%] Built target wiimote_msgs__python
[0.279s] [100%] Built target wiimote_msgs__rosidl_typesupport_c__pyext
[0.279s] [100%] Built target wiimote_msgs__rosidl_typesupport_fastrtps_c__pyext
[0.279s] [100%] Built target wiimote_msgs__rosidl_typesupport_introspection_c__pyext
[0.286s] Invoked command in '/home/poom/abu_ws/build/wiimote_msgs' returned '0': CMAKE_PREFIX_PATH=${CMAKE_PREFIX_PATH}:/home/poom/joy_ws/install/poom:/home/poom/abu_ws/install/abu_package:/opt/ros/foxy /home/poom/.local/bin/cmake --build /home/poom/abu_ws/build/wiimote_msgs -- -j12 -l12
[0.371s] Invoking command in '/home/poom/abu_ws/build/wiimote_msgs': CMAKE_PREFIX_PATH=${CMAKE_PREFIX_PATH}:/home/poom/joy_ws/install/poom:/home/poom/abu_ws/install/abu_package:/opt/ros/foxy /home/poom/.local/bin/cmake --install /home/poom/abu_ws/build/wiimote_msgs
[0.397s] -- Install configuration: ""
[0.397s] -- Up-to-date: /home/poom/abu_ws/install/wiimote_msgs/share/ament_index/resource_index/rosidl_interfaces/wiimote_msgs
[0.399s] -- Up-to-date: /home/poom/abu_ws/install/wiimote_msgs/include/wiimote_msgs
[0.399s] -- Up-to-date: /home/poom/abu_ws/install/wiimote_msgs/include/wiimote_msgs/msg
[0.399s] -- Up-to-date: /home/poom/abu_ws/install/wiimote_msgs/include/wiimote_msgs/msg/ir_source_info.h
[0.399s] -- Up-to-date: /home/poom/abu_ws/install/wiimote_msgs/include/wiimote_msgs/msg/rosidl_generator_c__visibility_control.h
[0.399s] -- Up-to-date: /home/poom/abu_ws/install/wiimote_msgs/include/wiimote_msgs/msg/detail
[0.399s] -- Up-to-date: /home/poom/abu_ws/install/wiimote_msgs/include/wiimote_msgs/msg/detail/ir_source_info__type_support.h
[0.399s] -- Up-to-date: /home/poom/abu_ws/install/wiimote_msgs/include/wiimote_msgs/msg/detail/timed_switch__functions.h
[0.399s] -- Up-to-date: /home/poom/abu_ws/install/wiimote_msgs/include/wiimote_msgs/msg/detail/timed_switch__functions.c
[0.399s] -- Up-to-date: /home/poom/abu_ws/install/wiimote_msgs/include/wiimote_msgs/msg/detail/state__functions.h
[0.400s] -- Up-to-date: /home/poom/abu_ws/install/wiimote_msgs/include/wiimote_msgs/msg/detail/state__struct.h
[0.400s] -- Up-to-date: /home/poom/abu_ws/install/wiimote_msgs/include/wiimote_msgs/msg/detail/ir_source_info__functions.c
[0.400s] -- Up-to-date: /home/poom/abu_ws/install/wiimote_msgs/include/wiimote_msgs/msg/detail/ir_source_info__struct.h
[0.400s] -- Up-to-date: /home/poom/abu_ws/install/wiimote_msgs/include/wiimote_msgs/msg/detail/state__type_support.h
[0.400s] -- Up-to-date: /home/poom/abu_ws/install/wiimote_msgs/include/wiimote_msgs/msg/detail/timed_switch__struct.h
[0.400s] -- Up-to-date: /home/poom/abu_ws/install/wiimote_msgs/include/wiimote_msgs/msg/detail/ir_source_info__functions.h
[0.400s] -- Up-to-date: /home/poom/abu_ws/install/wiimote_msgs/include/wiimote_msgs/msg/detail/timed_switch__type_support.h
[0.401s] -- Up-to-date: /home/poom/abu_ws/install/wiimote_msgs/include/wiimote_msgs/msg/detail/state__functions.c
[0.401s] -- Up-to-date: /home/poom/abu_ws/install/wiimote_msgs/include/wiimote_msgs/msg/timed_switch.h
[0.401s] -- Up-to-date: /home/poom/abu_ws/install/wiimote_msgs/include/wiimote_msgs/msg/state.h
[0.401s] -- Up-to-date: /home/poom/abu_ws/install/wiimote_msgs/share/wiimote_msgs/environment/library_path.sh
[0.401s] -- Up-to-date: /home/poom/abu_ws/install/wiimote_msgs/share/wiimote_msgs/environment/library_path.dsv
[0.401s] -- Up-to-date: /home/poom/abu_ws/install/wiimote_msgs/lib/libwiimote_msgs__rosidl_generator_c.so
[0.401s] -- Up-to-date: /home/poom/abu_ws/install/wiimote_msgs/include/wiimote_msgs
[0.401s] -- Up-to-date: /home/poom/abu_ws/install/wiimote_msgs/include/wiimote_msgs/msg
[0.401s] -- Up-to-date: /home/poom/abu_ws/install/wiimote_msgs/include/wiimote_msgs/msg/detail
[0.401s] -- Up-to-date: /home/poom/abu_ws/install/wiimote_msgs/include/wiimote_msgs/msg/detail/ir_source_info__rosidl_typesupport_fastrtps_c.h
[0.402s] -- Up-to-date: /home/poom/abu_ws/install/wiimote_msgs/include/wiimote_msgs/msg/detail/state__rosidl_typesupport_fastrtps_c.h
[0.402s] -- Up-to-date: /home/poom/abu_ws/install/wiimote_msgs/include/wiimote_msgs/msg/detail/timed_switch__rosidl_typesupport_fastrtps_c.h
[0.402s] -- Up-to-date: /home/poom/abu_ws/install/wiimote_msgs/include/wiimote_msgs/msg/rosidl_typesupport_fastrtps_c__visibility_control.h
[0.402s] -- Up-to-date: /home/poom/abu_ws/install/wiimote_msgs/lib/libwiimote_msgs__rosidl_typesupport_fastrtps_c.so
[0.402s] -- Up-to-date: /home/poom/abu_ws/install/wiimote_msgs/include/wiimote_msgs
[0.402s] -- Up-to-date: /home/poom/abu_ws/install/wiimote_msgs/include/wiimote_msgs/msg
[0.402s] -- Up-to-date: /home/poom/abu_ws/install/wiimote_msgs/include/wiimote_msgs/msg/detail
[0.403s] -- Up-to-date: /home/poom/abu_ws/install/wiimote_msgs/include/wiimote_msgs/msg/detail/timed_switch__rosidl_typesupport_fastrtps_cpp.hpp
[0.403s] -- Up-to-date: /home/poom/abu_ws/install/wiimote_msgs/include/wiimote_msgs/msg/detail/ir_source_info__rosidl_typesupport_fastrtps_cpp.hpp
[0.403s] -- Up-to-date: /home/poom/abu_ws/install/wiimote_msgs/include/wiimote_msgs/msg/detail/state__rosidl_typesupport_fastrtps_cpp.hpp
[0.403s] -- Up-to-date: /home/poom/abu_ws/install/wiimote_msgs/include/wiimote_msgs/msg/detail/dds_fastrtps
[0.403s] -- Up-to-date: /home/poom/abu_ws/install/wiimote_msgs/include/wiimote_msgs/msg/rosidl_typesupport_fastrtps_cpp__visibility_control.h
[0.403s] -- Up-to-date: /home/poom/abu_ws/install/wiimote_msgs/lib/libwiimote_msgs__rosidl_typesupport_fastrtps_cpp.so
[0.403s] -- Up-to-date: /home/poom/abu_ws/install/wiimote_msgs/include/wiimote_msgs
[0.403s] -- Up-to-date: /home/poom/abu_ws/install/wiimote_msgs/include/wiimote_msgs/msg
[0.403s] -- Up-to-date: /home/poom/abu_ws/install/wiimote_msgs/include/wiimote_msgs/msg/detail
[0.403s] -- Up-to-date: /home/poom/abu_ws/install/wiimote_msgs/include/wiimote_msgs/msg/detail/timed_switch__rosidl_typesupport_introspection_c.h
[0.403s] -- Up-to-date: /home/poom/abu_ws/install/wiimote_msgs/include/wiimote_msgs/msg/detail/state__rosidl_typesupport_introspection_c.h
[0.403s] -- Up-to-date: /home/poom/abu_ws/install/wiimote_msgs/include/wiimote_msgs/msg/detail/timed_switch__type_support.c
[0.403s] -- Up-to-date: /home/poom/abu_ws/install/wiimote_msgs/include/wiimote_msgs/msg/detail/ir_source_info__type_support.c
[0.403s] -- Up-to-date: /home/poom/abu_ws/install/wiimote_msgs/include/wiimote_msgs/msg/detail/ir_source_info__rosidl_typesupport_introspection_c.h
[0.403s] -- Up-to-date: /home/poom/abu_ws/install/wiimote_msgs/include/wiimote_msgs/msg/detail/state__type_support.c
[0.403s] -- Up-to-date: /home/poom/abu_ws/install/wiimote_msgs/include/wiimote_msgs/msg/rosidl_typesupport_introspection_c__visibility_control.h
[0.407s] -- Up-to-date: /home/poom/abu_ws/install/wiimote_msgs/lib/libwiimote_msgs__rosidl_typesupport_introspection_c.so
[0.407s] -- Up-to-date: /home/poom/abu_ws/install/wiimote_msgs/lib/libwiimote_msgs__rosidl_typesupport_c.so
[0.407s] -- Up-to-date: /home/poom/abu_ws/install/wiimote_msgs/include/wiimote_msgs
[0.407s] -- Up-to-date: /home/poom/abu_ws/install/wiimote_msgs/include/wiimote_msgs/msg
[0.407s] -- Up-to-date: /home/poom/abu_ws/install/wiimote_msgs/include/wiimote_msgs/msg/ir_source_info.hpp
[0.407s] -- Up-to-date: /home/poom/abu_ws/install/wiimote_msgs/include/wiimote_msgs/msg/detail
[0.407s] -- Up-to-date: /home/poom/abu_ws/install/wiimote_msgs/include/wiimote_msgs/msg/detail/ir_source_info__traits.hpp
[0.408s] -- Up-to-date: /home/poom/abu_ws/install/wiimote_msgs/include/wiimote_msgs/msg/detail/state__struct.hpp
[0.408s] -- Up-to-date: /home/poom/abu_ws/install/wiimote_msgs/include/wiimote_msgs/msg/detail/ir_source_info__struct.hpp
[0.408s] -- Up-to-date: /home/poom/abu_ws/install/wiimote_msgs/include/wiimote_msgs/msg/detail/ir_source_info__builder.hpp
[0.408s] -- Up-to-date: /home/poom/abu_ws/install/wiimote_msgs/include/wiimote_msgs/msg/detail/timed_switch__struct.hpp
[0.408s] -- Up-to-date: /home/poom/abu_ws/install/wiimote_msgs/include/wiimote_msgs/msg/detail/state__builder.hpp
[0.408s] -- Up-to-date: /home/poom/abu_ws/install/wiimote_msgs/include/wiimote_msgs/msg/detail/state__traits.hpp
[0.408s] -- Up-to-date: /home/poom/abu_ws/install/wiimote_msgs/include/wiimote_msgs/msg/detail/timed_switch__traits.hpp
[0.409s] -- Up-to-date: /home/poom/abu_ws/install/wiimote_msgs/include/wiimote_msgs/msg/detail/timed_switch__builder.hpp
[0.409s] -- Up-to-date: /home/poom/abu_ws/install/wiimote_msgs/include/wiimote_msgs/msg/timed_switch.hpp
[0.409s] -- Up-to-date: /home/poom/abu_ws/install/wiimote_msgs/include/wiimote_msgs/msg/state.hpp
[0.409s] -- Up-to-date: /home/poom/abu_ws/install/wiimote_msgs/include/wiimote_msgs
[0.409s] -- Up-to-date: /home/poom/abu_ws/install/wiimote_msgs/include/wiimote_msgs/msg
[0.409s] -- Up-to-date: /home/poom/abu_ws/install/wiimote_msgs/include/wiimote_msgs/msg/detail
[0.409s] -- Up-to-date: /home/poom/abu_ws/install/wiimote_msgs/include/wiimote_msgs/msg/detail/state__type_support.cpp
[0.409s] -- Up-to-date: /home/poom/abu_ws/install/wiimote_msgs/include/wiimote_msgs/msg/detail/ir_source_info__type_support.cpp
[0.410s] -- Up-to-date: /home/poom/abu_ws/install/wiimote_msgs/include/wiimote_msgs/msg/detail/state__rosidl_typesupport_introspection_cpp.hpp
[0.410s] -- Up-to-date: /home/poom/abu_ws/install/wiimote_msgs/include/wiimote_msgs/msg/detail/ir_source_info__rosidl_typesupport_introspection_cpp.hpp
[0.410s] -- Up-to-date: /home/poom/abu_ws/install/wiimote_msgs/include/wiimote_msgs/msg/detail/timed_switch__type_support.cpp
[0.410s] -- Up-to-date: /home/poom/abu_ws/install/wiimote_msgs/include/wiimote_msgs/msg/detail/timed_switch__rosidl_typesupport_introspection_cpp.hpp
[0.410s] -- Up-to-date: /home/poom/abu_ws/install/wiimote_msgs/lib/libwiimote_msgs__rosidl_typesupport_introspection_cpp.so
[0.410s] -- Up-to-date: /home/poom/abu_ws/install/wiimote_msgs/lib/libwiimote_msgs__rosidl_typesupport_cpp.so
[0.410s] -- Up-to-date: /home/poom/abu_ws/install/wiimote_msgs/share/wiimote_msgs/environment/pythonpath.sh
[0.410s] -- Up-to-date: /home/poom/abu_ws/install/wiimote_msgs/share/wiimote_msgs/environment/pythonpath.dsv
[0.411s] -- Up-to-date: /home/poom/abu_ws/install/wiimote_msgs/lib/python3.8/site-packages/wiimote_msgs/__init__.py
[0.434s] -- Up-to-date: /home/poom/abu_ws/install/wiimote_msgs/lib/python3.8/site-packages/wiimote_msgs/msg
[0.434s] -- Up-to-date: /home/poom/abu_ws/install/wiimote_msgs/lib/python3.8/site-packages/wiimote_msgs/msg/_state_s.c
[0.435s] -- Up-to-date: /home/poom/abu_ws/install/wiimote_msgs/lib/python3.8/site-packages/wiimote_msgs/msg/__init__.py
[0.435s] -- Up-to-date: /home/poom/abu_ws/install/wiimote_msgs/lib/python3.8/site-packages/wiimote_msgs/msg/_timed_switch.py
[0.435s] -- Up-to-date: /home/poom/abu_ws/install/wiimote_msgs/lib/python3.8/site-packages/wiimote_msgs/msg/_timed_switch_s.c
[0.435s] -- Up-to-date: /home/poom/abu_ws/install/wiimote_msgs/lib/python3.8/site-packages/wiimote_msgs/msg/_ir_source_info_s.c
[0.435s] -- Up-to-date: /home/poom/abu_ws/install/wiimote_msgs/lib/python3.8/site-packages/wiimote_msgs/msg/_state.py
[0.435s] -- Up-to-date: /home/poom/abu_ws/install/wiimote_msgs/lib/python3.8/site-packages/wiimote_msgs/msg/_ir_source_info.py
[0.435s] -- Up-to-date: /home/poom/abu_ws/install/wiimote_msgs/lib/python3.8/site-packages/wiimote_msgs/wiimote_msgs_s__rosidl_typesupport_fastrtps_c.cpython-38-x86_64-linux-gnu.so
[0.435s] -- Up-to-date: /home/poom/abu_ws/install/wiimote_msgs/lib/python3.8/site-packages/wiimote_msgs/wiimote_msgs_s__rosidl_typesupport_introspection_c.cpython-38-x86_64-linux-gnu.so
[0.435s] -- Up-to-date: /home/poom/abu_ws/install/wiimote_msgs/lib/python3.8/site-packages/wiimote_msgs/wiimote_msgs_s__rosidl_typesupport_c.cpython-38-x86_64-linux-gnu.so
[0.435s] -- Up-to-date: /home/poom/abu_ws/install/wiimote_msgs/lib/libwiimote_msgs__python.so
[0.436s] -- Up-to-date: /home/poom/abu_ws/install/wiimote_msgs/share/wiimote_msgs/msg/IrSourceInfo.idl
[0.436s] -- Up-to-date: /home/poom/abu_ws/install/wiimote_msgs/share/wiimote_msgs/msg/State.idl
[0.436s] -- Up-to-date: /home/poom/abu_ws/install/wiimote_msgs/share/wiimote_msgs/msg/TimedSwitch.idl
[0.436s] -- Up-to-date: /home/poom/abu_ws/install/wiimote_msgs/share/wiimote_msgs/msg/IrSourceInfo.msg
[0.436s] -- Up-to-date: /home/poom/abu_ws/install/wiimote_msgs/share/wiimote_msgs/msg/State.msg
[0.436s] -- Up-to-date: /home/poom/abu_ws/install/wiimote_msgs/share/wiimote_msgs/msg/TimedSwitch.msg
[0.436s] -- Up-to-date: /home/poom/abu_ws/install/wiimote_msgs/share/ament_index/resource_index/package_run_dependencies/wiimote_msgs
[0.436s] -- Up-to-date: /home/poom/abu_ws/install/wiimote_msgs/share/ament_index/resource_index/parent_prefix_path/wiimote_msgs
[0.436s] -- Up-to-date: /home/poom/abu_ws/install/wiimote_msgs/share/wiimote_msgs/environment/ament_prefix_path.sh
[0.436s] -- Up-to-date: /home/poom/abu_ws/install/wiimote_msgs/share/wiimote_msgs/environment/ament_prefix_path.dsv
[0.436s] -- Up-to-date: /home/poom/abu_ws/install/wiimote_msgs/share/wiimote_msgs/environment/path.sh
[0.437s] -- Up-to-date: /home/poom/abu_ws/install/wiimote_msgs/share/wiimote_msgs/environment/path.dsv
[0.437s] -- Up-to-date: /home/poom/abu_ws/install/wiimote_msgs/share/wiimote_msgs/local_setup.bash
[0.437s] -- Up-to-date: /home/poom/abu_ws/install/wiimote_msgs/share/wiimote_msgs/local_setup.sh
[0.437s] -- Up-to-date: /home/poom/abu_ws/install/wiimote_msgs/share/wiimote_msgs/local_setup.zsh
[0.437s] -- Up-to-date: /home/poom/abu_ws/install/wiimote_msgs/share/wiimote_msgs/local_setup.dsv
[0.437s] -- Installing: /home/poom/abu_ws/install/wiimote_msgs/share/wiimote_msgs/package.dsv
[0.437s] -- Up-to-date: /home/poom/abu_ws/install/wiimote_msgs/share/ament_index/resource_index/packages/wiimote_msgs
[0.437s] -- Up-to-date: /home/poom/abu_ws/install/wiimote_msgs/share/wiimote_msgs/cmake/wiimote_msgs__rosidl_generator_cExport.cmake
[0.437s] -- Up-to-date: /home/poom/abu_ws/install/wiimote_msgs/share/wiimote_msgs/cmake/wiimote_msgs__rosidl_generator_cExport-noconfig.cmake
[0.437s] -- Up-to-date: /home/poom/abu_ws/install/wiimote_msgs/share/wiimote_msgs/cmake/wiimote_msgs__rosidl_typesupport_introspection_cExport.cmake
[0.438s] -- Up-to-date: /home/poom/abu_ws/install/wiimote_msgs/share/wiimote_msgs/cmake/wiimote_msgs__rosidl_typesupport_introspection_cExport-noconfig.cmake
[0.438s] -- Up-to-date: /home/poom/abu_ws/install/wiimote_msgs/share/wiimote_msgs/cmake/wiimote_msgs__rosidl_typesupport_cExport.cmake
[0.438s] -- Up-to-date: /home/poom/abu_ws/install/wiimote_msgs/share/wiimote_msgs/cmake/wiimote_msgs__rosidl_typesupport_cExport-noconfig.cmake
[0.438s] -- Up-to-date: /home/poom/abu_ws/install/wiimote_msgs/share/wiimote_msgs/cmake/wiimote_msgs__rosidl_generator_cppExport.cmake
[0.438s] -- Up-to-date: /home/poom/abu_ws/install/wiimote_msgs/share/wiimote_msgs/cmake/wiimote_msgs__rosidl_typesupport_introspection_cppExport.cmake
[0.438s] -- Up-to-date: /home/poom/abu_ws/install/wiimote_msgs/share/wiimote_msgs/cmake/wiimote_msgs__rosidl_typesupport_introspection_cppExport-noconfig.cmake
[0.438s] -- Up-to-date: /home/poom/abu_ws/install/wiimote_msgs/share/wiimote_msgs/cmake/wiimote_msgs__rosidl_typesupport_cppExport.cmake
[0.438s] -- Up-to-date: /home/poom/abu_ws/install/wiimote_msgs/share/wiimote_msgs/cmake/wiimote_msgs__rosidl_typesupport_cppExport-noconfig.cmake
[0.438s] -- Up-to-date: /home/poom/abu_ws/install/wiimote_msgs/share/wiimote_msgs/cmake/rosidl_cmake-extras.cmake
[0.438s] -- Up-to-date: /home/poom/abu_ws/install/wiimote_msgs/share/wiimote_msgs/cmake/ament_cmake_export_dependencies-extras.cmake
[0.438s] -- Up-to-date: /home/poom/abu_ws/install/wiimote_msgs/share/wiimote_msgs/cmake/ament_cmake_export_libraries-extras.cmake
[0.438s] -- Up-to-date: /home/poom/abu_ws/install/wiimote_msgs/share/wiimote_msgs/cmake/ament_cmake_export_targets-extras.cmake
[0.439s] -- Up-to-date: /home/poom/abu_ws/install/wiimote_msgs/share/wiimote_msgs/cmake/ament_cmake_export_include_directories-extras.cmake
[0.439s] -- Up-to-date: /home/poom/abu_ws/install/wiimote_msgs/share/wiimote_msgs/cmake/rosidl_cmake_export_typesupport_libraries-extras.cmake
[0.439s] -- Up-to-date: /home/poom/abu_ws/install/wiimote_msgs/share/wiimote_msgs/cmake/rosidl_cmake_export_typesupport_targets-extras.cmake
[0.439s] -- Up-to-date: /home/poom/abu_ws/install/wiimote_msgs/share/wiimote_msgs/cmake/wiimote_msgsConfig.cmake
[0.439s] -- Up-to-date: /home/poom/abu_ws/install/wiimote_msgs/share/wiimote_msgs/cmake/wiimote_msgsConfig-version.cmake
[0.439s] -- Up-to-date: /home/poom/abu_ws/install/wiimote_msgs/share/wiimote_msgs/package.xml
[0.443s] Invoked command in '/home/poom/abu_ws/build/wiimote_msgs' returned '0': CMAKE_PREFIX_PATH=${CMAKE_PREFIX_PATH}:/home/poom/joy_ws/install/poom:/home/poom/abu_ws/install/abu_package:/opt/ros/foxy /home/poom/.local/bin/cmake --install /home/poom/abu_ws/build/wiimote_msgs
