[0.015s] Invoking command in '/home/poom/abu_ws/build/wiimote': CMAKE_PREFIX_PATH=/home/poom/abu_ws/install/wiimote_msgs:/home/poom/joy_ws/install/wiimote:/home/poom/joy_ws/install/wiimote_msgs:/home/poom/joy_ws/install/spacenav:/home/poom/joy_ws/install/joy:/home/poom/joy_ws/install/sdl2_vendor:/home/poom/joy_ws/install/joy_linux:/home/poom/abu_ws/install/wiimote:/home/poom/abu_ws/install/spacenav:/home/poom/abu_ws/install/joy:/home/poom/abu_ws/install/sdl2_vendor:/home/poom/abu_ws/install/joy_linux:/home/poom/microros_ws/install/micro_ros_setup:/home/poom/microros_ws/install/micro_ros_agent:/home/poom/microros_ws/install/micro_ros_msgs:/home/poom/orb_ws/install/orb_slam2_ros:/home/poom/joy_ws/install/poom:/home/poom/abu_ws/install/abu_package:/opt/ros/foxy LD_LIBRARY_PATH=/home/poom/abu_ws/install/wiimote_msgs/lib:/home/poom/joy_ws/install/wiimote/lib:/home/poom/joy_ws/install/wiimote_msgs/lib:/home/poom/joy_ws/install/spacenav/lib:/home/poom/joy_ws/install/joy/lib:/home/poom/abu_ws/install/wiimote/lib:/home/poom/abu_ws/install/spacenav/lib:/home/poom/abu_ws/install/joy/lib:/home/poom/microros_ws/install/micro_ros_agent/lib:/home/poom/microros_ws/install/micro_ros_msgs/lib:/home/poom/orb_ws/install/orb_slam2_ros/lib:/opt/ros/foxy/opt/yaml_cpp_vendor/lib:/opt/ros/foxy/opt/rviz_ogre_vendor/lib:/opt/ros/foxy/lib/x86_64-linux-gnu:/opt/ros/foxy/lib PYTHONPATH=/home/poom/abu_ws/install/wiimote_msgs/lib/python3.8/site-packages:/home/poom/joy_ws/install/wiimote_msgs/lib/python3.8/site-packages:/home/poom/joy_ws/install/poom/lib/python3.8/site-packages:/home/poom/abu_ws/install/abu_package/lib/python3.8/site-packages:/home/poom/microros_ws/install/micro_ros_msgs/lib/python3.8/site-packages:/home/poom/orb_ws/install/orb_slam2_ros/lib/python3.8/site-packages:/opt/ros/foxy/lib/python3.8/site-packages /home/poom/.local/bin/cmake --build /home/poom/abu_ws/build/wiimote -- -j12 -l12
[0.058s] [ 44%] Built target wiimote_node
[0.058s] [ 44%] Built target teleop_wiimote_node
[0.063s] [ 77%] Built target wiimote_lib
[0.073s] [100%] Built target teleop_wiimote
[0.082s] Invoked command in '/home/poom/abu_ws/build/wiimote' returned '0': CMAKE_PREFIX_PATH=/home/poom/abu_ws/install/wiimote_msgs:/home/poom/joy_ws/install/wiimote:/home/poom/joy_ws/install/wiimote_msgs:/home/poom/joy_ws/install/spacenav:/home/poom/joy_ws/install/joy:/home/poom/joy_ws/install/sdl2_vendor:/home/poom/joy_ws/install/joy_linux:/home/poom/abu_ws/install/wiimote:/home/poom/abu_ws/install/spacenav:/home/poom/abu_ws/install/joy:/home/poom/abu_ws/install/sdl2_vendor:/home/poom/abu_ws/install/joy_linux:/home/poom/microros_ws/install/micro_ros_setup:/home/poom/microros_ws/install/micro_ros_agent:/home/poom/microros_ws/install/micro_ros_msgs:/home/poom/orb_ws/install/orb_slam2_ros:/home/poom/joy_ws/install/poom:/home/poom/abu_ws/install/abu_package:/opt/ros/foxy LD_LIBRARY_PATH=/home/poom/abu_ws/install/wiimote_msgs/lib:/home/poom/joy_ws/install/wiimote/lib:/home/poom/joy_ws/install/wiimote_msgs/lib:/home/poom/joy_ws/install/spacenav/lib:/home/poom/joy_ws/install/joy/lib:/home/poom/abu_ws/install/wiimote/lib:/home/poom/abu_ws/install/spacenav/lib:/home/poom/abu_ws/install/joy/lib:/home/poom/microros_ws/install/micro_ros_agent/lib:/home/poom/microros_ws/install/micro_ros_msgs/lib:/home/poom/orb_ws/install/orb_slam2_ros/lib:/opt/ros/foxy/opt/yaml_cpp_vendor/lib:/opt/ros/foxy/opt/rviz_ogre_vendor/lib:/opt/ros/foxy/lib/x86_64-linux-gnu:/opt/ros/foxy/lib PYTHONPATH=/home/poom/abu_ws/install/wiimote_msgs/lib/python3.8/site-packages:/home/poom/joy_ws/install/wiimote_msgs/lib/python3.8/site-packages:/home/poom/joy_ws/install/poom/lib/python3.8/site-packages:/home/poom/abu_ws/install/abu_package/lib/python3.8/site-packages:/home/poom/microros_ws/install/micro_ros_msgs/lib/python3.8/site-packages:/home/poom/orb_ws/install/orb_slam2_ros/lib/python3.8/site-packages:/opt/ros/foxy/lib/python3.8/site-packages /home/poom/.local/bin/cmake --build /home/poom/abu_ws/build/wiimote -- -j12 -l12
[0.130s] Invoking command in '/home/poom/abu_ws/build/wiimote': CMAKE_PREFIX_PATH=/home/poom/abu_ws/install/wiimote_msgs:/home/poom/joy_ws/install/wiimote:/home/poom/joy_ws/install/wiimote_msgs:/home/poom/joy_ws/install/spacenav:/home/poom/joy_ws/install/joy:/home/poom/joy_ws/install/sdl2_vendor:/home/poom/joy_ws/install/joy_linux:/home/poom/abu_ws/install/wiimote:/home/poom/abu_ws/install/spacenav:/home/poom/abu_ws/install/joy:/home/poom/abu_ws/install/sdl2_vendor:/home/poom/abu_ws/install/joy_linux:/home/poom/microros_ws/install/micro_ros_setup:/home/poom/microros_ws/install/micro_ros_agent:/home/poom/microros_ws/install/micro_ros_msgs:/home/poom/orb_ws/install/orb_slam2_ros:/home/poom/joy_ws/install/poom:/home/poom/abu_ws/install/abu_package:/opt/ros/foxy LD_LIBRARY_PATH=/home/poom/abu_ws/install/wiimote_msgs/lib:/home/poom/joy_ws/install/wiimote/lib:/home/poom/joy_ws/install/wiimote_msgs/lib:/home/poom/joy_ws/install/spacenav/lib:/home/poom/joy_ws/install/joy/lib:/home/poom/abu_ws/install/wiimote/lib:/home/poom/abu_ws/install/spacenav/lib:/home/poom/abu_ws/install/joy/lib:/home/poom/microros_ws/install/micro_ros_agent/lib:/home/poom/microros_ws/install/micro_ros_msgs/lib:/home/poom/orb_ws/install/orb_slam2_ros/lib:/opt/ros/foxy/opt/yaml_cpp_vendor/lib:/opt/ros/foxy/opt/rviz_ogre_vendor/lib:/opt/ros/foxy/lib/x86_64-linux-gnu:/opt/ros/foxy/lib PYTHONPATH=/home/poom/abu_ws/install/wiimote_msgs/lib/python3.8/site-packages:/home/poom/joy_ws/install/wiimote_msgs/lib/python3.8/site-packages:/home/poom/joy_ws/install/poom/lib/python3.8/site-packages:/home/poom/abu_ws/install/abu_package/lib/python3.8/site-packages:/home/poom/microros_ws/install/micro_ros_msgs/lib/python3.8/site-packages:/home/poom/orb_ws/install/orb_slam2_ros/lib/python3.8/site-packages:/opt/ros/foxy/lib/python3.8/site-packages /home/poom/.local/bin/cmake --install /home/poom/abu_ws/build/wiimote
[0.152s] -- Install configuration: ""
[0.152s] -- Up-to-date: /home/poom/abu_ws/install/wiimote/lib/wiimote/wiimote_node
[0.152s] -- Up-to-date: /home/poom/abu_ws/install/wiimote/lib/wiimote/teleop_wiimote_node
[0.152s] -- Up-to-date: /home/poom/abu_ws/install/wiimote/lib/libwiimote_lib.so
[0.152s] -- Up-to-date: /home/poom/abu_ws/install/wiimote/lib/libteleop_wiimote.so
[0.152s] -- Up-to-date: /home/poom/abu_ws/install/wiimote/include
[0.152s] -- Up-to-date: /home/poom/abu_ws/install/wiimote/include/wiimote
[0.153s] -- Up-to-date: /home/poom/abu_ws/install/wiimote/include/wiimote/stat_vector_3d.hpp
[0.153s] -- Up-to-date: /home/poom/abu_ws/install/wiimote/include/wiimote/teleop_wiimote.hpp
[0.153s] -- Up-to-date: /home/poom/abu_ws/install/wiimote/include/wiimote/wiimote_controller.hpp
[0.153s] -- Up-to-date: /home/poom/abu_ws/install/wiimote/share/wiimote/launch
[0.153s] -- Up-to-date: /home/poom/abu_ws/install/wiimote/share/wiimote/launch/turtlesim.launch.py
[0.153s] -- Up-to-date: /home/poom/abu_ws/install/wiimote/share/wiimote/launch/feedback_test.launch.py
[0.153s] -- Up-to-date: /home/poom/abu_ws/install/wiimote/share/wiimote/launch/wiimote_lifecycle.launch.py
[0.153s] -- Up-to-date: /home/poom/abu_ws/install/wiimote/share/wiimote/config
[0.153s] -- Up-to-date: /home/poom/abu_ws/install/wiimote/share/wiimote/config/wiimote_params.yaml
[0.153s] -- Up-to-date: /home/poom/abu_ws/install/wiimote/share/wiimote/config/teleop_wiimote_params.yaml
[0.153s] -- Up-to-date: /home/poom/abu_ws/install/wiimote/lib/wiimote/wiimote_node
[0.153s] -- Up-to-date: /home/poom/abu_ws/install/wiimote/lib/wiimote/feedback_tester.py
[0.153s] -- Up-to-date: /home/poom/abu_ws/install/wiimote/share/ament_index/resource_index/package_run_dependencies/wiimote
[0.153s] -- Up-to-date: /home/poom/abu_ws/install/wiimote/share/ament_index/resource_index/parent_prefix_path/wiimote
[0.153s] -- Up-to-date: /home/poom/abu_ws/install/wiimote/share/wiimote/environment/ament_prefix_path.sh
[0.153s] -- Up-to-date: /home/poom/abu_ws/install/wiimote/share/wiimote/environment/ament_prefix_path.dsv
[0.153s] -- Up-to-date: /home/poom/abu_ws/install/wiimote/share/wiimote/environment/path.sh
[0.154s] -- Up-to-date: /home/poom/abu_ws/install/wiimote/share/wiimote/environment/path.dsv
[0.154s] -- Up-to-date: /home/poom/abu_ws/install/wiimote/share/wiimote/local_setup.bash
[0.154s] -- Up-to-date: /home/poom/abu_ws/install/wiimote/share/wiimote/local_setup.sh
[0.154s] -- Up-to-date: /home/poom/abu_ws/install/wiimote/share/wiimote/local_setup.zsh
[0.154s] -- Up-to-date: /home/poom/abu_ws/install/wiimote/share/wiimote/local_setup.dsv
[0.154s] -- Installing: /home/poom/abu_ws/install/wiimote/share/wiimote/package.dsv
[0.154s] -- Up-to-date: /home/poom/abu_ws/install/wiimote/share/ament_index/resource_index/packages/wiimote
[0.154s] -- Up-to-date: /home/poom/abu_ws/install/wiimote/share/ament_index/resource_index/rclcpp_components/wiimote
[0.154s] -- Up-to-date: /home/poom/abu_ws/install/wiimote/share/wiimote/cmake/wiimoteConfig.cmake
[0.154s] -- Up-to-date: /home/poom/abu_ws/install/wiimote/share/wiimote/cmake/wiimoteConfig-version.cmake
[0.154s] -- Up-to-date: /home/poom/abu_ws/install/wiimote/share/wiimote/package.xml
[0.157s] Invoked command in '/home/poom/abu_ws/build/wiimote' returned '0': CMAKE_PREFIX_PATH=/home/poom/abu_ws/install/wiimote_msgs:/home/poom/joy_ws/install/wiimote:/home/poom/joy_ws/install/wiimote_msgs:/home/poom/joy_ws/install/spacenav:/home/poom/joy_ws/install/joy:/home/poom/joy_ws/install/sdl2_vendor:/home/poom/joy_ws/install/joy_linux:/home/poom/abu_ws/install/wiimote:/home/poom/abu_ws/install/spacenav:/home/poom/abu_ws/install/joy:/home/poom/abu_ws/install/sdl2_vendor:/home/poom/abu_ws/install/joy_linux:/home/poom/microros_ws/install/micro_ros_setup:/home/poom/microros_ws/install/micro_ros_agent:/home/poom/microros_ws/install/micro_ros_msgs:/home/poom/orb_ws/install/orb_slam2_ros:/home/poom/joy_ws/install/poom:/home/poom/abu_ws/install/abu_package:/opt/ros/foxy LD_LIBRARY_PATH=/home/poom/abu_ws/install/wiimote_msgs/lib:/home/poom/joy_ws/install/wiimote/lib:/home/poom/joy_ws/install/wiimote_msgs/lib:/home/poom/joy_ws/install/spacenav/lib:/home/poom/joy_ws/install/joy/lib:/home/poom/abu_ws/install/wiimote/lib:/home/poom/abu_ws/install/spacenav/lib:/home/poom/abu_ws/install/joy/lib:/home/poom/microros_ws/install/micro_ros_agent/lib:/home/poom/microros_ws/install/micro_ros_msgs/lib:/home/poom/orb_ws/install/orb_slam2_ros/lib:/opt/ros/foxy/opt/yaml_cpp_vendor/lib:/opt/ros/foxy/opt/rviz_ogre_vendor/lib:/opt/ros/foxy/lib/x86_64-linux-gnu:/opt/ros/foxy/lib PYTHONPATH=/home/poom/abu_ws/install/wiimote_msgs/lib/python3.8/site-packages:/home/poom/joy_ws/install/wiimote_msgs/lib/python3.8/site-packages:/home/poom/joy_ws/install/poom/lib/python3.8/site-packages:/home/poom/abu_ws/install/abu_package/lib/python3.8/site-packages:/home/poom/microros_ws/install/micro_ros_msgs/lib/python3.8/site-packages:/home/poom/orb_ws/install/orb_slam2_ros/lib/python3.8/site-packages:/opt/ros/foxy/lib/python3.8/site-packages /home/poom/.local/bin/cmake --install /home/poom/abu_ws/build/wiimote
