[0.053s] Invoking command in '/home/poom/abu_ws/build/sdl2_vendor': CMAKE_PREFIX_PATH=${CMAKE_PREFIX_PATH}:/home/poom/joy_ws/install/poom:/home/poom/abu_ws/install/abu_package:/opt/ros/foxy /home/poom/.local/bin/cmake --build /home/poom/abu_ws/build/sdl2_vendor -- -j12 -l12
[0.291s] Invoked command in '/home/poom/abu_ws/build/sdl2_vendor' returned '0': CMAKE_PREFIX_PATH=${CMAKE_PREFIX_PATH}:/home/poom/joy_ws/install/poom:/home/poom/abu_ws/install/abu_package:/opt/ros/foxy /home/poom/.local/bin/cmake --build /home/poom/abu_ws/build/sdl2_vendor -- -j12 -l12
[0.355s] Invoking command in '/home/poom/abu_ws/build/sdl2_vendor': CMAKE_PREFIX_PATH=${CMAKE_PREFIX_PATH}:/home/poom/joy_ws/install/poom:/home/poom/abu_ws/install/abu_package:/opt/ros/foxy /home/poom/.local/bin/cmake --install /home/poom/abu_ws/build/sdl2_vendor
[0.381s] -- Install configuration: ""
[0.381s] -- Up-to-date: /home/poom/abu_ws/install/sdl2_vendor/share/sdl2_vendor/cmake
[0.381s] -- Up-to-date: /home/poom/abu_ws/install/sdl2_vendor/share/sdl2_vendor/cmake/Modules
[0.382s] -- Up-to-date: /home/poom/abu_ws/install/sdl2_vendor/share/sdl2_vendor/cmake/Modules/Findsdl2_custom.cmake
[0.382s] -- Up-to-date: /home/poom/abu_ws/install/sdl2_vendor/share/ament_index/resource_index/package_run_dependencies/sdl2_vendor
[0.382s] -- Up-to-date: /home/poom/abu_ws/install/sdl2_vendor/share/ament_index/resource_index/parent_prefix_path/sdl2_vendor
[0.382s] -- Up-to-date: /home/poom/abu_ws/install/sdl2_vendor/share/sdl2_vendor/environment/ament_prefix_path.sh
[0.382s] -- Up-to-date: /home/poom/abu_ws/install/sdl2_vendor/share/sdl2_vendor/environment/ament_prefix_path.dsv
[0.382s] -- Up-to-date: /home/poom/abu_ws/install/sdl2_vendor/share/sdl2_vendor/environment/path.sh
[0.382s] -- Up-to-date: /home/poom/abu_ws/install/sdl2_vendor/share/sdl2_vendor/environment/path.dsv
[0.382s] -- Up-to-date: /home/poom/abu_ws/install/sdl2_vendor/share/sdl2_vendor/local_setup.bash
[0.382s] -- Up-to-date: /home/poom/abu_ws/install/sdl2_vendor/share/sdl2_vendor/local_setup.sh
[0.382s] -- Up-to-date: /home/poom/abu_ws/install/sdl2_vendor/share/sdl2_vendor/local_setup.zsh
[0.383s] -- Up-to-date: /home/poom/abu_ws/install/sdl2_vendor/share/sdl2_vendor/local_setup.dsv
[0.383s] -- Up-to-date: /home/poom/abu_ws/install/sdl2_vendor/share/sdl2_vendor/package.dsv
[0.383s] -- Up-to-date: /home/poom/abu_ws/install/sdl2_vendor/share/ament_index/resource_index/packages/sdl2_vendor
[0.383s] -- Up-to-date: /home/poom/abu_ws/install/sdl2_vendor/share/sdl2_vendor/cmake/sdl2_vendor-extras.cmake
[0.383s] -- Up-to-date: /home/poom/abu_ws/install/sdl2_vendor/share/sdl2_vendor/cmake/sdl2_vendorConfig.cmake
[0.383s] -- Up-to-date: /home/poom/abu_ws/install/sdl2_vendor/share/sdl2_vendor/cmake/sdl2_vendorConfig-version.cmake
[0.383s] -- Up-to-date: /home/poom/abu_ws/install/sdl2_vendor/share/sdl2_vendor/package.xml
[0.389s] Invoked command in '/home/poom/abu_ws/build/sdl2_vendor' returned '0': CMAKE_PREFIX_PATH=${CMAKE_PREFIX_PATH}:/home/poom/joy_ws/install/poom:/home/poom/abu_ws/install/abu_package:/opt/ros/foxy /home/poom/.local/bin/cmake --install /home/poom/abu_ws/build/sdl2_vendor
