[0.721s] Invoking command in '/home/poomnuc/abu_ws/src/abu_package': PYTHONPATH=/home/poomnuc/abu_ws/build/abu_package/prefix_override:/home/poomnuc/abu_ws/install/abu_package/lib/python3.8/site-packages:${PYTHONPATH} /usr/bin/python3 setup.py egg_info --egg-base ../../build/abu_package build --build-base /home/poomnuc/abu_ws/build/abu_package/build install --record /home/poomnuc/abu_ws/build/abu_package/install.log --install-scripts $base/lib/abu_package --single-version-externally-managed
[0.946s] running egg_info
[0.947s] writing ../../build/abu_package/abu_package.egg-info/PKG-INFO
[0.947s] writing dependency_links to ../../build/abu_package/abu_package.egg-info/dependency_links.txt
[0.947s] writing entry points to ../../build/abu_package/abu_package.egg-info/entry_points.txt
[0.947s] writing requirements to ../../build/abu_package/abu_package.egg-info/requires.txt
[0.947s] writing top-level names to ../../build/abu_package/abu_package.egg-info/top_level.txt
[0.983s] reading manifest file '../../build/abu_package/abu_package.egg-info/SOURCES.txt'
[0.984s] writing manifest file '../../build/abu_package/abu_package.egg-info/SOURCES.txt'
[0.984s] running build
[0.984s] running build_py
[0.984s] copying abu_package/ps4.py -> /home/poomnuc/abu_ws/build/abu_package/build/lib/abu_package
[0.985s] running install
[0.986s] running install_lib
[0.987s] copying /home/poomnuc/abu_ws/build/abu_package/build/lib/abu_package/ps4.py -> /home/poomnuc/abu_ws/install/abu_package/lib/python3.8/site-packages/abu_package
[0.988s] byte-compiling /home/poomnuc/abu_ws/install/abu_package/lib/python3.8/site-packages/abu_package/ps4.py to ps4.cpython-38.pyc
[0.991s] running install_data
[0.992s] running install_egg_info
[0.994s] removing '/home/poomnuc/abu_ws/install/abu_package/lib/python3.8/site-packages/abu_package-0.0.0-py3.8.egg-info' (and everything under it)
[0.996s] Copying ../../build/abu_package/abu_package.egg-info to /home/poomnuc/abu_ws/install/abu_package/lib/python3.8/site-packages/abu_package-0.0.0-py3.8.egg-info
[0.996s] running install_scripts
[1.017s] Installing color_node script to /home/poomnuc/abu_ws/install/abu_package/lib/abu_package
[1.017s] Installing drive_node script to /home/poomnuc/abu_ws/install/abu_package/lib/abu_package
[1.017s] Installing feed_node script to /home/poomnuc/abu_ws/install/abu_package/lib/abu_package
[1.017s] Installing shoot_node script to /home/poomnuc/abu_ws/install/abu_package/lib/abu_package
[1.017s] writing list of installed files to '/home/poomnuc/abu_ws/build/abu_package/install.log'
[1.043s] Invoked command in '/home/poomnuc/abu_ws/src/abu_package' returned '0': PYTHONPATH=/home/poomnuc/abu_ws/build/abu_package/prefix_override:/home/poomnuc/abu_ws/install/abu_package/lib/python3.8/site-packages:${PYTHONPATH} /usr/bin/python3 setup.py egg_info --egg-base ../../build/abu_package build --build-base /home/poomnuc/abu_ws/build/abu_package/build install --record /home/poomnuc/abu_ws/build/abu_package/install.log --install-scripts $base/lib/abu_package --single-version-externally-managed
