[0.239s] Invoking command in '/home/poom/abu_ws/build/joy_linux': CMAKE_PREFIX_PATH=${CMAKE_PREFIX_PATH}:/home/poom/joy_ws/install/poom:/home/poom/abu_ws/install/abu_package:/opt/ros/foxy /home/poom/.local/bin/cmake --build /home/poom/abu_ws/build/joy_linux -- -j12 -l12
[0.277s] [100%] Built target joy_linux_node
[0.318s] Invoked command in '/home/poom/abu_ws/build/joy_linux' returned '0': CMAKE_PREFIX_PATH=${CMAKE_PREFIX_PATH}:/home/poom/joy_ws/install/poom:/home/poom/abu_ws/install/abu_package:/opt/ros/foxy /home/poom/.local/bin/cmake --build /home/poom/abu_ws/build/joy_linux -- -j12 -l12
[0.380s] Invoking command in '/home/poom/abu_ws/build/joy_linux': CMAKE_PREFIX_PATH=${CMAKE_PREFIX_PATH}:/home/poom/joy_ws/install/poom:/home/poom/abu_ws/install/abu_package:/opt/ros/foxy /home/poom/.local/bin/cmake --install /home/poom/abu_ws/build/joy_linux
[0.402s] -- Install configuration: ""
[0.403s] -- Up-to-date: /home/poom/abu_ws/install/joy_linux/lib/joy_linux/joy_linux_node
[0.403s] -- Up-to-date: /home/poom/abu_ws/install/joy_linux/share/ament_index/resource_index/package_run_dependencies/joy_linux
[0.403s] -- Up-to-date: /home/poom/abu_ws/install/joy_linux/share/ament_index/resource_index/parent_prefix_path/joy_linux
[0.403s] -- Up-to-date: /home/poom/abu_ws/install/joy_linux/share/joy_linux/environment/ament_prefix_path.sh
[0.403s] -- Up-to-date: /home/poom/abu_ws/install/joy_linux/share/joy_linux/environment/ament_prefix_path.dsv
[0.403s] -- Up-to-date: /home/poom/abu_ws/install/joy_linux/share/joy_linux/environment/path.sh
[0.403s] -- Up-to-date: /home/poom/abu_ws/install/joy_linux/share/joy_linux/environment/path.dsv
[0.403s] -- Up-to-date: /home/poom/abu_ws/install/joy_linux/share/joy_linux/local_setup.bash
[0.404s] -- Up-to-date: /home/poom/abu_ws/install/joy_linux/share/joy_linux/local_setup.sh
[0.404s] -- Up-to-date: /home/poom/abu_ws/install/joy_linux/share/joy_linux/local_setup.zsh
[0.404s] -- Up-to-date: /home/poom/abu_ws/install/joy_linux/share/joy_linux/local_setup.dsv
[0.404s] -- Installing: /home/poom/abu_ws/install/joy_linux/share/joy_linux/package.dsv
[0.404s] -- Up-to-date: /home/poom/abu_ws/install/joy_linux/share/ament_index/resource_index/packages/joy_linux
[0.404s] -- Up-to-date: /home/poom/abu_ws/install/joy_linux/share/joy_linux/cmake/joy_linuxConfig.cmake
[0.405s] -- Up-to-date: /home/poom/abu_ws/install/joy_linux/share/joy_linux/cmake/joy_linuxConfig-version.cmake
[0.405s] -- Up-to-date: /home/poom/abu_ws/install/joy_linux/share/joy_linux/package.xml
[0.426s] Invoked command in '/home/poom/abu_ws/build/joy_linux' returned '0': CMAKE_PREFIX_PATH=${CMAKE_PREFIX_PATH}:/home/poom/joy_ws/install/poom:/home/poom/abu_ws/install/abu_package:/opt/ros/foxy /home/poom/.local/bin/cmake --install /home/poom/abu_ws/build/joy_linux
