running egg_info
creating ../../build/abu_package/abu_package.egg-info
writing ../../build/abu_package/abu_package.egg-info/PKG-INFO
writing dependency_links to ../../build/abu_package/abu_package.egg-info/dependency_links.txt
writing entry points to ../../build/abu_package/abu_package.egg-info/entry_points.txt
writing requirements to ../../build/abu_package/abu_package.egg-info/requires.txt
writing top-level names to ../../build/abu_package/abu_package.egg-info/top_level.txt
writing manifest file '../../build/abu_package/abu_package.egg-info/SOURCES.txt'
reading manifest file '../../build/abu_package/abu_package.egg-info/SOURCES.txt'
writing manifest file '../../build/abu_package/abu_package.egg-info/SOURCES.txt'
running build
running build_py
creating /home/poom/abu_ws/build/abu_package/build
creating /home/poom/abu_ws/build/abu_package/build/lib
creating /home/poom/abu_ws/build/abu_package/build/lib/abu_package
copying abu_package/feed.py -> /home/poom/abu_ws/build/abu_package/build/lib/abu_package
copying abu_package/__init__.py -> /home/poom/abu_ws/build/abu_package/build/lib/abu_package
copying abu_package/shoot.py -> /home/poom/abu_ws/build/abu_package/build/lib/abu_package
copying abu_package/ps4.py -> /home/poom/abu_ws/build/abu_package/build/lib/abu_package
copying abu_package/my_node.py -> /home/poom/abu_ws/build/abu_package/build/lib/abu_package
running install
running install_lib
creating /home/poom/abu_ws/install/abu_package/lib/python3.8/site-packages/abu_package
copying /home/poom/abu_ws/build/abu_package/build/lib/abu_package/feed.py -> /home/poom/abu_ws/install/abu_package/lib/python3.8/site-packages/abu_package
copying /home/poom/abu_ws/build/abu_package/build/lib/abu_package/__init__.py -> /home/poom/abu_ws/install/abu_package/lib/python3.8/site-packages/abu_package
copying /home/poom/abu_ws/build/abu_package/build/lib/abu_package/shoot.py -> /home/poom/abu_ws/install/abu_package/lib/python3.8/site-packages/abu_package
copying /home/poom/abu_ws/build/abu_package/build/lib/abu_package/ps4.py -> /home/poom/abu_ws/install/abu_package/lib/python3.8/site-packages/abu_package
copying /home/poom/abu_ws/build/abu_package/build/lib/abu_package/my_node.py -> /home/poom/abu_ws/install/abu_package/lib/python3.8/site-packages/abu_package
byte-compiling /home/poom/abu_ws/install/abu_package/lib/python3.8/site-packages/abu_package/feed.py to feed.cpython-38.pyc
byte-compiling /home/poom/abu_ws/install/abu_package/lib/python3.8/site-packages/abu_package/__init__.py to __init__.cpython-38.pyc
byte-compiling /home/poom/abu_ws/install/abu_package/lib/python3.8/site-packages/abu_package/shoot.py to shoot.cpython-38.pyc
byte-compiling /home/poom/abu_ws/install/abu_package/lib/python3.8/site-packages/abu_package/ps4.py to ps4.cpython-38.pyc
byte-compiling /home/poom/abu_ws/install/abu_package/lib/python3.8/site-packages/abu_package/my_node.py to my_node.cpython-38.pyc
running install_data
creating /home/poom/abu_ws/install/abu_package/share/ament_index
creating /home/poom/abu_ws/install/abu_package/share/ament_index/resource_index
creating /home/poom/abu_ws/install/abu_package/share/ament_index/resource_index/packages
copying resource/abu_package -> /home/poom/abu_ws/install/abu_package/share/ament_index/resource_index/packages
copying package.xml -> /home/poom/abu_ws/install/abu_package/share/abu_package
copying launch/chang.launch.py -> /home/poom/abu_ws/install/abu_package/share/abu_package
running install_egg_info
Copying ../../build/abu_package/abu_package.egg-info to /home/poom/abu_ws/install/abu_package/lib/python3.8/site-packages/abu_package-0.0.0-py3.8.egg-info
running install_scripts
Installing drive_node script to /home/poom/abu_ws/install/abu_package/lib/abu_package
Installing feed_node script to /home/poom/abu_ws/install/abu_package/lib/abu_package
Installing shoot_node script to /home/poom/abu_ws/install/abu_package/lib/abu_package
writing list of installed files to '/home/poom/abu_ws/build/abu_package/install.log'
