[0.579s] Invoking command in '/home/poomnuc/abu_ws/src/abu_package': PYTHONPATH=/home/poomnuc/abu_ws/build/abu_package/prefix_override:/home/poomnuc/abu_ws/install/abu_package/lib/python3.8/site-packages:${PYTHONPATH} /usr/bin/python3 setup.py egg_info --egg-base ../../build/abu_package build --build-base /home/poomnuc/abu_ws/build/abu_package/build install --record /home/poomnuc/abu_ws/build/abu_package/install.log --install-scripts $base/lib/abu_package --single-version-externally-managed
[0.770s] running egg_info
[0.770s] writing ../../build/abu_package/abu_package.egg-info/PKG-INFO
[0.770s] writing dependency_links to ../../build/abu_package/abu_package.egg-info/dependency_links.txt
[0.770s] writing entry points to ../../build/abu_package/abu_package.egg-info/entry_points.txt
[0.771s] writing requirements to ../../build/abu_package/abu_package.egg-info/requires.txt
[0.771s] writing top-level names to ../../build/abu_package/abu_package.egg-info/top_level.txt
[0.802s] reading manifest file '../../build/abu_package/abu_package.egg-info/SOURCES.txt'
[0.803s] writing manifest file '../../build/abu_package/abu_package.egg-info/SOURCES.txt'
[0.803s] running build
[0.803s] running build_py
[0.804s] copying abu_package/ps4.py -> /home/poomnuc/abu_ws/build/abu_package/build/lib/abu_package
[0.804s] running install
[0.805s] running install_lib
[0.806s] copying /home/poomnuc/abu_ws/build/abu_package/build/lib/abu_package/ps4.py -> /home/poomnuc/abu_ws/install/abu_package/lib/python3.8/site-packages/abu_package
[0.806s] byte-compiling /home/poomnuc/abu_ws/install/abu_package/lib/python3.8/site-packages/abu_package/ps4.py to ps4.cpython-38.pyc
[0.811s] running install_data
[0.812s] running install_egg_info
[0.813s] removing '/home/poomnuc/abu_ws/install/abu_package/lib/python3.8/site-packages/abu_package-0.0.0-py3.8.egg-info' (and everything under it)
[0.813s] Copying ../../build/abu_package/abu_package.egg-info to /home/poomnuc/abu_ws/install/abu_package/lib/python3.8/site-packages/abu_package-0.0.0-py3.8.egg-info
[0.814s] running install_scripts
[0.829s] Installing color_node script to /home/poomnuc/abu_ws/install/abu_package/lib/abu_package
[0.829s] Installing drive_node script to /home/poomnuc/abu_ws/install/abu_package/lib/abu_package
[0.829s] Installing feed_node script to /home/poomnuc/abu_ws/install/abu_package/lib/abu_package
[0.830s] Installing imu_node script to /home/poomnuc/abu_ws/install/abu_package/lib/abu_package
[0.830s] Installing shoot_node script to /home/poomnuc/abu_ws/install/abu_package/lib/abu_package
[0.830s] writing list of installed files to '/home/poomnuc/abu_ws/build/abu_package/install.log'
[0.850s] Invoked command in '/home/poomnuc/abu_ws/src/abu_package' returned '0': PYTHONPATH=/home/poomnuc/abu_ws/build/abu_package/prefix_override:/home/poomnuc/abu_ws/install/abu_package/lib/python3.8/site-packages:${PYTHONPATH} /usr/bin/python3 setup.py egg_info --egg-base ../../build/abu_package build --build-base /home/poomnuc/abu_ws/build/abu_package/build install --record /home/poomnuc/abu_ws/build/abu_package/install.log --install-scripts $base/lib/abu_package --single-version-externally-managed
