[0.254s] Invoking command in '/home/poom/abu_ws/build/spacenav': CMAKE_PREFIX_PATH=${CMAKE_PREFIX_PATH}:/home/poom/joy_ws/install/poom:/home/poom/abu_ws/install/abu_package:/opt/ros/foxy /home/poom/.local/bin/cmake --build /home/poom/abu_ws/build/spacenav -- -j12 -l12
[0.303s] [ 50%] Built target spacenav_node
[0.304s] [100%] Built target spacenav
[0.333s] Invoked command in '/home/poom/abu_ws/build/spacenav' returned '0': CMAKE_PREFIX_PATH=${CMAKE_PREFIX_PATH}:/home/poom/joy_ws/install/poom:/home/poom/abu_ws/install/abu_package:/opt/ros/foxy /home/poom/.local/bin/cmake --build /home/poom/abu_ws/build/spacenav -- -j12 -l12
[0.394s] Invoking command in '/home/poom/abu_ws/build/spacenav': CMAKE_PREFIX_PATH=${CMAKE_PREFIX_PATH}:/home/poom/joy_ws/install/poom:/home/poom/abu_ws/install/abu_package:/opt/ros/foxy /home/poom/.local/bin/cmake --install /home/poom/abu_ws/build/spacenav
[0.417s] -- Install configuration: ""
[0.417s] -- Up-to-date: /home/poom/abu_ws/install/spacenav/lib/spacenav/libspacenav.so
[0.417s] -- Up-to-date: /home/poom/abu_ws/install/spacenav/share/spacenav//launch
[0.417s] -- Up-to-date: /home/poom/abu_ws/install/spacenav/share/spacenav//launch/static_deadband-launch.py
[0.417s] -- Up-to-date: /home/poom/abu_ws/install/spacenav/share/spacenav//launch/classic-launch.py
[0.418s] -- Up-to-date: /home/poom/abu_ws/install/spacenav/share/spacenav//launch/no_deadband-launch.py
[0.418s] -- Up-to-date: /home/poom/abu_ws/install/spacenav/lib/spacenav/spacenav_node
[0.421s] -- Up-to-date: /home/poom/abu_ws/install/spacenav/lib/libspacenav.so
[0.421s] -- Up-to-date: /home/poom/abu_ws/install/spacenav/share/ament_index/resource_index/package_run_dependencies/spacenav
[0.421s] -- Up-to-date: /home/poom/abu_ws/install/spacenav/share/ament_index/resource_index/parent_prefix_path/spacenav
[0.421s] -- Up-to-date: /home/poom/abu_ws/install/spacenav/share/spacenav/environment/ament_prefix_path.sh
[0.421s] -- Up-to-date: /home/poom/abu_ws/install/spacenav/share/spacenav/environment/ament_prefix_path.dsv
[0.421s] -- Up-to-date: /home/poom/abu_ws/install/spacenav/share/spacenav/environment/path.sh
[0.421s] -- Up-to-date: /home/poom/abu_ws/install/spacenav/share/spacenav/environment/path.dsv
[0.421s] -- Up-to-date: /home/poom/abu_ws/install/spacenav/share/spacenav/local_setup.bash
[0.421s] -- Up-to-date: /home/poom/abu_ws/install/spacenav/share/spacenav/local_setup.sh
[0.421s] -- Up-to-date: /home/poom/abu_ws/install/spacenav/share/spacenav/local_setup.zsh
[0.421s] -- Up-to-date: /home/poom/abu_ws/install/spacenav/share/spacenav/local_setup.dsv
[0.422s] -- Installing: /home/poom/abu_ws/install/spacenav/share/spacenav/package.dsv
[0.422s] -- Up-to-date: /home/poom/abu_ws/install/spacenav/share/ament_index/resource_index/packages/spacenav
[0.422s] -- Up-to-date: /home/poom/abu_ws/install/spacenav/share/ament_index/resource_index/rclcpp_components/spacenav
[0.422s] -- Up-to-date: /home/poom/abu_ws/install/spacenav/share/spacenav/cmake/spacenavConfig.cmake
[0.422s] -- Up-to-date: /home/poom/abu_ws/install/spacenav/share/spacenav/cmake/spacenavConfig-version.cmake
[0.422s] -- Up-to-date: /home/poom/abu_ws/install/spacenav/share/spacenav/package.xml
[0.459s] Invoked command in '/home/poom/abu_ws/build/spacenav' returned '0': CMAKE_PREFIX_PATH=${CMAKE_PREFIX_PATH}:/home/poom/joy_ws/install/poom:/home/poom/abu_ws/install/abu_package:/opt/ros/foxy /home/poom/.local/bin/cmake --install /home/poom/abu_ws/build/spacenav
