[0.257s] DEBUG:colcon:Command line arguments: ['/usr/bin/colcon', 'build']
[0.257s] DEBUG:colcon:Parsed command line arguments: Namespace(allow_overriding=[], ament_cmake_args=None, base_paths=['.'], build_base='build', catkin_cmake_args=None, catkin_skip_building_tests=False, cmake_args=None, cmake_clean_cache=False, cmake_clean_first=False, cmake_force_configure=False, cmake_target=None, cmake_target_skip_unavailable=False, continue_on_error=False, event_handlers=None, executor='parallel', ignore_user_meta=False, install_base='install', log_base=None, log_level=None, main=<bound method BuildVerb.main of <colcon_core.verb.build.BuildVerb object at 0x7fef991682e0>>, merge_install=False, metas=['./colcon.meta'], packages_above=None, packages_above_and_dependencies=None, packages_above_depth=None, packages_end=None, packages_ignore=None, packages_ignore_regex=None, packages_select=None, packages_select_build_failed=False, packages_select_by_dep=None, packages_select_regex=None, packages_select_test_failures=False, packages_skip=None, packages_skip_build_finished=False, packages_skip_by_dep=None, packages_skip_regex=None, packages_skip_test_passed=False, packages_skip_up_to=None, packages_start=None, packages_up_to=None, packages_up_to_regex=None, parallel_workers=12, paths=None, symlink_install=False, test_result_base=None, verb_extension=<colcon_core.verb.build.BuildVerb object at 0x7fef991682e0>, verb_name='build', verb_parser=<colcon_defaults.argument_parser.defaults.DefaultArgumentsDecorator object at 0x7fef99168820>)
[0.285s] Level 1:colcon.colcon_core.package_discovery:discover_packages(colcon_meta) check parameters
[0.285s] Level 1:colcon.colcon_core.package_discovery:discover_packages(recursive) check parameters
[0.285s] Level 1:colcon.colcon_core.package_discovery:discover_packages(ignore) check parameters
[0.285s] Level 1:colcon.colcon_core.package_discovery:discover_packages(path) check parameters
[0.285s] Level 1:colcon.colcon_core.package_discovery:discover_packages(colcon_meta) discover
[0.285s] Level 1:colcon.colcon_core.package_discovery:discover_packages(recursive) discover
[0.285s] INFO:colcon.colcon_core.package_discovery:Crawling recursively for packages in '/home/poom/abu_ws'
[0.285s] Level 1:colcon.colcon_core.package_identification:_identify(.) by extensions ['ignore', 'ignore_ament_install']
[0.286s] Level 1:colcon.colcon_core.package_identification:_identify(.) by extension 'ignore'
[0.286s] Level 1:colcon.colcon_core.package_identification:_identify(.) by extension 'ignore_ament_install'
[0.286s] Level 1:colcon.colcon_core.package_identification:_identify(.) by extensions ['colcon_pkg']
[0.286s] Level 1:colcon.colcon_core.package_identification:_identify(.) by extension 'colcon_pkg'
[0.286s] Level 1:colcon.colcon_core.package_identification:_identify(.) by extensions ['colcon_meta']
[0.286s] Level 1:colcon.colcon_core.package_identification:_identify(.) by extension 'colcon_meta'
[0.286s] Level 1:colcon.colcon_core.package_identification:_identify(.) by extensions ['ros']
[0.286s] Level 1:colcon.colcon_core.package_identification:_identify(.) by extension 'ros'
[0.294s] Level 1:colcon.colcon_core.package_identification:_identify(.) by extensions ['cmake', 'python']
[0.294s] Level 1:colcon.colcon_core.package_identification:_identify(.) by extension 'cmake'
[0.294s] Level 1:colcon.colcon_core.package_identification:_identify(.) by extension 'python'
[0.294s] Level 1:colcon.colcon_core.package_identification:_identify(.) by extensions ['python_setup_py']
[0.294s] Level 1:colcon.colcon_core.package_identification:_identify(.) by extension 'python_setup_py'
[0.294s] Level 1:colcon.colcon_core.package_identification:_identify(ABU_2) by extensions ['ignore', 'ignore_ament_install']
[0.294s] Level 1:colcon.colcon_core.package_identification:_identify(ABU_2) by extension 'ignore'
[0.294s] Level 1:colcon.colcon_core.package_identification:_identify(ABU_2) by extension 'ignore_ament_install'
[0.294s] Level 1:colcon.colcon_core.package_identification:_identify(ABU_2) by extensions ['colcon_pkg']
[0.294s] Level 1:colcon.colcon_core.package_identification:_identify(ABU_2) by extension 'colcon_pkg'
[0.294s] Level 1:colcon.colcon_core.package_identification:_identify(ABU_2) by extensions ['colcon_meta']
[0.294s] Level 1:colcon.colcon_core.package_identification:_identify(ABU_2) by extension 'colcon_meta'
[0.294s] Level 1:colcon.colcon_core.package_identification:_identify(ABU_2) by extensions ['ros']
[0.294s] Level 1:colcon.colcon_core.package_identification:_identify(ABU_2) by extension 'ros'
[0.295s] Level 1:colcon.colcon_core.package_identification:_identify(ABU_2) by extensions ['cmake', 'python']
[0.295s] Level 1:colcon.colcon_core.package_identification:_identify(ABU_2) by extension 'cmake'
[0.295s] Level 1:colcon.colcon_core.package_identification:_identify(ABU_2) by extension 'python'
[0.295s] Level 1:colcon.colcon_core.package_identification:_identify(ABU_2) by extensions ['python_setup_py']
[0.295s] Level 1:colcon.colcon_core.package_identification:_identify(ABU_2) by extension 'python_setup_py'
[0.295s] Level 1:colcon.colcon_core.package_identification:_identify(build) by extensions ['ignore', 'ignore_ament_install']
[0.295s] Level 1:colcon.colcon_core.package_identification:_identify(build) by extension 'ignore'
[0.295s] Level 1:colcon.colcon_core.package_identification:_identify(build) ignored
[0.295s] Level 1:colcon.colcon_core.package_identification:_identify(install) by extensions ['ignore', 'ignore_ament_install']
[0.295s] Level 1:colcon.colcon_core.package_identification:_identify(install) by extension 'ignore'
[0.295s] Level 1:colcon.colcon_core.package_identification:_identify(install) ignored
[0.295s] Level 1:colcon.colcon_core.package_identification:_identify(log) by extensions ['ignore', 'ignore_ament_install']
[0.295s] Level 1:colcon.colcon_core.package_identification:_identify(log) by extension 'ignore'
[0.295s] Level 1:colcon.colcon_core.package_identification:_identify(log) ignored
[0.295s] Level 1:colcon.colcon_core.package_identification:_identify(src) by extensions ['ignore', 'ignore_ament_install']
[0.295s] Level 1:colcon.colcon_core.package_identification:_identify(src) by extension 'ignore'
[0.295s] Level 1:colcon.colcon_core.package_identification:_identify(src) by extension 'ignore_ament_install'
[0.295s] Level 1:colcon.colcon_core.package_identification:_identify(src) by extensions ['colcon_pkg']
[0.295s] Level 1:colcon.colcon_core.package_identification:_identify(src) by extension 'colcon_pkg'
[0.295s] Level 1:colcon.colcon_core.package_identification:_identify(src) by extensions ['colcon_meta']
[0.295s] Level 1:colcon.colcon_core.package_identification:_identify(src) by extension 'colcon_meta'
[0.295s] Level 1:colcon.colcon_core.package_identification:_identify(src) by extensions ['ros']
[0.296s] Level 1:colcon.colcon_core.package_identification:_identify(src) by extension 'ros'
[0.296s] Level 1:colcon.colcon_core.package_identification:_identify(src) by extensions ['cmake', 'python']
[0.296s] Level 1:colcon.colcon_core.package_identification:_identify(src) by extension 'cmake'
[0.296s] Level 1:colcon.colcon_core.package_identification:_identify(src) by extension 'python'
[0.296s] Level 1:colcon.colcon_core.package_identification:_identify(src) by extensions ['python_setup_py']
[0.296s] Level 1:colcon.colcon_core.package_identification:_identify(src) by extension 'python_setup_py'
[0.296s] Level 1:colcon.colcon_core.package_identification:_identify(src/abu_package) by extensions ['ignore', 'ignore_ament_install']
[0.296s] Level 1:colcon.colcon_core.package_identification:_identify(src/abu_package) by extension 'ignore'
[0.296s] Level 1:colcon.colcon_core.package_identification:_identify(src/abu_package) by extension 'ignore_ament_install'
[0.296s] Level 1:colcon.colcon_core.package_identification:_identify(src/abu_package) by extensions ['colcon_pkg']
[0.296s] Level 1:colcon.colcon_core.package_identification:_identify(src/abu_package) by extension 'colcon_pkg'
[0.296s] Level 1:colcon.colcon_core.package_identification:_identify(src/abu_package) by extensions ['colcon_meta']
[0.296s] Level 1:colcon.colcon_core.package_identification:_identify(src/abu_package) by extension 'colcon_meta'
[0.296s] Level 1:colcon.colcon_core.package_identification:_identify(src/abu_package) by extensions ['ros']
[0.296s] Level 1:colcon.colcon_core.package_identification:_identify(src/abu_package) by extension 'ros'
[0.298s] DEBUG:colcon.colcon_core.package_identification:Package 'src/abu_package' with type 'ros.ament_python' and name 'abu_package'
[0.298s] Level 1:colcon.colcon_core.package_identification:_identify(src/joystick_drivers) by extensions ['ignore', 'ignore_ament_install']
[0.298s] Level 1:colcon.colcon_core.package_identification:_identify(src/joystick_drivers) by extension 'ignore'
[0.298s] Level 1:colcon.colcon_core.package_identification:_identify(src/joystick_drivers) by extension 'ignore_ament_install'
[0.298s] Level 1:colcon.colcon_core.package_identification:_identify(src/joystick_drivers) by extensions ['colcon_pkg']
[0.298s] Level 1:colcon.colcon_core.package_identification:_identify(src/joystick_drivers) by extension 'colcon_pkg'
[0.298s] Level 1:colcon.colcon_core.package_identification:_identify(src/joystick_drivers) by extensions ['colcon_meta']
[0.298s] Level 1:colcon.colcon_core.package_identification:_identify(src/joystick_drivers) by extension 'colcon_meta'
[0.298s] Level 1:colcon.colcon_core.package_identification:_identify(src/joystick_drivers) by extensions ['ros']
[0.298s] Level 1:colcon.colcon_core.package_identification:_identify(src/joystick_drivers) by extension 'ros'
[0.298s] Level 1:colcon.colcon_core.package_identification:_identify(src/joystick_drivers) by extensions ['cmake', 'python']
[0.298s] Level 1:colcon.colcon_core.package_identification:_identify(src/joystick_drivers) by extension 'cmake'
[0.298s] Level 1:colcon.colcon_core.package_identification:_identify(src/joystick_drivers) by extension 'python'
[0.298s] Level 1:colcon.colcon_core.package_identification:_identify(src/joystick_drivers) by extensions ['python_setup_py']
[0.298s] Level 1:colcon.colcon_core.package_identification:_identify(src/joystick_drivers) by extension 'python_setup_py'
[0.298s] Level 1:colcon.colcon_core.package_identification:_identify(src/joystick_drivers/joy) by extensions ['ignore', 'ignore_ament_install']
[0.298s] Level 1:colcon.colcon_core.package_identification:_identify(src/joystick_drivers/joy) by extension 'ignore'
[0.299s] Level 1:colcon.colcon_core.package_identification:_identify(src/joystick_drivers/joy) by extension 'ignore_ament_install'
[0.299s] Level 1:colcon.colcon_core.package_identification:_identify(src/joystick_drivers/joy) by extensions ['colcon_pkg']
[0.299s] Level 1:colcon.colcon_core.package_identification:_identify(src/joystick_drivers/joy) by extension 'colcon_pkg'
[0.299s] Level 1:colcon.colcon_core.package_identification:_identify(src/joystick_drivers/joy) by extensions ['colcon_meta']
[0.299s] Level 1:colcon.colcon_core.package_identification:_identify(src/joystick_drivers/joy) by extension 'colcon_meta'
[0.299s] Level 1:colcon.colcon_core.package_identification:_identify(src/joystick_drivers/joy) by extensions ['ros']
[0.299s] Level 1:colcon.colcon_core.package_identification:_identify(src/joystick_drivers/joy) by extension 'ros'
[0.299s] DEBUG:colcon.colcon_core.package_identification:Package 'src/joystick_drivers/joy' with type 'ros.ament_cmake' and name 'joy'
[0.299s] Level 1:colcon.colcon_core.package_identification:_identify(src/joystick_drivers/joy_linux) by extensions ['ignore', 'ignore_ament_install']
[0.299s] Level 1:colcon.colcon_core.package_identification:_identify(src/joystick_drivers/joy_linux) by extension 'ignore'
[0.300s] Level 1:colcon.colcon_core.package_identification:_identify(src/joystick_drivers/joy_linux) by extension 'ignore_ament_install'
[0.300s] Level 1:colcon.colcon_core.package_identification:_identify(src/joystick_drivers/joy_linux) by extensions ['colcon_pkg']
[0.300s] Level 1:colcon.colcon_core.package_identification:_identify(src/joystick_drivers/joy_linux) by extension 'colcon_pkg'
[0.300s] Level 1:colcon.colcon_core.package_identification:_identify(src/joystick_drivers/joy_linux) by extensions ['colcon_meta']
[0.300s] Level 1:colcon.colcon_core.package_identification:_identify(src/joystick_drivers/joy_linux) by extension 'colcon_meta'
[0.300s] Level 1:colcon.colcon_core.package_identification:_identify(src/joystick_drivers/joy_linux) by extensions ['ros']
[0.300s] Level 1:colcon.colcon_core.package_identification:_identify(src/joystick_drivers/joy_linux) by extension 'ros'
[0.300s] DEBUG:colcon.colcon_core.package_identification:Package 'src/joystick_drivers/joy_linux' with type 'ros.ament_cmake' and name 'joy_linux'
[0.300s] Level 1:colcon.colcon_core.package_identification:_identify(src/joystick_drivers/joystick_drivers) by extensions ['ignore', 'ignore_ament_install']
[0.301s] Level 1:colcon.colcon_core.package_identification:_identify(src/joystick_drivers/joystick_drivers) by extension 'ignore'
[0.301s] Level 1:colcon.colcon_core.package_identification:_identify(src/joystick_drivers/joystick_drivers) by extension 'ignore_ament_install'
[0.301s] Level 1:colcon.colcon_core.package_identification:_identify(src/joystick_drivers/joystick_drivers) by extensions ['colcon_pkg']
[0.301s] Level 1:colcon.colcon_core.package_identification:_identify(src/joystick_drivers/joystick_drivers) by extension 'colcon_pkg'
[0.301s] Level 1:colcon.colcon_core.package_identification:_identify(src/joystick_drivers/joystick_drivers) by extensions ['colcon_meta']
[0.301s] Level 1:colcon.colcon_core.package_identification:_identify(src/joystick_drivers/joystick_drivers) by extension 'colcon_meta'
[0.301s] Level 1:colcon.colcon_core.package_identification:_identify(src/joystick_drivers/joystick_drivers) by extensions ['ros']
[0.301s] Level 1:colcon.colcon_core.package_identification:_identify(src/joystick_drivers/joystick_drivers) by extension 'ros'
[0.301s] Level 1:colcon.colcon_core.package_identification:_identify(src/joystick_drivers/joystick_drivers) ignored
[0.301s] Level 1:colcon.colcon_core.package_identification:_identify(src/joystick_drivers/ps3joy) by extensions ['ignore', 'ignore_ament_install']
[0.301s] Level 1:colcon.colcon_core.package_identification:_identify(src/joystick_drivers/ps3joy) by extension 'ignore'
[0.301s] Level 1:colcon.colcon_core.package_identification:_identify(src/joystick_drivers/ps3joy) by extension 'ignore_ament_install'
[0.301s] Level 1:colcon.colcon_core.package_identification:_identify(src/joystick_drivers/ps3joy) by extensions ['colcon_pkg']
[0.301s] Level 1:colcon.colcon_core.package_identification:_identify(src/joystick_drivers/ps3joy) by extension 'colcon_pkg'
[0.301s] Level 1:colcon.colcon_core.package_identification:_identify(src/joystick_drivers/ps3joy) by extensions ['colcon_meta']
[0.301s] Level 1:colcon.colcon_core.package_identification:_identify(src/joystick_drivers/ps3joy) by extension 'colcon_meta'
[0.301s] Level 1:colcon.colcon_core.package_identification:_identify(src/joystick_drivers/ps3joy) by extensions ['ros']
[0.301s] Level 1:colcon.colcon_core.package_identification:_identify(src/joystick_drivers/ps3joy) by extension 'ros'
[0.301s] Level 1:colcon.colcon_core.package_identification:_identify(src/joystick_drivers/ps3joy) ignored
[0.301s] Level 1:colcon.colcon_core.package_identification:_identify(src/joystick_drivers/sdl2_vendor) by extensions ['ignore', 'ignore_ament_install']
[0.301s] Level 1:colcon.colcon_core.package_identification:_identify(src/joystick_drivers/sdl2_vendor) by extension 'ignore'
[0.301s] Level 1:colcon.colcon_core.package_identification:_identify(src/joystick_drivers/sdl2_vendor) by extension 'ignore_ament_install'
[0.301s] Level 1:colcon.colcon_core.package_identification:_identify(src/joystick_drivers/sdl2_vendor) by extensions ['colcon_pkg']
[0.301s] Level 1:colcon.colcon_core.package_identification:_identify(src/joystick_drivers/sdl2_vendor) by extension 'colcon_pkg'
[0.301s] Level 1:colcon.colcon_core.package_identification:_identify(src/joystick_drivers/sdl2_vendor) by extensions ['colcon_meta']
[0.301s] Level 1:colcon.colcon_core.package_identification:_identify(src/joystick_drivers/sdl2_vendor) by extension 'colcon_meta'
[0.302s] Level 1:colcon.colcon_core.package_identification:_identify(src/joystick_drivers/sdl2_vendor) by extensions ['ros']
[0.302s] Level 1:colcon.colcon_core.package_identification:_identify(src/joystick_drivers/sdl2_vendor) by extension 'ros'
[0.302s] DEBUG:colcon.colcon_core.package_identification:Package 'src/joystick_drivers/sdl2_vendor' with type 'ros.ament_cmake' and name 'sdl2_vendor'
[0.302s] Level 1:colcon.colcon_core.package_identification:_identify(src/joystick_drivers/spacenav) by extensions ['ignore', 'ignore_ament_install']
[0.302s] Level 1:colcon.colcon_core.package_identification:_identify(src/joystick_drivers/spacenav) by extension 'ignore'
[0.302s] Level 1:colcon.colcon_core.package_identification:_identify(src/joystick_drivers/spacenav) by extension 'ignore_ament_install'
[0.302s] Level 1:colcon.colcon_core.package_identification:_identify(src/joystick_drivers/spacenav) by extensions ['colcon_pkg']
[0.302s] Level 1:colcon.colcon_core.package_identification:_identify(src/joystick_drivers/spacenav) by extension 'colcon_pkg'
[0.302s] Level 1:colcon.colcon_core.package_identification:_identify(src/joystick_drivers/spacenav) by extensions ['colcon_meta']
[0.302s] Level 1:colcon.colcon_core.package_identification:_identify(src/joystick_drivers/spacenav) by extension 'colcon_meta'
[0.302s] Level 1:colcon.colcon_core.package_identification:_identify(src/joystick_drivers/spacenav) by extensions ['ros']
[0.302s] Level 1:colcon.colcon_core.package_identification:_identify(src/joystick_drivers/spacenav) by extension 'ros'
[0.303s] DEBUG:colcon.colcon_core.package_identification:Package 'src/joystick_drivers/spacenav' with type 'ros.ament_cmake' and name 'spacenav'
[0.303s] Level 1:colcon.colcon_core.package_identification:_identify(src/joystick_drivers/wiimote) by extensions ['ignore', 'ignore_ament_install']
[0.303s] Level 1:colcon.colcon_core.package_identification:_identify(src/joystick_drivers/wiimote) by extension 'ignore'
[0.303s] Level 1:colcon.colcon_core.package_identification:_identify(src/joystick_drivers/wiimote) by extension 'ignore_ament_install'
[0.303s] Level 1:colcon.colcon_core.package_identification:_identify(src/joystick_drivers/wiimote) by extensions ['colcon_pkg']
[0.303s] Level 1:colcon.colcon_core.package_identification:_identify(src/joystick_drivers/wiimote) by extension 'colcon_pkg'
[0.303s] Level 1:colcon.colcon_core.package_identification:_identify(src/joystick_drivers/wiimote) by extensions ['colcon_meta']
[0.303s] Level 1:colcon.colcon_core.package_identification:_identify(src/joystick_drivers/wiimote) by extension 'colcon_meta'
[0.303s] Level 1:colcon.colcon_core.package_identification:_identify(src/joystick_drivers/wiimote) by extensions ['ros']
[0.303s] Level 1:colcon.colcon_core.package_identification:_identify(src/joystick_drivers/wiimote) by extension 'ros'
[0.304s] DEBUG:colcon.colcon_core.package_identification:Package 'src/joystick_drivers/wiimote' with type 'ros.ament_cmake' and name 'wiimote'
[0.304s] Level 1:colcon.colcon_core.package_identification:_identify(src/joystick_drivers/wiimote_msgs) by extensions ['ignore', 'ignore_ament_install']
[0.304s] Level 1:colcon.colcon_core.package_identification:_identify(src/joystick_drivers/wiimote_msgs) by extension 'ignore'
[0.304s] Level 1:colcon.colcon_core.package_identification:_identify(src/joystick_drivers/wiimote_msgs) by extension 'ignore_ament_install'
[0.304s] Level 1:colcon.colcon_core.package_identification:_identify(src/joystick_drivers/wiimote_msgs) by extensions ['colcon_pkg']
[0.304s] Level 1:colcon.colcon_core.package_identification:_identify(src/joystick_drivers/wiimote_msgs) by extension 'colcon_pkg'
[0.304s] Level 1:colcon.colcon_core.package_identification:_identify(src/joystick_drivers/wiimote_msgs) by extensions ['colcon_meta']
[0.304s] Level 1:colcon.colcon_core.package_identification:_identify(src/joystick_drivers/wiimote_msgs) by extension 'colcon_meta'
[0.304s] Level 1:colcon.colcon_core.package_identification:_identify(src/joystick_drivers/wiimote_msgs) by extensions ['ros']
[0.304s] Level 1:colcon.colcon_core.package_identification:_identify(src/joystick_drivers/wiimote_msgs) by extension 'ros'
[0.305s] DEBUG:colcon.colcon_core.package_identification:Package 'src/joystick_drivers/wiimote_msgs' with type 'ros.ament_cmake' and name 'wiimote_msgs'
[0.305s] Level 1:colcon.colcon_core.package_discovery:discover_packages(recursive) using defaults
[0.305s] Level 1:colcon.colcon_core.package_discovery:discover_packages(ignore) discover
[0.305s] Level 1:colcon.colcon_core.package_discovery:discover_packages(ignore) using defaults
[0.305s] Level 1:colcon.colcon_core.package_discovery:discover_packages(path) discover
[0.305s] Level 1:colcon.colcon_core.package_discovery:discover_packages(path) using defaults
[0.322s] Level 1:colcon.colcon_core.package_discovery:discover_packages(prefix_path) check parameters
[0.322s] Level 1:colcon.colcon_core.package_discovery:discover_packages(prefix_path) discover
[0.324s] DEBUG:colcon.colcon_installed_package_information.package_discovery:Found 7 installed packages in /home/poom/abu_ws/install
[0.325s] DEBUG:colcon.colcon_installed_package_information.package_discovery:Found 8 installed packages in /home/poom/joy_ws/install
[0.326s] DEBUG:colcon.colcon_installed_package_information.package_discovery:Found 1 installed packages in /home/poom/orb_ws/install
[0.327s] DEBUG:colcon.colcon_installed_package_information.package_discovery:Found 3 installed packages in /home/poom/microros_ws/install
[0.331s] DEBUG:colcon.colcon_installed_package_information.package_discovery:Found 262 installed packages in /opt/ros/foxy
[0.332s] Level 1:colcon.colcon_core.package_discovery:discover_packages(prefix_path) using defaults
[0.383s] WARNING:colcon.colcon_core.package_selection:Some selected packages are already built in one or more underlay workspaces:
	'sdl2_vendor' is in: /home/poom/abu_ws/install/sdl2_vendor, /home/poom/joy_ws/install/sdl2_vendor, /opt/ros/foxy
If a package in a merged underlay workspace is overridden and it installs headers, then all packages in the overlay must sort their include directories by workspace order. Failure to do so may result in build failures or undefined behavior at run time.
If the overridden package is used by another package in any underlay, then the overriding package in the overlay must be API and ABI compatible or undefined behavior at run time may occur.

If you understand the risks and want to override a package anyways, add the following to the command line:
	--allow-overriding sdl2_vendor

This may be promoted to an error in a future release of colcon-override-check.
[0.384s] Level 5:colcon.colcon_core.verb:set package 'abu_package' build argument 'cmake_args' from command line to 'None'
[0.384s] Level 5:colcon.colcon_core.verb:set package 'abu_package' build argument 'cmake_target' from command line to 'None'
[0.384s] Level 5:colcon.colcon_core.verb:set package 'abu_package' build argument 'cmake_target_skip_unavailable' from command line to 'False'
[0.385s] Level 5:colcon.colcon_core.verb:set package 'abu_package' build argument 'cmake_clean_cache' from command line to 'False'
[0.385s] Level 5:colcon.colcon_core.verb:set package 'abu_package' build argument 'cmake_clean_first' from command line to 'False'
[0.385s] Level 5:colcon.colcon_core.verb:set package 'abu_package' build argument 'cmake_force_configure' from command line to 'False'
[0.385s] Level 5:colcon.colcon_core.verb:set package 'abu_package' build argument 'ament_cmake_args' from command line to 'None'
[0.385s] Level 5:colcon.colcon_core.verb:set package 'abu_package' build argument 'catkin_cmake_args' from command line to 'None'
[0.385s] Level 5:colcon.colcon_core.verb:set package 'abu_package' build argument 'catkin_skip_building_tests' from command line to 'False'
[0.385s] DEBUG:colcon.colcon_core.verb:Building package 'abu_package' with the following arguments: {'ament_cmake_args': None, 'build_base': '/home/poom/abu_ws/build/abu_package', 'catkin_cmake_args': None, 'catkin_skip_building_tests': False, 'cmake_args': None, 'cmake_clean_cache': False, 'cmake_clean_first': False, 'cmake_force_configure': False, 'cmake_target': None, 'cmake_target_skip_unavailable': False, 'install_base': '/home/poom/abu_ws/install/abu_package', 'merge_install': False, 'path': '/home/poom/abu_ws/src/abu_package', 'symlink_install': False, 'test_result_base': None}
[0.385s] Level 5:colcon.colcon_core.verb:set package 'joy_linux' build argument 'cmake_args' from command line to 'None'
[0.386s] Level 5:colcon.colcon_core.verb:set package 'joy_linux' build argument 'cmake_target' from command line to 'None'
[0.386s] Level 5:colcon.colcon_core.verb:set package 'joy_linux' build argument 'cmake_target_skip_unavailable' from command line to 'False'
[0.386s] Level 5:colcon.colcon_core.verb:set package 'joy_linux' build argument 'cmake_clean_cache' from command line to 'False'
[0.386s] Level 5:colcon.colcon_core.verb:set package 'joy_linux' build argument 'cmake_clean_first' from command line to 'False'
[0.386s] Level 5:colcon.colcon_core.verb:set package 'joy_linux' build argument 'cmake_force_configure' from command line to 'False'
[0.386s] Level 5:colcon.colcon_core.verb:set package 'joy_linux' build argument 'ament_cmake_args' from command line to 'None'
[0.386s] Level 5:colcon.colcon_core.verb:set package 'joy_linux' build argument 'catkin_cmake_args' from command line to 'None'
[0.386s] Level 5:colcon.colcon_core.verb:set package 'joy_linux' build argument 'catkin_skip_building_tests' from command line to 'False'
[0.386s] DEBUG:colcon.colcon_core.verb:Building package 'joy_linux' with the following arguments: {'ament_cmake_args': None, 'build_base': '/home/poom/abu_ws/build/joy_linux', 'catkin_cmake_args': None, 'catkin_skip_building_tests': False, 'cmake_args': None, 'cmake_clean_cache': False, 'cmake_clean_first': False, 'cmake_force_configure': False, 'cmake_target': None, 'cmake_target_skip_unavailable': False, 'install_base': '/home/poom/abu_ws/install/joy_linux', 'merge_install': False, 'path': '/home/poom/abu_ws/src/joystick_drivers/joy_linux', 'symlink_install': False, 'test_result_base': None}
[0.386s] Level 5:colcon.colcon_core.verb:set package 'sdl2_vendor' build argument 'cmake_args' from command line to 'None'
[0.386s] Level 5:colcon.colcon_core.verb:set package 'sdl2_vendor' build argument 'cmake_target' from command line to 'None'
[0.387s] Level 5:colcon.colcon_core.verb:set package 'sdl2_vendor' build argument 'cmake_target_skip_unavailable' from command line to 'False'
[0.387s] Level 5:colcon.colcon_core.verb:set package 'sdl2_vendor' build argument 'cmake_clean_cache' from command line to 'False'
[0.387s] Level 5:colcon.colcon_core.verb:set package 'sdl2_vendor' build argument 'cmake_clean_first' from command line to 'False'
[0.387s] Level 5:colcon.colcon_core.verb:set package 'sdl2_vendor' build argument 'cmake_force_configure' from command line to 'False'
[0.387s] Level 5:colcon.colcon_core.verb:set package 'sdl2_vendor' build argument 'ament_cmake_args' from command line to 'None'
[0.387s] Level 5:colcon.colcon_core.verb:set package 'sdl2_vendor' build argument 'catkin_cmake_args' from command line to 'None'
[0.387s] Level 5:colcon.colcon_core.verb:set package 'sdl2_vendor' build argument 'catkin_skip_building_tests' from command line to 'False'
[0.387s] DEBUG:colcon.colcon_core.verb:Building package 'sdl2_vendor' with the following arguments: {'ament_cmake_args': None, 'build_base': '/home/poom/abu_ws/build/sdl2_vendor', 'catkin_cmake_args': None, 'catkin_skip_building_tests': False, 'cmake_args': None, 'cmake_clean_cache': False, 'cmake_clean_first': False, 'cmake_force_configure': False, 'cmake_target': None, 'cmake_target_skip_unavailable': False, 'install_base': '/home/poom/abu_ws/install/sdl2_vendor', 'merge_install': False, 'path': '/home/poom/abu_ws/src/joystick_drivers/sdl2_vendor', 'symlink_install': False, 'test_result_base': None}
[0.387s] Level 5:colcon.colcon_core.verb:set package 'spacenav' build argument 'cmake_args' from command line to 'None'
[0.387s] Level 5:colcon.colcon_core.verb:set package 'spacenav' build argument 'cmake_target' from command line to 'None'
[0.387s] Level 5:colcon.colcon_core.verb:set package 'spacenav' build argument 'cmake_target_skip_unavailable' from command line to 'False'
[0.387s] Level 5:colcon.colcon_core.verb:set package 'spacenav' build argument 'cmake_clean_cache' from command line to 'False'
[0.387s] Level 5:colcon.colcon_core.verb:set package 'spacenav' build argument 'cmake_clean_first' from command line to 'False'
[0.388s] Level 5:colcon.colcon_core.verb:set package 'spacenav' build argument 'cmake_force_configure' from command line to 'False'
[0.388s] Level 5:colcon.colcon_core.verb:set package 'spacenav' build argument 'ament_cmake_args' from command line to 'None'
[0.388s] Level 5:colcon.colcon_core.verb:set package 'spacenav' build argument 'catkin_cmake_args' from command line to 'None'
[0.388s] Level 5:colcon.colcon_core.verb:set package 'spacenav' build argument 'catkin_skip_building_tests' from command line to 'False'
[0.388s] DEBUG:colcon.colcon_core.verb:Building package 'spacenav' with the following arguments: {'ament_cmake_args': None, 'build_base': '/home/poom/abu_ws/build/spacenav', 'catkin_cmake_args': None, 'catkin_skip_building_tests': False, 'cmake_args': None, 'cmake_clean_cache': False, 'cmake_clean_first': False, 'cmake_force_configure': False, 'cmake_target': None, 'cmake_target_skip_unavailable': False, 'install_base': '/home/poom/abu_ws/install/spacenav', 'merge_install': False, 'path': '/home/poom/abu_ws/src/joystick_drivers/spacenav', 'symlink_install': False, 'test_result_base': None}
[0.388s] Level 5:colcon.colcon_core.verb:set package 'wiimote_msgs' build argument 'cmake_args' from command line to 'None'
[0.388s] Level 5:colcon.colcon_core.verb:set package 'wiimote_msgs' build argument 'cmake_target' from command line to 'None'
[0.388s] Level 5:colcon.colcon_core.verb:set package 'wiimote_msgs' build argument 'cmake_target_skip_unavailable' from command line to 'False'
[0.388s] Level 5:colcon.colcon_core.verb:set package 'wiimote_msgs' build argument 'cmake_clean_cache' from command line to 'False'
[0.388s] Level 5:colcon.colcon_core.verb:set package 'wiimote_msgs' build argument 'cmake_clean_first' from command line to 'False'
[0.388s] Level 5:colcon.colcon_core.verb:set package 'wiimote_msgs' build argument 'cmake_force_configure' from command line to 'False'
[0.388s] Level 5:colcon.colcon_core.verb:set package 'wiimote_msgs' build argument 'ament_cmake_args' from command line to 'None'
[0.389s] Level 5:colcon.colcon_core.verb:set package 'wiimote_msgs' build argument 'catkin_cmake_args' from command line to 'None'
[0.389s] Level 5:colcon.colcon_core.verb:set package 'wiimote_msgs' build argument 'catkin_skip_building_tests' from command line to 'False'
[0.389s] DEBUG:colcon.colcon_core.verb:Building package 'wiimote_msgs' with the following arguments: {'ament_cmake_args': None, 'build_base': '/home/poom/abu_ws/build/wiimote_msgs', 'catkin_cmake_args': None, 'catkin_skip_building_tests': False, 'cmake_args': None, 'cmake_clean_cache': False, 'cmake_clean_first': False, 'cmake_force_configure': False, 'cmake_target': None, 'cmake_target_skip_unavailable': False, 'install_base': '/home/poom/abu_ws/install/wiimote_msgs', 'merge_install': False, 'path': '/home/poom/abu_ws/src/joystick_drivers/wiimote_msgs', 'symlink_install': False, 'test_result_base': None}
[0.389s] Level 5:colcon.colcon_core.verb:set package 'joy' build argument 'cmake_args' from command line to 'None'
[0.389s] Level 5:colcon.colcon_core.verb:set package 'joy' build argument 'cmake_target' from command line to 'None'
[0.389s] Level 5:colcon.colcon_core.verb:set package 'joy' build argument 'cmake_target_skip_unavailable' from command line to 'False'
[0.389s] Level 5:colcon.colcon_core.verb:set package 'joy' build argument 'cmake_clean_cache' from command line to 'False'
[0.389s] Level 5:colcon.colcon_core.verb:set package 'joy' build argument 'cmake_clean_first' from command line to 'False'
[0.389s] Level 5:colcon.colcon_core.verb:set package 'joy' build argument 'cmake_force_configure' from command line to 'False'
[0.389s] Level 5:colcon.colcon_core.verb:set package 'joy' build argument 'ament_cmake_args' from command line to 'None'
[0.389s] Level 5:colcon.colcon_core.verb:set package 'joy' build argument 'catkin_cmake_args' from command line to 'None'
[0.389s] Level 5:colcon.colcon_core.verb:set package 'joy' build argument 'catkin_skip_building_tests' from command line to 'False'
[0.390s] DEBUG:colcon.colcon_core.verb:Building package 'joy' with the following arguments: {'ament_cmake_args': None, 'build_base': '/home/poom/abu_ws/build/joy', 'catkin_cmake_args': None, 'catkin_skip_building_tests': False, 'cmake_args': None, 'cmake_clean_cache': False, 'cmake_clean_first': False, 'cmake_force_configure': False, 'cmake_target': None, 'cmake_target_skip_unavailable': False, 'install_base': '/home/poom/abu_ws/install/joy', 'merge_install': False, 'path': '/home/poom/abu_ws/src/joystick_drivers/joy', 'symlink_install': False, 'test_result_base': None}
[0.390s] Level 5:colcon.colcon_core.verb:set package 'wiimote' build argument 'cmake_args' from command line to 'None'
[0.390s] Level 5:colcon.colcon_core.verb:set package 'wiimote' build argument 'cmake_target' from command line to 'None'
[0.390s] Level 5:colcon.colcon_core.verb:set package 'wiimote' build argument 'cmake_target_skip_unavailable' from command line to 'False'
[0.390s] Level 5:colcon.colcon_core.verb:set package 'wiimote' build argument 'cmake_clean_cache' from command line to 'False'
[0.390s] Level 5:colcon.colcon_core.verb:set package 'wiimote' build argument 'cmake_clean_first' from command line to 'False'
[0.390s] Level 5:colcon.colcon_core.verb:set package 'wiimote' build argument 'cmake_force_configure' from command line to 'False'
[0.390s] Level 5:colcon.colcon_core.verb:set package 'wiimote' build argument 'ament_cmake_args' from command line to 'None'
[0.390s] Level 5:colcon.colcon_core.verb:set package 'wiimote' build argument 'catkin_cmake_args' from command line to 'None'
[0.390s] Level 5:colcon.colcon_core.verb:set package 'wiimote' build argument 'catkin_skip_building_tests' from command line to 'False'
[0.390s] DEBUG:colcon.colcon_core.verb:Building package 'wiimote' with the following arguments: {'ament_cmake_args': None, 'build_base': '/home/poom/abu_ws/build/wiimote', 'catkin_cmake_args': None, 'catkin_skip_building_tests': False, 'cmake_args': None, 'cmake_clean_cache': False, 'cmake_clean_first': False, 'cmake_force_configure': False, 'cmake_target': None, 'cmake_target_skip_unavailable': False, 'install_base': '/home/poom/abu_ws/install/wiimote', 'merge_install': False, 'path': '/home/poom/abu_ws/src/joystick_drivers/wiimote', 'symlink_install': False, 'test_result_base': None}
[0.391s] INFO:colcon.colcon_core.executor:Executing jobs using 'parallel' executor
[0.395s] DEBUG:colcon.colcon_parallel_executor.executor.parallel:run_until_complete
[0.395s] INFO:colcon.colcon_ros.task.ament_cmake.build:Building ROS package in '/home/poom/abu_ws/src/joystick_drivers/sdl2_vendor' with build type 'ament_cmake'
[0.395s] INFO:colcon.colcon_cmake.task.cmake.build:Building CMake package in '/home/poom/abu_ws/src/joystick_drivers/sdl2_vendor'
[0.398s] INFO:colcon.colcon_core.plugin_system:Skipping extension 'colcon_core.shell.bat': Not used on non-Windows systems
[0.399s] INFO:colcon.colcon_core.shell:Skip shell extension 'powershell' for command environment: Not usable outside of PowerShell
[0.399s] DEBUG:colcon.colcon_core.shell:Skip shell extension 'dsv' for command environment
[0.405s] INFO:colcon.colcon_ros.task.ament_cmake.build:Building ROS package in '/home/poom/abu_ws/src/joystick_drivers/wiimote_msgs' with build type 'ament_cmake'
[0.405s] INFO:colcon.colcon_cmake.task.cmake.build:Building CMake package in '/home/poom/abu_ws/src/joystick_drivers/wiimote_msgs'
[0.406s] INFO:colcon.colcon_core.shell:Skip shell extension 'powershell' for command environment: Not usable outside of PowerShell
[0.406s] DEBUG:colcon.colcon_core.shell:Skip shell extension 'dsv' for command environment
[0.413s] INFO:colcon.colcon_ros.task.ament_python.build:Building ROS package in '/home/poom/abu_ws/src/abu_package' with build type 'ament_python'
[0.413s] Level 1:colcon.colcon_core.shell:create_environment_hook('abu_package', 'ament_prefix_path')
[0.414s] INFO:colcon.colcon_core.shell:Creating environment hook '/home/poom/abu_ws/install/abu_package/share/abu_package/hook/ament_prefix_path.ps1'
[0.415s] INFO:colcon.colcon_core.shell:Creating environment descriptor '/home/poom/abu_ws/install/abu_package/share/abu_package/hook/ament_prefix_path.dsv'
[0.415s] INFO:colcon.colcon_core.shell:Creating environment hook '/home/poom/abu_ws/install/abu_package/share/abu_package/hook/ament_prefix_path.sh'
[0.417s] INFO:colcon.colcon_core.shell:Skip shell extension 'powershell' for command environment: Not usable outside of PowerShell
[0.417s] DEBUG:colcon.colcon_core.shell:Skip shell extension 'dsv' for command environment
[0.423s] INFO:colcon.colcon_ros.task.ament_cmake.build:Building ROS package in '/home/poom/abu_ws/src/joystick_drivers/joy_linux' with build type 'ament_cmake'
[0.423s] INFO:colcon.colcon_cmake.task.cmake.build:Building CMake package in '/home/poom/abu_ws/src/joystick_drivers/joy_linux'
[0.424s] INFO:colcon.colcon_core.shell:Skip shell extension 'powershell' for command environment: Not usable outside of PowerShell
[0.424s] DEBUG:colcon.colcon_core.shell:Skip shell extension 'dsv' for command environment
[0.431s] INFO:colcon.colcon_ros.task.ament_cmake.build:Building ROS package in '/home/poom/abu_ws/src/joystick_drivers/spacenav' with build type 'ament_cmake'
[0.431s] INFO:colcon.colcon_cmake.task.cmake.build:Building CMake package in '/home/poom/abu_ws/src/joystick_drivers/spacenav'
[0.432s] INFO:colcon.colcon_core.shell:Skip shell extension 'powershell' for command environment: Not usable outside of PowerShell
[0.432s] DEBUG:colcon.colcon_core.shell:Skip shell extension 'dsv' for command environment
[0.445s] DEBUG:colcon.colcon_core.event_handler.log_command:Invoking command in '/home/poom/abu_ws/build/sdl2_vendor': CMAKE_PREFIX_PATH=${CMAKE_PREFIX_PATH}:/home/poom/joy_ws/install/poom:/home/poom/abu_ws/install/abu_package:/opt/ros/foxy /home/poom/.local/bin/cmake --build /home/poom/abu_ws/build/sdl2_vendor -- -j12 -l12
[0.449s] DEBUG:colcon.colcon_core.event_handler.log_command:Invoking command in '/home/poom/abu_ws/build/wiimote_msgs': CMAKE_PREFIX_PATH=${CMAKE_PREFIX_PATH}:/home/poom/joy_ws/install/poom:/home/poom/abu_ws/install/abu_package:/opt/ros/foxy /home/poom/.local/bin/cmake --build /home/poom/abu_ws/build/wiimote_msgs -- -j12 -l12
[0.650s] INFO:colcon.colcon_core.task.python.build:Building Python package in '/home/poom/abu_ws/src/abu_package'
[0.653s] INFO:colcon.colcon_core.shell:Skip shell extension 'powershell' for command environment: Not usable outside of PowerShell
[0.653s] DEBUG:colcon.colcon_core.shell:Skip shell extension 'dsv' for command environment
[0.669s] DEBUG:colcon.colcon_core.event_handler.log_command:Invoking command in '/home/poom/abu_ws/build/joy_linux': CMAKE_PREFIX_PATH=${CMAKE_PREFIX_PATH}:/home/poom/joy_ws/install/poom:/home/poom/abu_ws/install/abu_package:/opt/ros/foxy /home/poom/.local/bin/cmake --build /home/poom/abu_ws/build/joy_linux -- -j12 -l12
[0.674s] DEBUG:colcon.colcon_core.event_handler.log_command:Invoking command in '/home/poom/abu_ws/build/spacenav': CMAKE_PREFIX_PATH=${CMAKE_PREFIX_PATH}:/home/poom/joy_ws/install/poom:/home/poom/abu_ws/install/abu_package:/opt/ros/foxy /home/poom/.local/bin/cmake --build /home/poom/abu_ws/build/spacenav -- -j12 -l12
[0.675s] DEBUG:colcon.colcon_core.event_handler.log_command:Invoked command in '/home/poom/abu_ws/build/sdl2_vendor' returned '0': CMAKE_PREFIX_PATH=${CMAKE_PREFIX_PATH}:/home/poom/joy_ws/install/poom:/home/poom/abu_ws/install/abu_package:/opt/ros/foxy /home/poom/.local/bin/cmake --build /home/poom/abu_ws/build/sdl2_vendor -- -j12 -l12
[0.676s] DEBUG:colcon.colcon_core.event_handler.log_command:Invoked command in '/home/poom/abu_ws/build/wiimote_msgs' returned '0': CMAKE_PREFIX_PATH=${CMAKE_PREFIX_PATH}:/home/poom/joy_ws/install/poom:/home/poom/abu_ws/install/abu_package:/opt/ros/foxy /home/poom/.local/bin/cmake --build /home/poom/abu_ws/build/wiimote_msgs -- -j12 -l12
[0.736s] DEBUG:colcon.colcon_core.event_handler.log_command:Invoking command in '/home/poom/abu_ws/build/sdl2_vendor': CMAKE_PREFIX_PATH=${CMAKE_PREFIX_PATH}:/home/poom/joy_ws/install/poom:/home/poom/abu_ws/install/abu_package:/opt/ros/foxy /home/poom/.local/bin/cmake --install /home/poom/abu_ws/build/sdl2_vendor
[0.738s] DEBUG:colcon.colcon_core.event_handler.log_command:Invoked command in '/home/poom/abu_ws/build/spacenav' returned '0': CMAKE_PREFIX_PATH=${CMAKE_PREFIX_PATH}:/home/poom/joy_ws/install/poom:/home/poom/abu_ws/install/abu_package:/opt/ros/foxy /home/poom/.local/bin/cmake --build /home/poom/abu_ws/build/spacenav -- -j12 -l12
[0.745s] DEBUG:colcon.colcon_core.event_handler.log_command:Invoked command in '/home/poom/abu_ws/build/joy_linux' returned '0': CMAKE_PREFIX_PATH=${CMAKE_PREFIX_PATH}:/home/poom/joy_ws/install/poom:/home/poom/abu_ws/install/abu_package:/opt/ros/foxy /home/poom/.local/bin/cmake --build /home/poom/abu_ws/build/joy_linux -- -j12 -l12
[0.758s] DEBUG:colcon.colcon_core.event_handler.log_command:Invoking command in '/home/poom/abu_ws/build/wiimote_msgs': CMAKE_PREFIX_PATH=${CMAKE_PREFIX_PATH}:/home/poom/joy_ws/install/poom:/home/poom/abu_ws/install/abu_package:/opt/ros/foxy /home/poom/.local/bin/cmake --install /home/poom/abu_ws/build/wiimote_msgs
[0.765s] Level 1:colcon.colcon_core.environment:create_environment_scripts_only(sdl2_vendor)
[0.766s] DEBUG:colcon.colcon_core.event_handler.log_command:Invoked command in '/home/poom/abu_ws/build/sdl2_vendor' returned '0': CMAKE_PREFIX_PATH=${CMAKE_PREFIX_PATH}:/home/poom/joy_ws/install/poom:/home/poom/abu_ws/install/abu_package:/opt/ros/foxy /home/poom/.local/bin/cmake --install /home/poom/abu_ws/build/sdl2_vendor
[0.771s] Level 1:colcon.colcon_core.environment:checking '/home/poom/abu_ws/install/sdl2_vendor' for CMake module files
[0.771s] Level 1:colcon.colcon_core.environment:checking '/home/poom/abu_ws/install/sdl2_vendor' for CMake config files
[0.771s] Level 1:colcon.colcon_core.shell:create_environment_hook('sdl2_vendor', 'cmake_prefix_path')
[0.772s] INFO:colcon.colcon_core.shell:Creating environment hook '/home/poom/abu_ws/install/sdl2_vendor/share/sdl2_vendor/hook/cmake_prefix_path.ps1'
[0.773s] INFO:colcon.colcon_core.shell:Creating environment descriptor '/home/poom/abu_ws/install/sdl2_vendor/share/sdl2_vendor/hook/cmake_prefix_path.dsv'
[0.773s] INFO:colcon.colcon_core.shell:Creating environment hook '/home/poom/abu_ws/install/sdl2_vendor/share/sdl2_vendor/hook/cmake_prefix_path.sh'
[0.774s] Level 1:colcon.colcon_core.environment:checking '/home/poom/abu_ws/install/sdl2_vendor/bin'
[0.774s] Level 1:colcon.colcon_core.environment:checking '/home/poom/abu_ws/install/sdl2_vendor/lib/pkgconfig/sdl2_vendor.pc'
[0.774s] Level 1:colcon.colcon_core.environment:checking '/home/poom/abu_ws/install/sdl2_vendor/lib/python3.8/site-packages'
[0.774s] Level 1:colcon.colcon_core.environment:checking '/home/poom/abu_ws/install/sdl2_vendor/bin'
[0.775s] INFO:colcon.colcon_core.shell:Creating package script '/home/poom/abu_ws/install/sdl2_vendor/share/sdl2_vendor/package.ps1'
[0.777s] INFO:colcon.colcon_core.shell:Creating package descriptor '/home/poom/abu_ws/install/sdl2_vendor/share/sdl2_vendor/package.dsv'
[0.777s] INFO:colcon.colcon_core.shell:Creating package script '/home/poom/abu_ws/install/sdl2_vendor/share/sdl2_vendor/package.sh'
[0.778s] INFO:colcon.colcon_core.shell:Creating package script '/home/poom/abu_ws/install/sdl2_vendor/share/sdl2_vendor/package.bash'
[0.778s] INFO:colcon.colcon_core.shell:Creating package script '/home/poom/abu_ws/install/sdl2_vendor/share/sdl2_vendor/package.zsh'
[0.779s] Level 1:colcon.colcon_core.environment:create_file_with_runtime_dependencies(/home/poom/abu_ws/install/sdl2_vendor/share/colcon-core/packages/sdl2_vendor)
[0.783s] DEBUG:colcon.colcon_core.event_handler.log_command:Invoking command in '/home/poom/abu_ws/build/joy_linux': CMAKE_PREFIX_PATH=${CMAKE_PREFIX_PATH}:/home/poom/joy_ws/install/poom:/home/poom/abu_ws/install/abu_package:/opt/ros/foxy /home/poom/.local/bin/cmake --install /home/poom/abu_ws/build/joy_linux
[0.795s] DEBUG:colcon.colcon_core.event_handler.log_command:Invoking command in '/home/poom/abu_ws/build/spacenav': CMAKE_PREFIX_PATH=${CMAKE_PREFIX_PATH}:/home/poom/joy_ws/install/poom:/home/poom/abu_ws/install/abu_package:/opt/ros/foxy /home/poom/.local/bin/cmake --install /home/poom/abu_ws/build/spacenav
[0.818s] Level 1:colcon.colcon_core.environment:create_environment_scripts_only(sdl2_vendor)
[0.820s] Level 1:colcon.colcon_core.environment:checking '/home/poom/abu_ws/install/sdl2_vendor' for CMake module files
[0.824s] Level 1:colcon.colcon_core.environment:checking '/home/poom/abu_ws/install/sdl2_vendor' for CMake config files
[0.826s] Level 1:colcon.colcon_core.shell:create_environment_hook('sdl2_vendor', 'cmake_prefix_path')
[0.828s] INFO:colcon.colcon_core.shell:Creating environment hook '/home/poom/abu_ws/install/sdl2_vendor/share/sdl2_vendor/hook/cmake_prefix_path.ps1'
[0.829s] INFO:colcon.colcon_core.shell:Creating environment descriptor '/home/poom/abu_ws/install/sdl2_vendor/share/sdl2_vendor/hook/cmake_prefix_path.dsv'
[0.829s] INFO:colcon.colcon_core.shell:Creating environment hook '/home/poom/abu_ws/install/sdl2_vendor/share/sdl2_vendor/hook/cmake_prefix_path.sh'
[0.830s] Level 1:colcon.colcon_core.environment:checking '/home/poom/abu_ws/install/sdl2_vendor/bin'
[0.830s] Level 1:colcon.colcon_core.environment:checking '/home/poom/abu_ws/install/sdl2_vendor/lib/pkgconfig/sdl2_vendor.pc'
[0.830s] Level 1:colcon.colcon_core.environment:checking '/home/poom/abu_ws/install/sdl2_vendor/lib/python3.8/site-packages'
[0.830s] Level 1:colcon.colcon_core.environment:checking '/home/poom/abu_ws/install/sdl2_vendor/bin'
[0.832s] INFO:colcon.colcon_core.shell:Creating package script '/home/poom/abu_ws/install/sdl2_vendor/share/sdl2_vendor/package.ps1'
[0.833s] INFO:colcon.colcon_core.shell:Creating package descriptor '/home/poom/abu_ws/install/sdl2_vendor/share/sdl2_vendor/package.dsv'
[0.833s] INFO:colcon.colcon_core.shell:Creating package script '/home/poom/abu_ws/install/sdl2_vendor/share/sdl2_vendor/package.sh'
[0.834s] INFO:colcon.colcon_core.shell:Creating package script '/home/poom/abu_ws/install/sdl2_vendor/share/sdl2_vendor/package.bash'
[0.834s] INFO:colcon.colcon_core.shell:Creating package script '/home/poom/abu_ws/install/sdl2_vendor/share/sdl2_vendor/package.zsh'
[0.834s] Level 1:colcon.colcon_core.environment:create_file_with_runtime_dependencies(/home/poom/abu_ws/install/sdl2_vendor/share/colcon-core/packages/sdl2_vendor)
[0.835s] INFO:colcon.colcon_ros.task.ament_cmake.build:Building ROS package in '/home/poom/abu_ws/src/joystick_drivers/joy' with build type 'ament_cmake'
[0.835s] INFO:colcon.colcon_cmake.task.cmake.build:Building CMake package in '/home/poom/abu_ws/src/joystick_drivers/joy'
[0.837s] INFO:colcon.colcon_core.shell:Skip shell extension 'powershell' for command environment: Not usable outside of PowerShell
[0.837s] DEBUG:colcon.colcon_core.shell:Skip shell extension 'dsv' for command environment
[0.848s] Level 1:colcon.colcon_core.environment:create_environment_scripts_only(joy_linux)
[0.849s] Level 1:colcon.colcon_core.environment:checking '/home/poom/abu_ws/install/joy_linux' for CMake module files
[0.850s] DEBUG:colcon.colcon_core.event_handler.log_command:Invoked command in '/home/poom/abu_ws/build/joy_linux' returned '0': CMAKE_PREFIX_PATH=${CMAKE_PREFIX_PATH}:/home/poom/joy_ws/install/poom:/home/poom/abu_ws/install/abu_package:/opt/ros/foxy /home/poom/.local/bin/cmake --install /home/poom/abu_ws/build/joy_linux
[0.850s] Level 1:colcon.colcon_core.environment:checking '/home/poom/abu_ws/install/joy_linux' for CMake config files
[0.850s] Level 1:colcon.colcon_core.shell:create_environment_hook('joy_linux', 'cmake_prefix_path')
[0.851s] INFO:colcon.colcon_core.shell:Creating environment hook '/home/poom/abu_ws/install/joy_linux/share/joy_linux/hook/cmake_prefix_path.ps1'
[0.852s] INFO:colcon.colcon_core.shell:Creating environment descriptor '/home/poom/abu_ws/install/joy_linux/share/joy_linux/hook/cmake_prefix_path.dsv'
[0.852s] INFO:colcon.colcon_core.shell:Creating environment hook '/home/poom/abu_ws/install/joy_linux/share/joy_linux/hook/cmake_prefix_path.sh'
[0.852s] Level 1:colcon.colcon_core.environment:checking '/home/poom/abu_ws/install/joy_linux/lib'
[0.853s] Level 1:colcon.colcon_core.environment:checking '/home/poom/abu_ws/install/joy_linux/bin'
[0.853s] Level 1:colcon.colcon_core.environment:checking '/home/poom/abu_ws/install/joy_linux/lib/pkgconfig/joy_linux.pc'
[0.853s] Level 1:colcon.colcon_core.environment:checking '/home/poom/abu_ws/install/joy_linux/lib/python3.8/site-packages'
[0.853s] Level 1:colcon.colcon_core.environment:checking '/home/poom/abu_ws/install/joy_linux/bin'
[0.854s] INFO:colcon.colcon_core.shell:Creating package script '/home/poom/abu_ws/install/joy_linux/share/joy_linux/package.ps1'
[0.854s] INFO:colcon.colcon_core.shell:Creating package descriptor '/home/poom/abu_ws/install/joy_linux/share/joy_linux/package.dsv'
[0.855s] INFO:colcon.colcon_core.shell:Creating package script '/home/poom/abu_ws/install/joy_linux/share/joy_linux/package.sh'
[0.855s] INFO:colcon.colcon_core.shell:Creating package script '/home/poom/abu_ws/install/joy_linux/share/joy_linux/package.bash'
[0.855s] INFO:colcon.colcon_core.shell:Creating package script '/home/poom/abu_ws/install/joy_linux/share/joy_linux/package.zsh'
[0.855s] Level 1:colcon.colcon_core.environment:create_file_with_runtime_dependencies(/home/poom/abu_ws/install/joy_linux/share/colcon-core/packages/joy_linux)
[0.857s] Level 1:colcon.colcon_core.environment:create_environment_scripts_only(spacenav)
[0.859s] Level 1:colcon.colcon_core.environment:checking '/home/poom/abu_ws/install/spacenav' for CMake module files
[0.859s] Level 1:colcon.colcon_core.environment:checking '/home/poom/abu_ws/install/spacenav' for CMake config files
[0.860s] Level 1:colcon.colcon_core.shell:create_environment_hook('spacenav', 'cmake_prefix_path')
[0.861s] INFO:colcon.colcon_core.shell:Creating environment hook '/home/poom/abu_ws/install/spacenav/share/spacenav/hook/cmake_prefix_path.ps1'
[0.861s] DEBUG:colcon.colcon_core.event_handler.log_command:Invoked command in '/home/poom/abu_ws/build/spacenav' returned '0': CMAKE_PREFIX_PATH=${CMAKE_PREFIX_PATH}:/home/poom/joy_ws/install/poom:/home/poom/abu_ws/install/abu_package:/opt/ros/foxy /home/poom/.local/bin/cmake --install /home/poom/abu_ws/build/spacenav
[0.862s] INFO:colcon.colcon_core.shell:Creating environment descriptor '/home/poom/abu_ws/install/spacenav/share/spacenav/hook/cmake_prefix_path.dsv'
[0.862s] INFO:colcon.colcon_core.shell:Creating environment hook '/home/poom/abu_ws/install/spacenav/share/spacenav/hook/cmake_prefix_path.sh'
[0.863s] Level 1:colcon.colcon_core.environment:checking '/home/poom/abu_ws/install/spacenav/lib'
[0.863s] Level 1:colcon.colcon_core.shell:create_environment_hook('spacenav', 'ld_library_path_lib')
[0.864s] INFO:colcon.colcon_core.shell:Creating environment hook '/home/poom/abu_ws/install/spacenav/share/spacenav/hook/ld_library_path_lib.ps1'
[0.864s] INFO:colcon.colcon_core.shell:Creating environment descriptor '/home/poom/abu_ws/install/spacenav/share/spacenav/hook/ld_library_path_lib.dsv'
[0.864s] INFO:colcon.colcon_core.shell:Creating environment hook '/home/poom/abu_ws/install/spacenav/share/spacenav/hook/ld_library_path_lib.sh'
[0.865s] Level 1:colcon.colcon_core.environment:checking '/home/poom/abu_ws/install/spacenav/bin'
[0.865s] Level 1:colcon.colcon_core.environment:checking '/home/poom/abu_ws/install/spacenav/lib/pkgconfig/spacenav.pc'
[0.865s] Level 1:colcon.colcon_core.environment:checking '/home/poom/abu_ws/install/spacenav/lib/python3.8/site-packages'
[0.865s] Level 1:colcon.colcon_core.environment:checking '/home/poom/abu_ws/install/spacenav/bin'
[0.866s] INFO:colcon.colcon_core.shell:Creating package script '/home/poom/abu_ws/install/spacenav/share/spacenav/package.ps1'
[0.866s] INFO:colcon.colcon_core.shell:Creating package descriptor '/home/poom/abu_ws/install/spacenav/share/spacenav/package.dsv'
[0.867s] INFO:colcon.colcon_core.shell:Creating package script '/home/poom/abu_ws/install/spacenav/share/spacenav/package.sh'
[0.867s] INFO:colcon.colcon_core.shell:Creating package script '/home/poom/abu_ws/install/spacenav/share/spacenav/package.bash'
[0.867s] INFO:colcon.colcon_core.shell:Creating package script '/home/poom/abu_ws/install/spacenav/share/spacenav/package.zsh'
[0.868s] Level 1:colcon.colcon_core.environment:create_file_with_runtime_dependencies(/home/poom/abu_ws/install/spacenav/share/colcon-core/packages/spacenav)
[0.870s] Level 1:colcon.colcon_core.environment:create_environment_scripts_only(wiimote_msgs)
[0.870s] DEBUG:colcon.colcon_core.event_handler.log_command:Invoked command in '/home/poom/abu_ws/build/wiimote_msgs' returned '0': CMAKE_PREFIX_PATH=${CMAKE_PREFIX_PATH}:/home/poom/joy_ws/install/poom:/home/poom/abu_ws/install/abu_package:/opt/ros/foxy /home/poom/.local/bin/cmake --install /home/poom/abu_ws/build/wiimote_msgs
[0.872s] Level 1:colcon.colcon_core.environment:checking '/home/poom/abu_ws/install/wiimote_msgs' for CMake module files
[0.873s] Level 1:colcon.colcon_core.environment:checking '/home/poom/abu_ws/install/wiimote_msgs' for CMake config files
[0.873s] Level 1:colcon.colcon_core.shell:create_environment_hook('wiimote_msgs', 'cmake_prefix_path')
[0.874s] INFO:colcon.colcon_core.shell:Creating environment hook '/home/poom/abu_ws/install/wiimote_msgs/share/wiimote_msgs/hook/cmake_prefix_path.ps1'
[0.874s] INFO:colcon.colcon_core.shell:Creating environment descriptor '/home/poom/abu_ws/install/wiimote_msgs/share/wiimote_msgs/hook/cmake_prefix_path.dsv'
[0.874s] INFO:colcon.colcon_core.shell:Creating environment hook '/home/poom/abu_ws/install/wiimote_msgs/share/wiimote_msgs/hook/cmake_prefix_path.sh'
[0.875s] Level 1:colcon.colcon_core.environment:checking '/home/poom/abu_ws/install/wiimote_msgs/lib'
[0.875s] Level 1:colcon.colcon_core.shell:create_environment_hook('wiimote_msgs', 'ld_library_path_lib')
[0.876s] INFO:colcon.colcon_core.shell:Creating environment hook '/home/poom/abu_ws/install/wiimote_msgs/share/wiimote_msgs/hook/ld_library_path_lib.ps1'
[0.876s] INFO:colcon.colcon_core.shell:Creating environment descriptor '/home/poom/abu_ws/install/wiimote_msgs/share/wiimote_msgs/hook/ld_library_path_lib.dsv'
[0.876s] INFO:colcon.colcon_core.shell:Creating environment hook '/home/poom/abu_ws/install/wiimote_msgs/share/wiimote_msgs/hook/ld_library_path_lib.sh'
[0.877s] Level 1:colcon.colcon_core.environment:checking '/home/poom/abu_ws/install/wiimote_msgs/bin'
[0.877s] Level 1:colcon.colcon_core.environment:checking '/home/poom/abu_ws/install/wiimote_msgs/lib/pkgconfig/wiimote_msgs.pc'
[0.877s] Level 1:colcon.colcon_core.environment:checking '/home/poom/abu_ws/install/wiimote_msgs/lib/python3.8/site-packages'
[0.877s] Level 1:colcon.colcon_core.shell:create_environment_hook('wiimote_msgs', 'pythonpath')
[0.878s] INFO:colcon.colcon_core.shell:Creating environment hook '/home/poom/abu_ws/install/wiimote_msgs/share/wiimote_msgs/hook/pythonpath.ps1'
[0.878s] INFO:colcon.colcon_core.shell:Creating environment descriptor '/home/poom/abu_ws/install/wiimote_msgs/share/wiimote_msgs/hook/pythonpath.dsv'
[0.878s] INFO:colcon.colcon_core.shell:Creating environment hook '/home/poom/abu_ws/install/wiimote_msgs/share/wiimote_msgs/hook/pythonpath.sh'
[0.879s] Level 1:colcon.colcon_core.environment:checking '/home/poom/abu_ws/install/wiimote_msgs/bin'
[0.880s] INFO:colcon.colcon_core.shell:Creating package script '/home/poom/abu_ws/install/wiimote_msgs/share/wiimote_msgs/package.ps1'
[0.880s] INFO:colcon.colcon_core.shell:Creating package descriptor '/home/poom/abu_ws/install/wiimote_msgs/share/wiimote_msgs/package.dsv'
[0.880s] INFO:colcon.colcon_core.shell:Creating package script '/home/poom/abu_ws/install/wiimote_msgs/share/wiimote_msgs/package.sh'
[0.881s] INFO:colcon.colcon_core.shell:Creating package script '/home/poom/abu_ws/install/wiimote_msgs/share/wiimote_msgs/package.bash'
[0.881s] INFO:colcon.colcon_core.shell:Creating package script '/home/poom/abu_ws/install/wiimote_msgs/share/wiimote_msgs/package.zsh'
[0.881s] Level 1:colcon.colcon_core.environment:create_file_with_runtime_dependencies(/home/poom/abu_ws/install/wiimote_msgs/share/colcon-core/packages/wiimote_msgs)
[0.889s] DEBUG:colcon.colcon_core.event_handler.log_command:Invoking command in '/home/poom/abu_ws/build/joy': CMAKE_PREFIX_PATH=/home/poom/abu_ws/install/sdl2_vendor:/home/poom/joy_ws/install/wiimote:/home/poom/joy_ws/install/wiimote_msgs:/home/poom/joy_ws/install/spacenav:/home/poom/joy_ws/install/joy:/home/poom/joy_ws/install/sdl2_vendor:/home/poom/joy_ws/install/joy_linux:/home/poom/abu_ws/install/wiimote:/home/poom/abu_ws/install/wiimote_msgs:/home/poom/abu_ws/install/spacenav:/home/poom/abu_ws/install/joy:/home/poom/abu_ws/install/joy_linux:/home/poom/microros_ws/install/micro_ros_setup:/home/poom/microros_ws/install/micro_ros_agent:/home/poom/microros_ws/install/micro_ros_msgs:/home/poom/orb_ws/install/orb_slam2_ros:/home/poom/joy_ws/install/poom:/home/poom/abu_ws/install/abu_package:/opt/ros/foxy /home/poom/.local/bin/cmake --build /home/poom/abu_ws/build/joy -- -j12 -l12
[0.894s] Level 1:colcon.colcon_core.environment:create_environment_scripts_only(joy_linux)
[0.896s] Level 1:colcon.colcon_core.environment:checking '/home/poom/abu_ws/install/joy_linux' for CMake module files
[0.897s] Level 1:colcon.colcon_core.environment:checking '/home/poom/abu_ws/install/joy_linux' for CMake config files
[0.897s] Level 1:colcon.colcon_core.shell:create_environment_hook('joy_linux', 'cmake_prefix_path')
[0.898s] INFO:colcon.colcon_core.shell:Creating environment hook '/home/poom/abu_ws/install/joy_linux/share/joy_linux/hook/cmake_prefix_path.ps1'
[0.899s] INFO:colcon.colcon_core.shell:Creating environment descriptor '/home/poom/abu_ws/install/joy_linux/share/joy_linux/hook/cmake_prefix_path.dsv'
[0.899s] INFO:colcon.colcon_core.shell:Creating environment hook '/home/poom/abu_ws/install/joy_linux/share/joy_linux/hook/cmake_prefix_path.sh'
[0.899s] Level 1:colcon.colcon_core.environment:checking '/home/poom/abu_ws/install/joy_linux/lib'
[0.899s] Level 1:colcon.colcon_core.environment:checking '/home/poom/abu_ws/install/joy_linux/bin'
[0.899s] Level 1:colcon.colcon_core.environment:checking '/home/poom/abu_ws/install/joy_linux/lib/pkgconfig/joy_linux.pc'
[0.899s] Level 1:colcon.colcon_core.environment:checking '/home/poom/abu_ws/install/joy_linux/lib/python3.8/site-packages'
[0.900s] Level 1:colcon.colcon_core.environment:checking '/home/poom/abu_ws/install/joy_linux/bin'
[0.901s] INFO:colcon.colcon_core.shell:Creating package script '/home/poom/abu_ws/install/joy_linux/share/joy_linux/package.ps1'
[0.901s] INFO:colcon.colcon_core.shell:Creating package descriptor '/home/poom/abu_ws/install/joy_linux/share/joy_linux/package.dsv'
[0.902s] INFO:colcon.colcon_core.shell:Creating package script '/home/poom/abu_ws/install/joy_linux/share/joy_linux/package.sh'
[0.902s] INFO:colcon.colcon_core.shell:Creating package script '/home/poom/abu_ws/install/joy_linux/share/joy_linux/package.bash'
[0.902s] INFO:colcon.colcon_core.shell:Creating package script '/home/poom/abu_ws/install/joy_linux/share/joy_linux/package.zsh'
[0.902s] Level 1:colcon.colcon_core.environment:create_file_with_runtime_dependencies(/home/poom/abu_ws/install/joy_linux/share/colcon-core/packages/joy_linux)
[0.909s] Level 1:colcon.colcon_core.environment:create_environment_scripts_only(spacenav)
[0.911s] Level 1:colcon.colcon_core.environment:checking '/home/poom/abu_ws/install/spacenav' for CMake module files
[0.911s] Level 1:colcon.colcon_core.environment:checking '/home/poom/abu_ws/install/spacenav' for CMake config files
[0.911s] Level 1:colcon.colcon_core.shell:create_environment_hook('spacenav', 'cmake_prefix_path')
[0.912s] INFO:colcon.colcon_core.shell:Creating environment hook '/home/poom/abu_ws/install/spacenav/share/spacenav/hook/cmake_prefix_path.ps1'
[0.913s] INFO:colcon.colcon_core.shell:Creating environment descriptor '/home/poom/abu_ws/install/spacenav/share/spacenav/hook/cmake_prefix_path.dsv'
[0.913s] INFO:colcon.colcon_core.shell:Creating environment hook '/home/poom/abu_ws/install/spacenav/share/spacenav/hook/cmake_prefix_path.sh'
[0.913s] Level 1:colcon.colcon_core.environment:checking '/home/poom/abu_ws/install/spacenav/lib'
[0.914s] Level 1:colcon.colcon_core.shell:create_environment_hook('spacenav', 'ld_library_path_lib')
[0.915s] INFO:colcon.colcon_core.shell:Creating environment hook '/home/poom/abu_ws/install/spacenav/share/spacenav/hook/ld_library_path_lib.ps1'
[0.916s] INFO:colcon.colcon_core.shell:Creating environment descriptor '/home/poom/abu_ws/install/spacenav/share/spacenav/hook/ld_library_path_lib.dsv'
[0.916s] INFO:colcon.colcon_core.shell:Creating environment hook '/home/poom/abu_ws/install/spacenav/share/spacenav/hook/ld_library_path_lib.sh'
[0.916s] Level 1:colcon.colcon_core.environment:checking '/home/poom/abu_ws/install/spacenav/bin'
[0.916s] Level 1:colcon.colcon_core.environment:checking '/home/poom/abu_ws/install/spacenav/lib/pkgconfig/spacenav.pc'
[0.917s] Level 1:colcon.colcon_core.environment:checking '/home/poom/abu_ws/install/spacenav/lib/python3.8/site-packages'
[0.917s] Level 1:colcon.colcon_core.environment:checking '/home/poom/abu_ws/install/spacenav/bin'
[0.918s] INFO:colcon.colcon_core.shell:Creating package script '/home/poom/abu_ws/install/spacenav/share/spacenav/package.ps1'
[0.918s] INFO:colcon.colcon_core.shell:Creating package descriptor '/home/poom/abu_ws/install/spacenav/share/spacenav/package.dsv'
[0.919s] INFO:colcon.colcon_core.shell:Creating package script '/home/poom/abu_ws/install/spacenav/share/spacenav/package.sh'
[0.919s] INFO:colcon.colcon_core.shell:Creating package script '/home/poom/abu_ws/install/spacenav/share/spacenav/package.bash'
[0.919s] INFO:colcon.colcon_core.shell:Creating package script '/home/poom/abu_ws/install/spacenav/share/spacenav/package.zsh'
[0.919s] Level 1:colcon.colcon_core.environment:create_file_with_runtime_dependencies(/home/poom/abu_ws/install/spacenav/share/colcon-core/packages/spacenav)
[0.940s] DEBUG:colcon.colcon_core.event_handler.log_command:Invoked command in '/home/poom/abu_ws/build/joy' returned '0': CMAKE_PREFIX_PATH=/home/poom/abu_ws/install/sdl2_vendor:/home/poom/joy_ws/install/wiimote:/home/poom/joy_ws/install/wiimote_msgs:/home/poom/joy_ws/install/spacenav:/home/poom/joy_ws/install/joy:/home/poom/joy_ws/install/sdl2_vendor:/home/poom/joy_ws/install/joy_linux:/home/poom/abu_ws/install/wiimote:/home/poom/abu_ws/install/wiimote_msgs:/home/poom/abu_ws/install/spacenav:/home/poom/abu_ws/install/joy:/home/poom/abu_ws/install/joy_linux:/home/poom/microros_ws/install/micro_ros_setup:/home/poom/microros_ws/install/micro_ros_agent:/home/poom/microros_ws/install/micro_ros_msgs:/home/poom/orb_ws/install/orb_slam2_ros:/home/poom/joy_ws/install/poom:/home/poom/abu_ws/install/abu_package:/opt/ros/foxy /home/poom/.local/bin/cmake --build /home/poom/abu_ws/build/joy -- -j12 -l12
[0.968s] Level 1:colcon.colcon_core.environment:create_environment_scripts_only(wiimote_msgs)
[0.970s] Level 1:colcon.colcon_core.environment:checking '/home/poom/abu_ws/install/wiimote_msgs' for CMake module files
[0.970s] Level 1:colcon.colcon_core.environment:checking '/home/poom/abu_ws/install/wiimote_msgs' for CMake config files
[0.971s] Level 1:colcon.colcon_core.shell:create_environment_hook('wiimote_msgs', 'cmake_prefix_path')
[0.972s] INFO:colcon.colcon_core.shell:Creating environment hook '/home/poom/abu_ws/install/wiimote_msgs/share/wiimote_msgs/hook/cmake_prefix_path.ps1'
[0.972s] INFO:colcon.colcon_core.shell:Creating environment descriptor '/home/poom/abu_ws/install/wiimote_msgs/share/wiimote_msgs/hook/cmake_prefix_path.dsv'
[0.973s] INFO:colcon.colcon_core.shell:Creating environment hook '/home/poom/abu_ws/install/wiimote_msgs/share/wiimote_msgs/hook/cmake_prefix_path.sh'
[0.973s] Level 1:colcon.colcon_core.environment:checking '/home/poom/abu_ws/install/wiimote_msgs/lib'
[0.973s] Level 1:colcon.colcon_core.shell:create_environment_hook('wiimote_msgs', 'ld_library_path_lib')
[0.974s] INFO:colcon.colcon_core.shell:Creating environment hook '/home/poom/abu_ws/install/wiimote_msgs/share/wiimote_msgs/hook/ld_library_path_lib.ps1'
[0.975s] INFO:colcon.colcon_core.shell:Creating environment descriptor '/home/poom/abu_ws/install/wiimote_msgs/share/wiimote_msgs/hook/ld_library_path_lib.dsv'
[0.975s] INFO:colcon.colcon_core.shell:Creating environment hook '/home/poom/abu_ws/install/wiimote_msgs/share/wiimote_msgs/hook/ld_library_path_lib.sh'
[0.975s] Level 1:colcon.colcon_core.environment:checking '/home/poom/abu_ws/install/wiimote_msgs/bin'
[0.975s] Level 1:colcon.colcon_core.environment:checking '/home/poom/abu_ws/install/wiimote_msgs/lib/pkgconfig/wiimote_msgs.pc'
[0.975s] Level 1:colcon.colcon_core.environment:checking '/home/poom/abu_ws/install/wiimote_msgs/lib/python3.8/site-packages'
[0.975s] Level 1:colcon.colcon_core.shell:create_environment_hook('wiimote_msgs', 'pythonpath')
[0.977s] INFO:colcon.colcon_core.shell:Creating environment hook '/home/poom/abu_ws/install/wiimote_msgs/share/wiimote_msgs/hook/pythonpath.ps1'
[0.977s] INFO:colcon.colcon_core.shell:Creating environment descriptor '/home/poom/abu_ws/install/wiimote_msgs/share/wiimote_msgs/hook/pythonpath.dsv'
[0.977s] INFO:colcon.colcon_core.shell:Creating environment hook '/home/poom/abu_ws/install/wiimote_msgs/share/wiimote_msgs/hook/pythonpath.sh'
[0.978s] Level 1:colcon.colcon_core.environment:checking '/home/poom/abu_ws/install/wiimote_msgs/bin'
[0.979s] INFO:colcon.colcon_core.shell:Creating package script '/home/poom/abu_ws/install/wiimote_msgs/share/wiimote_msgs/package.ps1'
[0.979s] INFO:colcon.colcon_core.shell:Creating package descriptor '/home/poom/abu_ws/install/wiimote_msgs/share/wiimote_msgs/package.dsv'
[0.979s] INFO:colcon.colcon_core.shell:Creating package script '/home/poom/abu_ws/install/wiimote_msgs/share/wiimote_msgs/package.sh'
[0.980s] INFO:colcon.colcon_core.shell:Creating package script '/home/poom/abu_ws/install/wiimote_msgs/share/wiimote_msgs/package.bash'
[0.980s] INFO:colcon.colcon_core.shell:Creating package script '/home/poom/abu_ws/install/wiimote_msgs/share/wiimote_msgs/package.zsh'
[0.980s] Level 1:colcon.colcon_core.environment:create_file_with_runtime_dependencies(/home/poom/abu_ws/install/wiimote_msgs/share/colcon-core/packages/wiimote_msgs)
[0.981s] INFO:colcon.colcon_ros.task.ament_cmake.build:Building ROS package in '/home/poom/abu_ws/src/joystick_drivers/wiimote' with build type 'ament_cmake'
[0.981s] INFO:colcon.colcon_cmake.task.cmake.build:Building CMake package in '/home/poom/abu_ws/src/joystick_drivers/wiimote'
[0.982s] INFO:colcon.colcon_core.shell:Skip shell extension 'powershell' for command environment: Not usable outside of PowerShell
[0.982s] DEBUG:colcon.colcon_core.shell:Skip shell extension 'dsv' for command environment
[0.992s] DEBUG:colcon.colcon_core.event_handler.log_command:Invoking command in '/home/poom/abu_ws/build/joy': CMAKE_PREFIX_PATH=/home/poom/abu_ws/install/sdl2_vendor:/home/poom/joy_ws/install/wiimote:/home/poom/joy_ws/install/wiimote_msgs:/home/poom/joy_ws/install/spacenav:/home/poom/joy_ws/install/joy:/home/poom/joy_ws/install/sdl2_vendor:/home/poom/joy_ws/install/joy_linux:/home/poom/abu_ws/install/wiimote:/home/poom/abu_ws/install/wiimote_msgs:/home/poom/abu_ws/install/spacenav:/home/poom/abu_ws/install/joy:/home/poom/abu_ws/install/joy_linux:/home/poom/microros_ws/install/micro_ros_setup:/home/poom/microros_ws/install/micro_ros_agent:/home/poom/microros_ws/install/micro_ros_msgs:/home/poom/orb_ws/install/orb_slam2_ros:/home/poom/joy_ws/install/poom:/home/poom/abu_ws/install/abu_package:/opt/ros/foxy /home/poom/.local/bin/cmake --install /home/poom/abu_ws/build/joy
[0.999s] DEBUG:colcon.colcon_core.event_handler.log_command:Invoking command in '/home/poom/abu_ws/build/wiimote': CMAKE_PREFIX_PATH=/home/poom/abu_ws/install/wiimote_msgs:/home/poom/joy_ws/install/wiimote:/home/poom/joy_ws/install/wiimote_msgs:/home/poom/joy_ws/install/spacenav:/home/poom/joy_ws/install/joy:/home/poom/joy_ws/install/sdl2_vendor:/home/poom/joy_ws/install/joy_linux:/home/poom/abu_ws/install/wiimote:/home/poom/abu_ws/install/spacenav:/home/poom/abu_ws/install/joy:/home/poom/abu_ws/install/sdl2_vendor:/home/poom/abu_ws/install/joy_linux:/home/poom/microros_ws/install/micro_ros_setup:/home/poom/microros_ws/install/micro_ros_agent:/home/poom/microros_ws/install/micro_ros_msgs:/home/poom/orb_ws/install/orb_slam2_ros:/home/poom/joy_ws/install/poom:/home/poom/abu_ws/install/abu_package:/opt/ros/foxy LD_LIBRARY_PATH=/home/poom/abu_ws/install/wiimote_msgs/lib:/home/poom/joy_ws/install/wiimote/lib:/home/poom/joy_ws/install/wiimote_msgs/lib:/home/poom/joy_ws/install/spacenav/lib:/home/poom/joy_ws/install/joy/lib:/home/poom/abu_ws/install/wiimote/lib:/home/poom/abu_ws/install/spacenav/lib:/home/poom/abu_ws/install/joy/lib:/home/poom/microros_ws/install/micro_ros_agent/lib:/home/poom/microros_ws/install/micro_ros_msgs/lib:/home/poom/orb_ws/install/orb_slam2_ros/lib:/opt/ros/foxy/opt/yaml_cpp_vendor/lib:/opt/ros/foxy/opt/rviz_ogre_vendor/lib:/opt/ros/foxy/lib/x86_64-linux-gnu:/opt/ros/foxy/lib PYTHONPATH=/home/poom/abu_ws/install/wiimote_msgs/lib/python3.8/site-packages:/home/poom/joy_ws/install/wiimote_msgs/lib/python3.8/site-packages:/home/poom/joy_ws/install/poom/lib/python3.8/site-packages:/home/poom/abu_ws/install/abu_package/lib/python3.8/site-packages:/home/poom/microros_ws/install/micro_ros_msgs/lib/python3.8/site-packages:/home/poom/orb_ws/install/orb_slam2_ros/lib/python3.8/site-packages:/opt/ros/foxy/lib/python3.8/site-packages /home/poom/.local/bin/cmake --build /home/poom/abu_ws/build/wiimote -- -j12 -l12
[1.022s] Level 1:colcon.colcon_core.environment:create_environment_scripts_only(joy)
[1.022s] DEBUG:colcon.colcon_core.event_handler.log_command:Invoked command in '/home/poom/abu_ws/build/joy' returned '0': CMAKE_PREFIX_PATH=/home/poom/abu_ws/install/sdl2_vendor:/home/poom/joy_ws/install/wiimote:/home/poom/joy_ws/install/wiimote_msgs:/home/poom/joy_ws/install/spacenav:/home/poom/joy_ws/install/joy:/home/poom/joy_ws/install/sdl2_vendor:/home/poom/joy_ws/install/joy_linux:/home/poom/abu_ws/install/wiimote:/home/poom/abu_ws/install/wiimote_msgs:/home/poom/abu_ws/install/spacenav:/home/poom/abu_ws/install/joy:/home/poom/abu_ws/install/joy_linux:/home/poom/microros_ws/install/micro_ros_setup:/home/poom/microros_ws/install/micro_ros_agent:/home/poom/microros_ws/install/micro_ros_msgs:/home/poom/orb_ws/install/orb_slam2_ros:/home/poom/joy_ws/install/poom:/home/poom/abu_ws/install/abu_package:/opt/ros/foxy /home/poom/.local/bin/cmake --install /home/poom/abu_ws/build/joy
[1.025s] Level 1:colcon.colcon_core.environment:checking '/home/poom/abu_ws/install/joy' for CMake module files
[1.025s] Level 1:colcon.colcon_core.environment:checking '/home/poom/abu_ws/install/joy' for CMake config files
[1.026s] Level 1:colcon.colcon_core.shell:create_environment_hook('joy', 'cmake_prefix_path')
[1.027s] INFO:colcon.colcon_core.shell:Creating environment hook '/home/poom/abu_ws/install/joy/share/joy/hook/cmake_prefix_path.ps1'
[1.027s] INFO:colcon.colcon_core.shell:Creating environment descriptor '/home/poom/abu_ws/install/joy/share/joy/hook/cmake_prefix_path.dsv'
[1.028s] INFO:colcon.colcon_core.shell:Creating environment hook '/home/poom/abu_ws/install/joy/share/joy/hook/cmake_prefix_path.sh'
[1.028s] Level 1:colcon.colcon_core.environment:checking '/home/poom/abu_ws/install/joy/lib'
[1.028s] Level 1:colcon.colcon_core.shell:create_environment_hook('joy', 'ld_library_path_lib')
[1.029s] INFO:colcon.colcon_core.shell:Creating environment hook '/home/poom/abu_ws/install/joy/share/joy/hook/ld_library_path_lib.ps1'
[1.029s] INFO:colcon.colcon_core.shell:Creating environment descriptor '/home/poom/abu_ws/install/joy/share/joy/hook/ld_library_path_lib.dsv'
[1.030s] INFO:colcon.colcon_core.shell:Creating environment hook '/home/poom/abu_ws/install/joy/share/joy/hook/ld_library_path_lib.sh'
[1.030s] Level 1:colcon.colcon_core.environment:checking '/home/poom/abu_ws/install/joy/bin'
[1.030s] Level 1:colcon.colcon_core.environment:checking '/home/poom/abu_ws/install/joy/lib/pkgconfig/joy.pc'
[1.030s] Level 1:colcon.colcon_core.environment:checking '/home/poom/abu_ws/install/joy/lib/python3.8/site-packages'
[1.030s] Level 1:colcon.colcon_core.environment:checking '/home/poom/abu_ws/install/joy/bin'
[1.031s] INFO:colcon.colcon_core.shell:Creating package script '/home/poom/abu_ws/install/joy/share/joy/package.ps1'
[1.032s] INFO:colcon.colcon_core.shell:Creating package descriptor '/home/poom/abu_ws/install/joy/share/joy/package.dsv'
[1.032s] INFO:colcon.colcon_core.shell:Creating package script '/home/poom/abu_ws/install/joy/share/joy/package.sh'
[1.032s] INFO:colcon.colcon_core.shell:Creating package script '/home/poom/abu_ws/install/joy/share/joy/package.bash'
[1.032s] INFO:colcon.colcon_core.shell:Creating package script '/home/poom/abu_ws/install/joy/share/joy/package.zsh'
[1.033s] Level 1:colcon.colcon_core.environment:create_file_with_runtime_dependencies(/home/poom/abu_ws/install/joy/share/colcon-core/packages/joy)
[1.066s] DEBUG:colcon.colcon_core.event_handler.log_command:Invoked command in '/home/poom/abu_ws/build/wiimote' returned '0': CMAKE_PREFIX_PATH=/home/poom/abu_ws/install/wiimote_msgs:/home/poom/joy_ws/install/wiimote:/home/poom/joy_ws/install/wiimote_msgs:/home/poom/joy_ws/install/spacenav:/home/poom/joy_ws/install/joy:/home/poom/joy_ws/install/sdl2_vendor:/home/poom/joy_ws/install/joy_linux:/home/poom/abu_ws/install/wiimote:/home/poom/abu_ws/install/spacenav:/home/poom/abu_ws/install/joy:/home/poom/abu_ws/install/sdl2_vendor:/home/poom/abu_ws/install/joy_linux:/home/poom/microros_ws/install/micro_ros_setup:/home/poom/microros_ws/install/micro_ros_agent:/home/poom/microros_ws/install/micro_ros_msgs:/home/poom/orb_ws/install/orb_slam2_ros:/home/poom/joy_ws/install/poom:/home/poom/abu_ws/install/abu_package:/opt/ros/foxy LD_LIBRARY_PATH=/home/poom/abu_ws/install/wiimote_msgs/lib:/home/poom/joy_ws/install/wiimote/lib:/home/poom/joy_ws/install/wiimote_msgs/lib:/home/poom/joy_ws/install/spacenav/lib:/home/poom/joy_ws/install/joy/lib:/home/poom/abu_ws/install/wiimote/lib:/home/poom/abu_ws/install/spacenav/lib:/home/poom/abu_ws/install/joy/lib:/home/poom/microros_ws/install/micro_ros_agent/lib:/home/poom/microros_ws/install/micro_ros_msgs/lib:/home/poom/orb_ws/install/orb_slam2_ros/lib:/opt/ros/foxy/opt/yaml_cpp_vendor/lib:/opt/ros/foxy/opt/rviz_ogre_vendor/lib:/opt/ros/foxy/lib/x86_64-linux-gnu:/opt/ros/foxy/lib PYTHONPATH=/home/poom/abu_ws/install/wiimote_msgs/lib/python3.8/site-packages:/home/poom/joy_ws/install/wiimote_msgs/lib/python3.8/site-packages:/home/poom/joy_ws/install/poom/lib/python3.8/site-packages:/home/poom/abu_ws/install/abu_package/lib/python3.8/site-packages:/home/poom/microros_ws/install/micro_ros_msgs/lib/python3.8/site-packages:/home/poom/orb_ws/install/orb_slam2_ros/lib/python3.8/site-packages:/opt/ros/foxy/lib/python3.8/site-packages /home/poom/.local/bin/cmake --build /home/poom/abu_ws/build/wiimote -- -j12 -l12
[1.081s] Level 1:colcon.colcon_core.environment:create_environment_scripts_only(joy)
[1.083s] Level 1:colcon.colcon_core.environment:checking '/home/poom/abu_ws/install/joy' for CMake module files
[1.083s] DEBUG:colcon.colcon_core.event_handler.log_command:Invoking command in '/home/poom/abu_ws/src/abu_package': PYTHONPATH=/home/poom/abu_ws/build/abu_package/prefix_override:/home/poom/abu_ws/install/abu_package/lib/python3.8/site-packages:${PYTHONPATH} /usr/bin/python3 setup.py egg_info --egg-base ../../build/abu_package build --build-base /home/poom/abu_ws/build/abu_package/build install --record /home/poom/abu_ws/build/abu_package/install.log --install-scripts $base/lib/abu_package --single-version-externally-managed
[1.084s] Level 1:colcon.colcon_core.environment:checking '/home/poom/abu_ws/install/joy' for CMake config files
[1.084s] Level 1:colcon.colcon_core.shell:create_environment_hook('joy', 'cmake_prefix_path')
[1.085s] INFO:colcon.colcon_core.shell:Creating environment hook '/home/poom/abu_ws/install/joy/share/joy/hook/cmake_prefix_path.ps1'
[1.086s] INFO:colcon.colcon_core.shell:Creating environment descriptor '/home/poom/abu_ws/install/joy/share/joy/hook/cmake_prefix_path.dsv'
[1.086s] INFO:colcon.colcon_core.shell:Creating environment hook '/home/poom/abu_ws/install/joy/share/joy/hook/cmake_prefix_path.sh'
[1.086s] Level 1:colcon.colcon_core.environment:checking '/home/poom/abu_ws/install/joy/lib'
[1.086s] Level 1:colcon.colcon_core.shell:create_environment_hook('joy', 'ld_library_path_lib')
[1.088s] INFO:colcon.colcon_core.shell:Creating environment hook '/home/poom/abu_ws/install/joy/share/joy/hook/ld_library_path_lib.ps1'
[1.088s] INFO:colcon.colcon_core.shell:Creating environment descriptor '/home/poom/abu_ws/install/joy/share/joy/hook/ld_library_path_lib.dsv'
[1.088s] INFO:colcon.colcon_core.shell:Creating environment hook '/home/poom/abu_ws/install/joy/share/joy/hook/ld_library_path_lib.sh'
[1.089s] Level 1:colcon.colcon_core.environment:checking '/home/poom/abu_ws/install/joy/bin'
[1.089s] Level 1:colcon.colcon_core.environment:checking '/home/poom/abu_ws/install/joy/lib/pkgconfig/joy.pc'
[1.089s] Level 1:colcon.colcon_core.environment:checking '/home/poom/abu_ws/install/joy/lib/python3.8/site-packages'
[1.089s] Level 1:colcon.colcon_core.environment:checking '/home/poom/abu_ws/install/joy/bin'
[1.091s] INFO:colcon.colcon_core.shell:Creating package script '/home/poom/abu_ws/install/joy/share/joy/package.ps1'
[1.091s] INFO:colcon.colcon_core.shell:Creating package descriptor '/home/poom/abu_ws/install/joy/share/joy/package.dsv'
[1.092s] INFO:colcon.colcon_core.shell:Creating package script '/home/poom/abu_ws/install/joy/share/joy/package.sh'
[1.092s] INFO:colcon.colcon_core.shell:Creating package script '/home/poom/abu_ws/install/joy/share/joy/package.bash'
[1.092s] INFO:colcon.colcon_core.shell:Creating package script '/home/poom/abu_ws/install/joy/share/joy/package.zsh'
[1.093s] Level 1:colcon.colcon_core.environment:create_file_with_runtime_dependencies(/home/poom/abu_ws/install/joy/share/colcon-core/packages/joy)
[1.113s] DEBUG:colcon.colcon_core.event_handler.log_command:Invoking command in '/home/poom/abu_ws/build/wiimote': CMAKE_PREFIX_PATH=/home/poom/abu_ws/install/wiimote_msgs:/home/poom/joy_ws/install/wiimote:/home/poom/joy_ws/install/wiimote_msgs:/home/poom/joy_ws/install/spacenav:/home/poom/joy_ws/install/joy:/home/poom/joy_ws/install/sdl2_vendor:/home/poom/joy_ws/install/joy_linux:/home/poom/abu_ws/install/wiimote:/home/poom/abu_ws/install/spacenav:/home/poom/abu_ws/install/joy:/home/poom/abu_ws/install/sdl2_vendor:/home/poom/abu_ws/install/joy_linux:/home/poom/microros_ws/install/micro_ros_setup:/home/poom/microros_ws/install/micro_ros_agent:/home/poom/microros_ws/install/micro_ros_msgs:/home/poom/orb_ws/install/orb_slam2_ros:/home/poom/joy_ws/install/poom:/home/poom/abu_ws/install/abu_package:/opt/ros/foxy LD_LIBRARY_PATH=/home/poom/abu_ws/install/wiimote_msgs/lib:/home/poom/joy_ws/install/wiimote/lib:/home/poom/joy_ws/install/wiimote_msgs/lib:/home/poom/joy_ws/install/spacenav/lib:/home/poom/joy_ws/install/joy/lib:/home/poom/abu_ws/install/wiimote/lib:/home/poom/abu_ws/install/spacenav/lib:/home/poom/abu_ws/install/joy/lib:/home/poom/microros_ws/install/micro_ros_agent/lib:/home/poom/microros_ws/install/micro_ros_msgs/lib:/home/poom/orb_ws/install/orb_slam2_ros/lib:/opt/ros/foxy/opt/yaml_cpp_vendor/lib:/opt/ros/foxy/opt/rviz_ogre_vendor/lib:/opt/ros/foxy/lib/x86_64-linux-gnu:/opt/ros/foxy/lib PYTHONPATH=/home/poom/abu_ws/install/wiimote_msgs/lib/python3.8/site-packages:/home/poom/joy_ws/install/wiimote_msgs/lib/python3.8/site-packages:/home/poom/joy_ws/install/poom/lib/python3.8/site-packages:/home/poom/abu_ws/install/abu_package/lib/python3.8/site-packages:/home/poom/microros_ws/install/micro_ros_msgs/lib/python3.8/site-packages:/home/poom/orb_ws/install/orb_slam2_ros/lib/python3.8/site-packages:/opt/ros/foxy/lib/python3.8/site-packages /home/poom/.local/bin/cmake --install /home/poom/abu_ws/build/wiimote
[1.140s] Level 1:colcon.colcon_core.environment:create_environment_scripts_only(wiimote)
[1.140s] DEBUG:colcon.colcon_core.event_handler.log_command:Invoked command in '/home/poom/abu_ws/build/wiimote' returned '0': CMAKE_PREFIX_PATH=/home/poom/abu_ws/install/wiimote_msgs:/home/poom/joy_ws/install/wiimote:/home/poom/joy_ws/install/wiimote_msgs:/home/poom/joy_ws/install/spacenav:/home/poom/joy_ws/install/joy:/home/poom/joy_ws/install/sdl2_vendor:/home/poom/joy_ws/install/joy_linux:/home/poom/abu_ws/install/wiimote:/home/poom/abu_ws/install/spacenav:/home/poom/abu_ws/install/joy:/home/poom/abu_ws/install/sdl2_vendor:/home/poom/abu_ws/install/joy_linux:/home/poom/microros_ws/install/micro_ros_setup:/home/poom/microros_ws/install/micro_ros_agent:/home/poom/microros_ws/install/micro_ros_msgs:/home/poom/orb_ws/install/orb_slam2_ros:/home/poom/joy_ws/install/poom:/home/poom/abu_ws/install/abu_package:/opt/ros/foxy LD_LIBRARY_PATH=/home/poom/abu_ws/install/wiimote_msgs/lib:/home/poom/joy_ws/install/wiimote/lib:/home/poom/joy_ws/install/wiimote_msgs/lib:/home/poom/joy_ws/install/spacenav/lib:/home/poom/joy_ws/install/joy/lib:/home/poom/abu_ws/install/wiimote/lib:/home/poom/abu_ws/install/spacenav/lib:/home/poom/abu_ws/install/joy/lib:/home/poom/microros_ws/install/micro_ros_agent/lib:/home/poom/microros_ws/install/micro_ros_msgs/lib:/home/poom/orb_ws/install/orb_slam2_ros/lib:/opt/ros/foxy/opt/yaml_cpp_vendor/lib:/opt/ros/foxy/opt/rviz_ogre_vendor/lib:/opt/ros/foxy/lib/x86_64-linux-gnu:/opt/ros/foxy/lib PYTHONPATH=/home/poom/abu_ws/install/wiimote_msgs/lib/python3.8/site-packages:/home/poom/joy_ws/install/wiimote_msgs/lib/python3.8/site-packages:/home/poom/joy_ws/install/poom/lib/python3.8/site-packages:/home/poom/abu_ws/install/abu_package/lib/python3.8/site-packages:/home/poom/microros_ws/install/micro_ros_msgs/lib/python3.8/site-packages:/home/poom/orb_ws/install/orb_slam2_ros/lib/python3.8/site-packages:/opt/ros/foxy/lib/python3.8/site-packages /home/poom/.local/bin/cmake --install /home/poom/abu_ws/build/wiimote
[1.143s] Level 1:colcon.colcon_core.environment:checking '/home/poom/abu_ws/install/wiimote' for CMake module files
[1.143s] Level 1:colcon.colcon_core.environment:checking '/home/poom/abu_ws/install/wiimote' for CMake config files
[1.143s] Level 1:colcon.colcon_core.shell:create_environment_hook('wiimote', 'cmake_prefix_path')
[1.145s] INFO:colcon.colcon_core.shell:Creating environment hook '/home/poom/abu_ws/install/wiimote/share/wiimote/hook/cmake_prefix_path.ps1'
[1.145s] INFO:colcon.colcon_core.shell:Creating environment descriptor '/home/poom/abu_ws/install/wiimote/share/wiimote/hook/cmake_prefix_path.dsv'
[1.145s] INFO:colcon.colcon_core.shell:Creating environment hook '/home/poom/abu_ws/install/wiimote/share/wiimote/hook/cmake_prefix_path.sh'
[1.146s] Level 1:colcon.colcon_core.environment:checking '/home/poom/abu_ws/install/wiimote/lib'
[1.146s] Level 1:colcon.colcon_core.shell:create_environment_hook('wiimote', 'ld_library_path_lib')
[1.147s] INFO:colcon.colcon_core.shell:Creating environment hook '/home/poom/abu_ws/install/wiimote/share/wiimote/hook/ld_library_path_lib.ps1'
[1.148s] INFO:colcon.colcon_core.shell:Creating environment descriptor '/home/poom/abu_ws/install/wiimote/share/wiimote/hook/ld_library_path_lib.dsv'
[1.148s] INFO:colcon.colcon_core.shell:Creating environment hook '/home/poom/abu_ws/install/wiimote/share/wiimote/hook/ld_library_path_lib.sh'
[1.148s] Level 1:colcon.colcon_core.environment:checking '/home/poom/abu_ws/install/wiimote/bin'
[1.148s] Level 1:colcon.colcon_core.environment:checking '/home/poom/abu_ws/install/wiimote/lib/pkgconfig/wiimote.pc'
[1.148s] Level 1:colcon.colcon_core.environment:checking '/home/poom/abu_ws/install/wiimote/lib/python3.8/site-packages'
[1.149s] Level 1:colcon.colcon_core.environment:checking '/home/poom/abu_ws/install/wiimote/bin'
[1.151s] INFO:colcon.colcon_core.shell:Creating package script '/home/poom/abu_ws/install/wiimote/share/wiimote/package.ps1'
[1.151s] INFO:colcon.colcon_core.shell:Creating package descriptor '/home/poom/abu_ws/install/wiimote/share/wiimote/package.dsv'
[1.151s] INFO:colcon.colcon_core.shell:Creating package script '/home/poom/abu_ws/install/wiimote/share/wiimote/package.sh'
[1.152s] INFO:colcon.colcon_core.shell:Creating package script '/home/poom/abu_ws/install/wiimote/share/wiimote/package.bash'
[1.152s] INFO:colcon.colcon_core.shell:Creating package script '/home/poom/abu_ws/install/wiimote/share/wiimote/package.zsh'
[1.152s] Level 1:colcon.colcon_core.environment:create_file_with_runtime_dependencies(/home/poom/abu_ws/install/wiimote/share/colcon-core/packages/wiimote)
[1.199s] Level 1:colcon.colcon_core.environment:create_environment_scripts_only(wiimote)
[1.200s] Level 1:colcon.colcon_core.environment:checking '/home/poom/abu_ws/install/wiimote' for CMake module files
[1.201s] Level 1:colcon.colcon_core.environment:checking '/home/poom/abu_ws/install/wiimote' for CMake config files
[1.201s] Level 1:colcon.colcon_core.shell:create_environment_hook('wiimote', 'cmake_prefix_path')
[1.202s] INFO:colcon.colcon_core.shell:Creating environment hook '/home/poom/abu_ws/install/wiimote/share/wiimote/hook/cmake_prefix_path.ps1'
[1.202s] INFO:colcon.colcon_core.shell:Creating environment descriptor '/home/poom/abu_ws/install/wiimote/share/wiimote/hook/cmake_prefix_path.dsv'
[1.202s] INFO:colcon.colcon_core.shell:Creating environment hook '/home/poom/abu_ws/install/wiimote/share/wiimote/hook/cmake_prefix_path.sh'
[1.203s] Level 1:colcon.colcon_core.environment:checking '/home/poom/abu_ws/install/wiimote/lib'
[1.203s] Level 1:colcon.colcon_core.shell:create_environment_hook('wiimote', 'ld_library_path_lib')
[1.204s] INFO:colcon.colcon_core.shell:Creating environment hook '/home/poom/abu_ws/install/wiimote/share/wiimote/hook/ld_library_path_lib.ps1'
[1.204s] INFO:colcon.colcon_core.shell:Creating environment descriptor '/home/poom/abu_ws/install/wiimote/share/wiimote/hook/ld_library_path_lib.dsv'
[1.204s] INFO:colcon.colcon_core.shell:Creating environment hook '/home/poom/abu_ws/install/wiimote/share/wiimote/hook/ld_library_path_lib.sh'
[1.205s] Level 1:colcon.colcon_core.environment:checking '/home/poom/abu_ws/install/wiimote/bin'
[1.205s] Level 1:colcon.colcon_core.environment:checking '/home/poom/abu_ws/install/wiimote/lib/pkgconfig/wiimote.pc'
[1.205s] Level 1:colcon.colcon_core.environment:checking '/home/poom/abu_ws/install/wiimote/lib/python3.8/site-packages'
[1.205s] Level 1:colcon.colcon_core.environment:checking '/home/poom/abu_ws/install/wiimote/bin'
[1.206s] INFO:colcon.colcon_core.shell:Creating package script '/home/poom/abu_ws/install/wiimote/share/wiimote/package.ps1'
[1.206s] INFO:colcon.colcon_core.shell:Creating package descriptor '/home/poom/abu_ws/install/wiimote/share/wiimote/package.dsv'
[1.207s] INFO:colcon.colcon_core.shell:Creating package script '/home/poom/abu_ws/install/wiimote/share/wiimote/package.sh'
[1.207s] INFO:colcon.colcon_core.shell:Creating package script '/home/poom/abu_ws/install/wiimote/share/wiimote/package.bash'
[1.207s] INFO:colcon.colcon_core.shell:Creating package script '/home/poom/abu_ws/install/wiimote/share/wiimote/package.zsh'
[1.208s] Level 1:colcon.colcon_core.environment:create_file_with_runtime_dependencies(/home/poom/abu_ws/install/wiimote/share/colcon-core/packages/wiimote)
[1.332s] Level 1:colcon.colcon_core.environment:checking '/home/poom/abu_ws/install/abu_package' for CMake module files
[1.333s] DEBUG:colcon.colcon_core.event_handler.log_command:Invoked command in '/home/poom/abu_ws/src/abu_package' returned '0': PYTHONPATH=/home/poom/abu_ws/build/abu_package/prefix_override:/home/poom/abu_ws/install/abu_package/lib/python3.8/site-packages:${PYTHONPATH} /usr/bin/python3 setup.py egg_info --egg-base ../../build/abu_package build --build-base /home/poom/abu_ws/build/abu_package/build install --record /home/poom/abu_ws/build/abu_package/install.log --install-scripts $base/lib/abu_package --single-version-externally-managed
[1.334s] Level 1:colcon.colcon_core.environment:checking '/home/poom/abu_ws/install/abu_package' for CMake config files
[1.335s] Level 1:colcon.colcon_core.environment:checking '/home/poom/abu_ws/install/abu_package/lib'
[1.335s] Level 1:colcon.colcon_core.environment:checking '/home/poom/abu_ws/install/abu_package/bin'
[1.335s] Level 1:colcon.colcon_core.environment:checking '/home/poom/abu_ws/install/abu_package/lib/pkgconfig/abu_package.pc'
[1.336s] Level 1:colcon.colcon_core.environment:checking '/home/poom/abu_ws/install/abu_package/lib/python3.8/site-packages'
[1.336s] Level 1:colcon.colcon_core.shell:create_environment_hook('abu_package', 'pythonpath')
[1.339s] INFO:colcon.colcon_core.shell:Creating environment hook '/home/poom/abu_ws/install/abu_package/share/abu_package/hook/pythonpath.ps1'
[1.339s] INFO:colcon.colcon_core.shell:Creating environment descriptor '/home/poom/abu_ws/install/abu_package/share/abu_package/hook/pythonpath.dsv'
[1.340s] INFO:colcon.colcon_core.shell:Creating environment hook '/home/poom/abu_ws/install/abu_package/share/abu_package/hook/pythonpath.sh'
[1.341s] Level 1:colcon.colcon_core.environment:checking '/home/poom/abu_ws/install/abu_package/bin'
[1.341s] Level 1:colcon.colcon_core.environment:create_environment_scripts_only(abu_package)
[1.342s] INFO:colcon.colcon_core.shell:Creating package script '/home/poom/abu_ws/install/abu_package/share/abu_package/package.ps1'
[1.343s] INFO:colcon.colcon_core.shell:Creating package descriptor '/home/poom/abu_ws/install/abu_package/share/abu_package/package.dsv'
[1.343s] INFO:colcon.colcon_core.shell:Creating package script '/home/poom/abu_ws/install/abu_package/share/abu_package/package.sh'
[1.343s] INFO:colcon.colcon_core.shell:Creating package script '/home/poom/abu_ws/install/abu_package/share/abu_package/package.bash'
[1.343s] INFO:colcon.colcon_core.shell:Creating package script '/home/poom/abu_ws/install/abu_package/share/abu_package/package.zsh'
[1.344s] Level 1:colcon.colcon_core.environment:create_file_with_runtime_dependencies(/home/poom/abu_ws/install/abu_package/share/colcon-core/packages/abu_package)
[1.344s] DEBUG:colcon.colcon_parallel_executor.executor.parallel:closing loop
[1.344s] DEBUG:colcon.colcon_parallel_executor.executor.parallel:loop closed
[1.344s] DEBUG:colcon.colcon_parallel_executor.executor.parallel:run_until_complete finished with '0'
[1.344s] DEBUG:colcon.colcon_core.event_reactor:joining thread
[1.354s] INFO:colcon.colcon_core.plugin_system:Skipping extension 'colcon_notification.desktop_notification.terminal_notifier': Not used on non-Darwin systems
[1.354s] INFO:colcon.colcon_core.plugin_system:Skipping extension 'colcon_notification.desktop_notification.win32': Not used on non-Windows systems
[1.354s] INFO:colcon.colcon_notification.desktop_notification:Sending desktop notification using 'notify2'
[1.370s] DEBUG:colcon.colcon_core.event_reactor:joined thread
[1.372s] INFO:colcon.colcon_core.shell:Creating prefix script '/home/poom/abu_ws/install/local_setup.ps1'
[1.373s] INFO:colcon.colcon_core.shell:Creating prefix util module '/home/poom/abu_ws/install/_local_setup_util_ps1.py'
[1.374s] INFO:colcon.colcon_core.shell:Creating prefix chain script '/home/poom/abu_ws/install/setup.ps1'
[1.376s] INFO:colcon.colcon_core.shell:Creating prefix script '/home/poom/abu_ws/install/local_setup.sh'
[1.376s] INFO:colcon.colcon_core.shell:Creating prefix util module '/home/poom/abu_ws/install/_local_setup_util_sh.py'
[1.376s] INFO:colcon.colcon_core.shell:Creating prefix chain script '/home/poom/abu_ws/install/setup.sh'
[1.378s] INFO:colcon.colcon_core.shell:Creating prefix script '/home/poom/abu_ws/install/local_setup.bash'
[1.378s] INFO:colcon.colcon_core.shell:Creating prefix chain script '/home/poom/abu_ws/install/setup.bash'
[1.380s] INFO:colcon.colcon_core.shell:Creating prefix script '/home/poom/abu_ws/install/local_setup.zsh'
[1.380s] INFO:colcon.colcon_core.shell:Creating prefix chain script '/home/poom/abu_ws/install/setup.zsh'
