-- The C compiler identification is GNU 9.4.0
-- The CXX compiler identification is GNU 9.4.0
-- Detecting C compiler ABI info
-- Detecting C compiler ABI info - done
-- Check for working C compiler: /usr/bin/cc - skipped
-- Detecting C compile features
-- Detecting C compile features - done
-- Detecting CXX compiler ABI info
-- Detecting CXX compiler ABI info - done
-- Check for working CXX compiler: /usr/bin/c++ - skipped
-- Detecting CXX compile features
-- Detecting CXX compile features - done
-- Found ament_cmake_ros: 0.9.2 (/opt/ros/foxy/share/ament_cmake_ros/cmake)
-- Found PythonInterp: /usr/bin/python3 (found suitable version "3.8.10", minimum required is "3") 
-- Using PYTHON_EXECUTABLE: /usr/bin/python3
-- Found rclcpp: 2.4.2 (/opt/ros/foxy/share/rclcpp/cmake)
-- Using all available rosidl_typesupport_c: rosidl_typesupport_fastrtps_c;rosidl_typesupport_introspection_c
-- Found rosidl_adapter: 1.3.0 (/opt/ros/foxy/share/rosidl_adapter/cmake)
-- Found OpenSSL: /usr/lib/x86_64-linux-gnu/libcrypto.so (found version "1.1.1f")  
-- Found FastRTPS: /opt/ros/foxy/include  
-- Using all available rosidl_typesupport_cpp: rosidl_typesupport_fastrtps_cpp;rosidl_typesupport_introspection_cpp
-- Found rmw_implementation_cmake: 1.0.4 (/opt/ros/foxy/share/rmw_implementation_cmake/cmake)
-- Using RMW implementation 'rmw_fastrtps_cpp' as default
-- Performing Test CMAKE_HAVE_LIBC_PTHREAD
-- Performing Test CMAKE_HAVE_LIBC_PTHREAD - Failed
-- Looking for pthread_create in pthreads
-- Looking for pthread_create in pthreads - not found
-- Looking for pthread_create in pthread
-- Looking for pthread_create in pthread - found
-- Found Threads: TRUE  
-- Found rclcpp_components: 2.4.2 (/opt/ros/foxy/share/rclcpp_components/cmake)
-- Found sdl2_vendor: 3.0.1 (/home/poom/abu_ws/install/sdl2_vendor/share/sdl2_vendor/cmake)
-- Found sensor_msgs: 2.0.5 (/opt/ros/foxy/share/sensor_msgs/cmake)
-- Found ament_lint_auto: 0.9.8 (/opt/ros/foxy/share/ament_lint_auto/cmake)
-- Added test 'cppcheck' to perform static code analysis on C / C++ code
-- Configured cppcheck include dirs: /home/poom/abu_ws/src/joystick_drivers/joy/include
-- Configured cppcheck exclude dirs and/or files: 
-- Added test 'cpplint' to check C / C++ code against the Google style
-- Configured cpplint exclude dirs and/or files: 
-- Added test 'flake8' to check Python code syntax and style conventions
-- Added test 'lint_cmake' to check CMake code style
-- Added test 'pep257' to check Python code against some of the style conventions in PEP 257
-- Added test 'uncrustify' to check C / C++ code style
-- Configured uncrustify additional arguments: 
-- Added test 'xmllint' to check XML markup files
-- Configuring done (1.2s)
-- Generating done (0.0s)
-- Build files have been written to: /home/poom/abu_ws/build/joy
[ 16%] [32mBuilding CXX object CMakeFiles/joy.dir/src/joy.cpp.o[0m
[ 33%] [32mBuilding CXX object CMakeFiles/joy_enumerate_devices.dir/src/joy_enumerate_devices.cpp.o[0m
[ 50%] [32mBuilding CXX object CMakeFiles/joy_node.dir/rclcpp_components/node_main_joy_node.cpp.o[0m
[ 66%] [32m[1mLinking CXX executable joy_enumerate_devices[0m
[ 66%] Built target joy_enumerate_devices
[ 83%] [32m[1mLinking CXX executable joy_node[0m
[ 83%] Built target joy_node
[100%] [32m[1mLinking CXX shared library libjoy.so[0m
[100%] Built target joy
-- Install configuration: ""
-- Installing: /home/poom/abu_ws/install/joy/lib/libjoy.so
-- Set runtime path of "/home/poom/abu_ws/install/joy/lib/libjoy.so" to ""
-- Installing: /home/poom/abu_ws/install/joy/lib/joy/joy_node
-- Set runtime path of "/home/poom/abu_ws/install/joy/lib/joy/joy_node" to ""
-- Installing: /home/poom/abu_ws/install/joy/lib/joy/joy_enumerate_devices
-- Installing: /home/poom/abu_ws/install/joy/include/joy
-- Installing: /home/poom/abu_ws/install/joy/include/joy/joy.hpp
-- Installing: /home/poom/abu_ws/install/joy/share/joy/config
-- Installing: /home/poom/abu_ws/install/joy/share/joy/config/joy-params.yaml
-- Installing: /home/poom/abu_ws/install/joy/share/joy/launch
-- Installing: /home/poom/abu_ws/install/joy/share/joy/launch/joy-composed-launch.py
-- Installing: /home/poom/abu_ws/install/joy/share/joy/launch/joy-launch.py
-- Installing: /home/poom/abu_ws/install/joy/share/ament_index/resource_index/package_run_dependencies/joy
-- Installing: /home/poom/abu_ws/install/joy/share/ament_index/resource_index/parent_prefix_path/joy
-- Installing: /home/poom/abu_ws/install/joy/share/joy/environment/ament_prefix_path.sh
-- Installing: /home/poom/abu_ws/install/joy/share/joy/environment/ament_prefix_path.dsv
-- Installing: /home/poom/abu_ws/install/joy/share/joy/environment/path.sh
-- Installing: /home/poom/abu_ws/install/joy/share/joy/environment/path.dsv
-- Installing: /home/poom/abu_ws/install/joy/share/joy/local_setup.bash
-- Installing: /home/poom/abu_ws/install/joy/share/joy/local_setup.sh
-- Installing: /home/poom/abu_ws/install/joy/share/joy/local_setup.zsh
-- Installing: /home/poom/abu_ws/install/joy/share/joy/local_setup.dsv
-- Installing: /home/poom/abu_ws/install/joy/share/joy/package.dsv
-- Installing: /home/poom/abu_ws/install/joy/share/ament_index/resource_index/packages/joy
-- Installing: /home/poom/abu_ws/install/joy/share/ament_index/resource_index/rclcpp_components/joy
-- Installing: /home/poom/abu_ws/install/joy/share/joy/cmake/joyConfig.cmake
-- Installing: /home/poom/abu_ws/install/joy/share/joy/cmake/joyConfig-version.cmake
-- Installing: /home/poom/abu_ws/install/joy/share/joy/package.xml
