[0.732s] Invoking command in '/home/poomnuc/abu_ws/src/abu_package': PYTHONPATH=/home/poomnuc/abu_ws/build/abu_package/prefix_override:/home/poomnuc/abu_ws/install/abu_package/lib/python3.8/site-packages:${PYTHONPATH} /usr/bin/python3 setup.py egg_info --egg-base ../../build/abu_package build --build-base /home/poomnuc/abu_ws/build/abu_package/build install --record /home/poomnuc/abu_ws/build/abu_package/install.log --install-scripts $base/lib/abu_package --single-version-externally-managed
[0.953s] running egg_info
[0.954s] writing ../../build/abu_package/abu_package.egg-info/PKG-INFO
[0.955s] writing dependency_links to ../../build/abu_package/abu_package.egg-info/dependency_links.txt
[0.955s] writing entry points to ../../build/abu_package/abu_package.egg-info/entry_points.txt
[0.955s] writing requirements to ../../build/abu_package/abu_package.egg-info/requires.txt
[0.955s] writing top-level names to ../../build/abu_package/abu_package.egg-info/top_level.txt
[1.009s] reading manifest file '../../build/abu_package/abu_package.egg-info/SOURCES.txt'
[1.010s] writing manifest file '../../build/abu_package/abu_package.egg-info/SOURCES.txt'
[1.011s] running build
[1.011s] running build_py
[1.011s] copying abu_package/ps4.py -> /home/poomnuc/abu_ws/build/abu_package/build/lib/abu_package
[1.011s] running install
[1.013s] running install_lib
[1.014s] copying /home/poomnuc/abu_ws/build/abu_package/build/lib/abu_package/ps4.py -> /home/poomnuc/abu_ws/install/abu_package/lib/python3.8/site-packages/abu_package
[1.014s] byte-compiling /home/poomnuc/abu_ws/install/abu_package/lib/python3.8/site-packages/abu_package/ps4.py to ps4.cpython-38.pyc
[1.018s] running install_data
[1.019s] running install_egg_info
[1.021s] removing '/home/poomnuc/abu_ws/install/abu_package/lib/python3.8/site-packages/abu_package-0.0.0-py3.8.egg-info' (and everything under it)
[1.023s] Copying ../../build/abu_package/abu_package.egg-info to /home/poomnuc/abu_ws/install/abu_package/lib/python3.8/site-packages/abu_package-0.0.0-py3.8.egg-info
[1.023s] running install_scripts
[1.045s] Installing color_node script to /home/poomnuc/abu_ws/install/abu_package/lib/abu_package
[1.045s] Installing drive_node script to /home/poomnuc/abu_ws/install/abu_package/lib/abu_package
[1.045s] Installing feed_node script to /home/poomnuc/abu_ws/install/abu_package/lib/abu_package
[1.045s] Installing shoot_node script to /home/poomnuc/abu_ws/install/abu_package/lib/abu_package
[1.045s] writing list of installed files to '/home/poomnuc/abu_ws/build/abu_package/install.log'
[1.069s] Invoked command in '/home/poomnuc/abu_ws/src/abu_package' returned '0': PYTHONPATH=/home/poomnuc/abu_ws/build/abu_package/prefix_override:/home/poomnuc/abu_ws/install/abu_package/lib/python3.8/site-packages:${PYTHONPATH} /usr/bin/python3 setup.py egg_info --egg-base ../../build/abu_package build --build-base /home/poomnuc/abu_ws/build/abu_package/build install --record /home/poomnuc/abu_ws/build/abu_package/install.log --install-scripts $base/lib/abu_package --single-version-externally-managed
