[0.237s] Invoking command in '/home/poom/abu_ws/build/spacenav': CMAKE_PREFIX_PATH=${CMAKE_PREFIX_PATH}:/home/poom/joy_ws/install/poom:/home/poom/abu_ws/install/abu_package:/opt/ros/foxy /home/poom/.local/bin/cmake /home/poom/abu_ws/src/joystick_drivers/spacenav -DCMAKE_INSTALL_PREFIX=/home/poom/abu_ws/install/spacenav
[0.296s] -- The C compiler identification is GNU 9.4.0
[0.344s] -- The CXX compiler identification is GNU 9.4.0
[0.353s] -- Detecting C compiler ABI info
[0.398s] -- Detecting C compiler ABI info - done
[0.406s] -- Check for working C compiler: /usr/bin/cc - skipped
[0.406s] -- Detecting C compile features
[0.407s] -- Detecting C compile features - done
[0.410s] -- Detecting CXX compiler ABI info
[0.467s] -- Detecting CXX compiler ABI info - done
[0.476s] -- Check for working CXX compiler: /usr/bin/c++ - skipped
[0.476s] -- Detecting CXX compile features
[0.476s] -- Detecting CXX compile features - done
[0.479s] -- Found ament_cmake: 0.9.11 (/opt/ros/foxy/share/ament_cmake/cmake)
[0.500s] -- Found PythonInterp: /usr/bin/python3 (found suitable version "3.8.10", minimum required is "3") 
[0.500s] -- Using PYTHON_EXECUTABLE: /usr/bin/python3
[0.685s] -- Found geometry_msgs: 2.0.5 (/opt/ros/foxy/share/geometry_msgs/cmake)
[0.731s] -- Using all available rosidl_typesupport_c: rosidl_typesupport_fastrtps_c;rosidl_typesupport_introspection_c
[0.740s] -- Found rosidl_adapter: 1.3.0 (/opt/ros/foxy/share/rosidl_adapter/cmake)
[0.804s] -- Found OpenSSL: /usr/lib/x86_64-linux-gnu/libcrypto.so (found version "1.1.1f")  
[0.832s] -- Found FastRTPS: /opt/ros/foxy/include  
[0.907s] -- Using all available rosidl_typesupport_cpp: rosidl_typesupport_fastrtps_cpp;rosidl_typesupport_introspection_cpp
[1.018s] -- Found rclcpp: 2.4.2 (/opt/ros/foxy/share/rclcpp/cmake)
[1.059s] -- Found rmw_implementation_cmake: 1.0.4 (/opt/ros/foxy/share/rmw_implementation_cmake/cmake)
[1.061s] -- Using RMW implementation 'rmw_fastrtps_cpp' as default
[1.061s] -- Performing Test CMAKE_HAVE_LIBC_PTHREAD
[1.110s] -- Performing Test CMAKE_HAVE_LIBC_PTHREAD - Failed
[1.110s] -- Looking for pthread_create in pthreads
[1.147s] -- Looking for pthread_create in pthreads - not found
[1.147s] -- Looking for pthread_create in pthread
[1.193s] -- Looking for pthread_create in pthread - found
[1.194s] -- Found Threads: TRUE  
[1.310s] -- Found rclcpp_components: 2.4.2 (/opt/ros/foxy/share/rclcpp_components/cmake)
[1.363s] -- Found sensor_msgs: 2.0.5 (/opt/ros/foxy/share/sensor_msgs/cmake)
[1.419s] -- Found SPNAV: /usr/lib/libspnav.so  
[1.422s] -- Found ament_lint_auto: 0.9.8 (/opt/ros/foxy/share/ament_lint_auto/cmake)
[1.491s] -- Added test 'cppcheck' to perform static code analysis on C / C++ code
[1.491s] -- Configured cppcheck include dirs: $<BUILD_INTERFACE:/home/poom/abu_ws/src/joystick_drivers/spacenav/include>
[1.491s] -- Configured cppcheck exclude dirs and/or files: 
[1.492s] -- Added test 'cpplint' to check C / C++ code against the Google style
[1.492s] -- Configured cpplint exclude dirs and/or files: 
[1.492s] -- Added test 'flake8' to check Python code syntax and style conventions
[1.493s] -- Added test 'lint_cmake' to check CMake code style
[1.494s] -- Added test 'pep257' to check Python code against some of the style conventions in PEP 257
[1.495s] -- Added test 'uncrustify' to check C / C++ code style
[1.495s] -- Configured uncrustify additional arguments: 
[1.495s] -- Added test 'xmllint' to check XML markup files
[1.496s] -- Configuring done (1.2s)
[1.507s] -- Generating done (0.0s)
[1.509s] -- Build files have been written to: /home/poom/abu_ws/build/spacenav
[1.524s] Invoked command in '/home/poom/abu_ws/build/spacenav' returned '0': CMAKE_PREFIX_PATH=${CMAKE_PREFIX_PATH}:/home/poom/joy_ws/install/poom:/home/poom/abu_ws/install/abu_package:/opt/ros/foxy /home/poom/.local/bin/cmake /home/poom/abu_ws/src/joystick_drivers/spacenav -DCMAKE_INSTALL_PREFIX=/home/poom/abu_ws/install/spacenav
[1.527s] Invoking command in '/home/poom/abu_ws/build/spacenav': CMAKE_PREFIX_PATH=${CMAKE_PREFIX_PATH}:/home/poom/joy_ws/install/poom:/home/poom/abu_ws/install/abu_package:/opt/ros/foxy /home/poom/.local/bin/cmake --build /home/poom/abu_ws/build/spacenav -- -j12 -l12
[1.566s] [ 50%] [32mBuilding CXX object CMakeFiles/spacenav.dir/src/spacenav.cpp.o[0m
[1.566s] [ 50%] [32mBuilding CXX object CMakeFiles/spacenav_node.dir/rclcpp_components/node_main_spacenav_node.cpp.o[0m
[4.064s] [ 75%] [32m[1mLinking CXX executable spacenav_node[0m
[4.165s] [ 75%] Built target spacenav_node
[5.876s] [100%] [32m[1mLinking CXX shared library libspacenav.so[0m
[6.029s] [100%] Built target spacenav
[6.036s] Invoked command in '/home/poom/abu_ws/build/spacenav' returned '0': CMAKE_PREFIX_PATH=${CMAKE_PREFIX_PATH}:/home/poom/joy_ws/install/poom:/home/poom/abu_ws/install/abu_package:/opt/ros/foxy /home/poom/.local/bin/cmake --build /home/poom/abu_ws/build/spacenav -- -j12 -l12
[6.077s] Invoking command in '/home/poom/abu_ws/build/spacenav': CMAKE_PREFIX_PATH=${CMAKE_PREFIX_PATH}:/home/poom/joy_ws/install/poom:/home/poom/abu_ws/install/abu_package:/opt/ros/foxy /home/poom/.local/bin/cmake --install /home/poom/abu_ws/build/spacenav
[6.099s] -- Install configuration: ""
[6.100s] -- Installing: /home/poom/abu_ws/install/spacenav/lib/spacenav/libspacenav.so
[6.101s] -- Set runtime path of "/home/poom/abu_ws/install/spacenav/lib/spacenav/libspacenav.so" to ""
[6.102s] -- Installing: /home/poom/abu_ws/install/spacenav/share/spacenav//launch
[6.102s] -- Installing: /home/poom/abu_ws/install/spacenav/share/spacenav//launch/static_deadband-launch.py
[6.102s] -- Installing: /home/poom/abu_ws/install/spacenav/share/spacenav//launch/classic-launch.py
[6.102s] -- Installing: /home/poom/abu_ws/install/spacenav/share/spacenav//launch/no_deadband-launch.py
[6.102s] -- Installing: /home/poom/abu_ws/install/spacenav/lib/spacenav/spacenav_node
[6.103s] -- Set runtime path of "/home/poom/abu_ws/install/spacenav/lib/spacenav/spacenav_node" to ""
[6.103s] -- Installing: /home/poom/abu_ws/install/spacenav/lib/libspacenav.so
[6.105s] -- Set runtime path of "/home/poom/abu_ws/install/spacenav/lib/libspacenav.so" to ""
[6.105s] -- Installing: /home/poom/abu_ws/install/spacenav/share/ament_index/resource_index/package_run_dependencies/spacenav
[6.105s] -- Installing: /home/poom/abu_ws/install/spacenav/share/ament_index/resource_index/parent_prefix_path/spacenav
[6.105s] -- Installing: /home/poom/abu_ws/install/spacenav/share/spacenav/environment/ament_prefix_path.sh
[6.105s] -- Installing: /home/poom/abu_ws/install/spacenav/share/spacenav/environment/ament_prefix_path.dsv
[6.105s] -- Installing: /home/poom/abu_ws/install/spacenav/share/spacenav/environment/path.sh
[6.105s] -- Installing: /home/poom/abu_ws/install/spacenav/share/spacenav/environment/path.dsv
[6.105s] -- Installing: /home/poom/abu_ws/install/spacenav/share/spacenav/local_setup.bash
[6.105s] -- Installing: /home/poom/abu_ws/install/spacenav/share/spacenav/local_setup.sh
[6.106s] -- Installing: /home/poom/abu_ws/install/spacenav/share/spacenav/local_setup.zsh
[6.106s] -- Installing: /home/poom/abu_ws/install/spacenav/share/spacenav/local_setup.dsv
[6.106s] -- Installing: /home/poom/abu_ws/install/spacenav/share/spacenav/package.dsv
[6.106s] -- Installing: /home/poom/abu_ws/install/spacenav/share/ament_index/resource_index/packages/spacenav
[6.106s] -- Installing: /home/poom/abu_ws/install/spacenav/share/ament_index/resource_index/rclcpp_components/spacenav
[6.106s] -- Installing: /home/poom/abu_ws/install/spacenav/share/spacenav/cmake/spacenavConfig.cmake
[6.106s] -- Installing: /home/poom/abu_ws/install/spacenav/share/spacenav/cmake/spacenavConfig-version.cmake
[6.106s] -- Installing: /home/poom/abu_ws/install/spacenav/share/spacenav/package.xml
[6.116s] Invoked command in '/home/poom/abu_ws/build/spacenav' returned '0': CMAKE_PREFIX_PATH=${CMAKE_PREFIX_PATH}:/home/poom/joy_ws/install/poom:/home/poom/abu_ws/install/abu_package:/opt/ros/foxy /home/poom/.local/bin/cmake --install /home/poom/abu_ws/build/spacenav
