[0.499s] Invoking command in '/home/poom/abu_ws/src/abu_package': PYTHONPATH=/home/poom/abu_ws/build/abu_package/prefix_override:/home/poom/abu_ws/install/abu_package/lib/python3.8/site-packages:${PYTHONPATH} /usr/bin/python3 setup.py egg_info --egg-base ../../build/abu_package build --build-base /home/poom/abu_ws/build/abu_package/build install --record /home/poom/abu_ws/build/abu_package/install.log --install-scripts $base/lib/abu_package --single-version-externally-managed
[0.666s] running egg_info
[0.666s] writing ../../build/abu_package/abu_package.egg-info/PKG-INFO
[0.667s] writing dependency_links to ../../build/abu_package/abu_package.egg-info/dependency_links.txt
[0.667s] writing entry points to ../../build/abu_package/abu_package.egg-info/entry_points.txt
[0.667s] writing requirements to ../../build/abu_package/abu_package.egg-info/requires.txt
[0.667s] writing top-level names to ../../build/abu_package/abu_package.egg-info/top_level.txt
[0.692s] reading manifest file '../../build/abu_package/abu_package.egg-info/SOURCES.txt'
[0.692s] writing manifest file '../../build/abu_package/abu_package.egg-info/SOURCES.txt'
[0.693s] running build
[0.693s] running build_py
[0.693s] running install
[0.693s] running install_lib
[0.694s] running install_data
[0.695s] copying launch/chang.launch.py -> /home/poom/abu_ws/install/abu_package/share/abu_package
[0.695s] running install_egg_info
[0.696s] removing '/home/poom/abu_ws/install/abu_package/lib/python3.8/site-packages/abu_package-0.0.0-py3.8.egg-info' (and everything under it)
[0.696s] Copying ../../build/abu_package/abu_package.egg-info to /home/poom/abu_ws/install/abu_package/lib/python3.8/site-packages/abu_package-0.0.0-py3.8.egg-info
[0.697s] running install_scripts
[0.712s] Installing drive_node script to /home/poom/abu_ws/install/abu_package/lib/abu_package
[0.712s] Installing feed_node script to /home/poom/abu_ws/install/abu_package/lib/abu_package
[0.712s] Installing shoot_node script to /home/poom/abu_ws/install/abu_package/lib/abu_package
[0.713s] writing list of installed files to '/home/poom/abu_ws/build/abu_package/install.log'
[0.727s] Invoked command in '/home/poom/abu_ws/src/abu_package' returned '0': PYTHONPATH=/home/poom/abu_ws/build/abu_package/prefix_override:/home/poom/abu_ws/install/abu_package/lib/python3.8/site-packages:${PYTHONPATH} /usr/bin/python3 setup.py egg_info --egg-base ../../build/abu_package build --build-base /home/poom/abu_ws/build/abu_package/build install --record /home/poom/abu_ws/build/abu_package/install.log --install-scripts $base/lib/abu_package --single-version-externally-managed
