-- The C compiler identification is GNU 9.4.0
-- The CXX compiler identification is GNU 9.4.0
-- Detecting C compiler ABI info
-- Detecting C compiler ABI info - done
-- Check for working C compiler: /usr/bin/cc - skipped
-- Detecting C compile features
-- Detecting C compile features - done
-- Detecting CXX compiler ABI info
-- Detecting CXX compiler ABI info - done
-- Check for working CXX compiler: /usr/bin/c++ - skipped
-- Detecting CXX compile features
-- Detecting CXX compile features - done
-- Found ament_cmake: 0.9.11 (/opt/ros/foxy/share/ament_cmake/cmake)
-- Found PythonInterp: /usr/bin/python3 (found suitable version "3.8.10", minimum required is "3") 
-- Using PYTHON_EXECUTABLE: /usr/bin/python3
-- Found ament_cmake_auto: 0.9.11 (/opt/ros/foxy/share/ament_cmake_auto/cmake)
-- Using all available rosidl_typesupport_c: rosidl_typesupport_fastrtps_c;rosidl_typesupport_introspection_c
-- Found rosidl_adapter: 1.3.0 (/opt/ros/foxy/share/rosidl_adapter/cmake)
-- Found OpenSSL: /usr/lib/x86_64-linux-gnu/libcrypto.so (found version "1.1.1f")  
-- Found FastRTPS: /opt/ros/foxy/include  
-- Using all available rosidl_typesupport_cpp: rosidl_typesupport_fastrtps_cpp;rosidl_typesupport_introspection_cpp
-- Found ament_lint_auto: 0.9.8 (/opt/ros/foxy/share/ament_lint_auto/cmake)
-- Found PythonInterp: /usr/bin/python3 (found version "3.8.10") 
-- Found ament_cmake_ros: 0.9.2 (/opt/ros/foxy/share/ament_cmake_ros/cmake)
-- Using all available rosidl_typesupport_c: rosidl_typesupport_fastrtps_c;rosidl_typesupport_introspection_c
-- Using all available rosidl_typesupport_cpp: rosidl_typesupport_fastrtps_cpp;rosidl_typesupport_introspection_cpp
-- Found PythonInterp: /usr/bin/python3 (found suitable version "3.8.10", minimum required is "3.5") 
-- Found python_cmake_module: 0.8.1 (/opt/ros/foxy/share/python_cmake_module/cmake)
-- Found PythonLibs: /usr/lib/x86_64-linux-gnu/libpython3.8.so (found suitable version "3.8.10", minimum required is "3.5") 
-- Using PYTHON_EXECUTABLE: /usr/bin/python3
-- Using PYTHON_INCLUDE_DIRS: /usr/include/python3.8
-- Using PYTHON_LIBRARIES: /usr/lib/x86_64-linux-gnu/libpython3.8.so
-- Found PythonExtra: .so  
-- Added test 'copyright' to check source files copyright and LICENSE
-- Added test 'lint_cmake' to check CMake code style
-- Added test 'xmllint' to check XML markup files
-- Configuring done (1.6s)
-- Generating done (0.0s)
-- Build files have been written to: /home/poom/abu_ws/build/wiimote_msgs
[  2%] [34m[1mGenerating C code for ROS interfaces[0m
[  4%] [34m[1mGenerating C++ code for ROS interfaces[0m
[  4%] Built target wiimote_msgs__cpp
[  6%] [34m[1mGenerating C++ type support dispatch for ROS interfaces[0m
[ 10%] [34m[1mGenerating C++ type support for eProsima Fast-RTPS[0m
[ 10%] [34m[1mGenerating C++ introspection for ROS interfaces[0m
[ 14%] [32mBuilding C object CMakeFiles/wiimote_msgs__rosidl_generator_c.dir/rosidl_generator_c/wiimote_msgs/msg/detail/ir_source_info__functions.c.o[0m
[ 14%] [32mBuilding C object CMakeFiles/wiimote_msgs__rosidl_generator_c.dir/rosidl_generator_c/wiimote_msgs/msg/detail/timed_switch__functions.c.o[0m
[ 17%] [32mBuilding C object CMakeFiles/wiimote_msgs__rosidl_generator_c.dir/rosidl_generator_c/wiimote_msgs/msg/detail/state__functions.c.o[0m
[ 19%] [32m[1mLinking C shared library libwiimote_msgs__rosidl_generator_c.so[0m
[ 19%] Built target wiimote_msgs__rosidl_generator_c
[ 23%] [34m[1mGenerating C introspection for ROS interfaces[0m
[ 23%] [34m[1mGenerating C type support dispatch for ROS interfaces[0m
[ 25%] [32mBuilding CXX object CMakeFiles/wiimote_msgs__rosidl_typesupport_fastrtps_cpp.dir/rosidl_typesupport_fastrtps_cpp/wiimote_msgs/msg/detail/dds_fastrtps/ir_source_info__type_support.cpp.o[0m
[ 27%] [32mBuilding CXX object CMakeFiles/wiimote_msgs__rosidl_typesupport_fastrtps_cpp.dir/rosidl_typesupport_fastrtps_cpp/wiimote_msgs/msg/detail/dds_fastrtps/state__type_support.cpp.o[0m
[ 29%] [32mBuilding CXX object CMakeFiles/wiimote_msgs__rosidl_typesupport_fastrtps_cpp.dir/rosidl_typesupport_fastrtps_cpp/wiimote_msgs/msg/detail/dds_fastrtps/timed_switch__type_support.cpp.o[0m
[ 31%] [32mBuilding CXX object CMakeFiles/wiimote_msgs__rosidl_typesupport_cpp.dir/rosidl_typesupport_cpp/wiimote_msgs/msg/ir_source_info__type_support.cpp.o[0m
[ 34%] [32mBuilding CXX object CMakeFiles/wiimote_msgs__rosidl_typesupport_cpp.dir/rosidl_typesupport_cpp/wiimote_msgs/msg/timed_switch__type_support.cpp.o[0m
[ 36%] [32mBuilding CXX object CMakeFiles/wiimote_msgs__rosidl_typesupport_cpp.dir/rosidl_typesupport_cpp/wiimote_msgs/msg/state__type_support.cpp.o[0m
[ 38%] [32mBuilding CXX object CMakeFiles/wiimote_msgs__rosidl_typesupport_introspection_cpp.dir/rosidl_typesupport_introspection_cpp/wiimote_msgs/msg/detail/ir_source_info__type_support.cpp.o[0m
[ 40%] [32mBuilding CXX object CMakeFiles/wiimote_msgs__rosidl_typesupport_introspection_cpp.dir/rosidl_typesupport_introspection_cpp/wiimote_msgs/msg/detail/state__type_support.cpp.o[0m
[ 42%] [32mBuilding CXX object CMakeFiles/wiimote_msgs__rosidl_typesupport_introspection_cpp.dir/rosidl_typesupport_introspection_cpp/wiimote_msgs/msg/detail/timed_switch__type_support.cpp.o[0m
[ 44%] [32mBuilding CXX object CMakeFiles/wiimote_msgs__rosidl_typesupport_c.dir/rosidl_typesupport_c/wiimote_msgs/msg/ir_source_info__type_support.cpp.o[0m
[ 46%] [32mBuilding C object CMakeFiles/wiimote_msgs__rosidl_typesupport_introspection_c.dir/rosidl_typesupport_introspection_c/wiimote_msgs/msg/detail/ir_source_info__type_support.c.o[0m
[ 48%] [32mBuilding C object CMakeFiles/wiimote_msgs__rosidl_typesupport_introspection_c.dir/rosidl_typesupport_introspection_c/wiimote_msgs/msg/detail/state__type_support.c.o[0m
[ 51%] [32mBuilding CXX object CMakeFiles/wiimote_msgs__rosidl_typesupport_c.dir/rosidl_typesupport_c/wiimote_msgs/msg/state__type_support.cpp.o[0m
[ 53%] [32mBuilding C object CMakeFiles/wiimote_msgs__rosidl_typesupport_introspection_c.dir/rosidl_typesupport_introspection_c/wiimote_msgs/msg/detail/timed_switch__type_support.c.o[0m
[ 55%] [32mBuilding CXX object CMakeFiles/wiimote_msgs__rosidl_typesupport_c.dir/rosidl_typesupport_c/wiimote_msgs/msg/timed_switch__type_support.cpp.o[0m
[ 57%] [32m[1mLinking CXX shared library libwiimote_msgs__rosidl_typesupport_fastrtps_cpp.so[0m
[ 59%] [32m[1mLinking CXX shared library libwiimote_msgs__rosidl_typesupport_c.so[0m
[ 61%] [32m[1mLinking CXX shared library libwiimote_msgs__rosidl_typesupport_cpp.so[0m
[ 63%] [32m[1mLinking C shared library libwiimote_msgs__rosidl_typesupport_introspection_c.so[0m
[ 63%] Built target wiimote_msgs__rosidl_typesupport_c
[ 63%] Built target wiimote_msgs__rosidl_typesupport_cpp
[ 63%] Built target wiimote_msgs__rosidl_typesupport_introspection_c
[ 63%] Built target wiimote_msgs__rosidl_typesupport_fastrtps_cpp
[ 65%] [34m[1mGenerating C type support for eProsima Fast-RTPS[0m
[ 68%] [32m[1mLinking CXX shared library libwiimote_msgs__rosidl_typesupport_introspection_cpp.so[0m
[ 68%] Built target wiimote_msgs__rosidl_typesupport_introspection_cpp
[ 70%] [32mBuilding CXX object CMakeFiles/wiimote_msgs__rosidl_typesupport_fastrtps_c.dir/rosidl_typesupport_fastrtps_c/wiimote_msgs/msg/detail/state__type_support_c.cpp.o[0m
[ 72%] [32mBuilding CXX object CMakeFiles/wiimote_msgs__rosidl_typesupport_fastrtps_c.dir/rosidl_typesupport_fastrtps_c/wiimote_msgs/msg/detail/timed_switch__type_support_c.cpp.o[0m
[ 74%] [32mBuilding CXX object CMakeFiles/wiimote_msgs__rosidl_typesupport_fastrtps_c.dir/rosidl_typesupport_fastrtps_c/wiimote_msgs/msg/detail/ir_source_info__type_support_c.cpp.o[0m
[ 76%] [32m[1mLinking CXX shared library libwiimote_msgs__rosidl_typesupport_fastrtps_c.so[0m
[ 76%] Built target wiimote_msgs__rosidl_typesupport_fastrtps_c
[ 76%] Built target wiimote_msgs
[ 78%] [34m[1mGenerating Python code for ROS interfaces[0m
[ 78%] Built target wiimote_msgs__py
[ 82%] [32mBuilding C object CMakeFiles/wiimote_msgs__python.dir/rosidl_generator_py/wiimote_msgs/msg/_state_s.c.o[0m
[ 82%] [32mBuilding C object CMakeFiles/wiimote_msgs__python.dir/rosidl_generator_py/wiimote_msgs/msg/_ir_source_info_s.c.o[0m
[ 85%] [32mBuilding C object CMakeFiles/wiimote_msgs__python.dir/rosidl_generator_py/wiimote_msgs/msg/_timed_switch_s.c.o[0m
[ 87%] [32m[1mLinking C shared library rosidl_generator_py/wiimote_msgs/libwiimote_msgs__python.so[0m
[ 87%] Built target wiimote_msgs__python
[ 89%] [32mBuilding C object CMakeFiles/wiimote_msgs__rosidl_typesupport_fastrtps_c__pyext.dir/rosidl_generator_py/wiimote_msgs/_wiimote_msgs_s.ep.rosidl_typesupport_fastrtps_c.c.o[0m
[ 93%] [32mBuilding C object CMakeFiles/wiimote_msgs__rosidl_typesupport_introspection_c__pyext.dir/rosidl_generator_py/wiimote_msgs/_wiimote_msgs_s.ep.rosidl_typesupport_introspection_c.c.o[0m
[ 93%] [32mBuilding C object CMakeFiles/wiimote_msgs__rosidl_typesupport_c__pyext.dir/rosidl_generator_py/wiimote_msgs/_wiimote_msgs_s.ep.rosidl_typesupport_c.c.o[0m
[ 95%] [32m[1mLinking C shared library rosidl_generator_py/wiimote_msgs/wiimote_msgs_s__rosidl_typesupport_c.cpython-38-x86_64-linux-gnu.so[0m
[ 97%] [32m[1mLinking CXX shared library rosidl_generator_py/wiimote_msgs/wiimote_msgs_s__rosidl_typesupport_fastrtps_c.cpython-38-x86_64-linux-gnu.so[0m
[100%] [32m[1mLinking C shared library rosidl_generator_py/wiimote_msgs/wiimote_msgs_s__rosidl_typesupport_introspection_c.cpython-38-x86_64-linux-gnu.so[0m
[100%] Built target wiimote_msgs__rosidl_typesupport_c__pyext
[100%] Built target wiimote_msgs__rosidl_typesupport_introspection_c__pyext
[100%] Built target wiimote_msgs__rosidl_typesupport_fastrtps_c__pyext
-- Install configuration: ""
-- Installing: /home/poom/abu_ws/install/wiimote_msgs/share/ament_index/resource_index/rosidl_interfaces/wiimote_msgs
-- Installing: /home/poom/abu_ws/install/wiimote_msgs/include/wiimote_msgs
-- Installing: /home/poom/abu_ws/install/wiimote_msgs/include/wiimote_msgs/msg
-- Installing: /home/poom/abu_ws/install/wiimote_msgs/include/wiimote_msgs/msg/ir_source_info.h
-- Installing: /home/poom/abu_ws/install/wiimote_msgs/include/wiimote_msgs/msg/rosidl_generator_c__visibility_control.h
-- Installing: /home/poom/abu_ws/install/wiimote_msgs/include/wiimote_msgs/msg/detail
-- Installing: /home/poom/abu_ws/install/wiimote_msgs/include/wiimote_msgs/msg/detail/ir_source_info__type_support.h
-- Installing: /home/poom/abu_ws/install/wiimote_msgs/include/wiimote_msgs/msg/detail/timed_switch__functions.h
-- Installing: /home/poom/abu_ws/install/wiimote_msgs/include/wiimote_msgs/msg/detail/timed_switch__functions.c
-- Installing: /home/poom/abu_ws/install/wiimote_msgs/include/wiimote_msgs/msg/detail/state__functions.h
-- Installing: /home/poom/abu_ws/install/wiimote_msgs/include/wiimote_msgs/msg/detail/state__struct.h
-- Installing: /home/poom/abu_ws/install/wiimote_msgs/include/wiimote_msgs/msg/detail/ir_source_info__functions.c
-- Installing: /home/poom/abu_ws/install/wiimote_msgs/include/wiimote_msgs/msg/detail/ir_source_info__struct.h
-- Installing: /home/poom/abu_ws/install/wiimote_msgs/include/wiimote_msgs/msg/detail/state__type_support.h
-- Installing: /home/poom/abu_ws/install/wiimote_msgs/include/wiimote_msgs/msg/detail/timed_switch__struct.h
-- Installing: /home/poom/abu_ws/install/wiimote_msgs/include/wiimote_msgs/msg/detail/ir_source_info__functions.h
-- Installing: /home/poom/abu_ws/install/wiimote_msgs/include/wiimote_msgs/msg/detail/timed_switch__type_support.h
-- Installing: /home/poom/abu_ws/install/wiimote_msgs/include/wiimote_msgs/msg/detail/state__functions.c
-- Installing: /home/poom/abu_ws/install/wiimote_msgs/include/wiimote_msgs/msg/timed_switch.h
-- Installing: /home/poom/abu_ws/install/wiimote_msgs/include/wiimote_msgs/msg/state.h
-- Installing: /home/poom/abu_ws/install/wiimote_msgs/share/wiimote_msgs/environment/library_path.sh
-- Installing: /home/poom/abu_ws/install/wiimote_msgs/share/wiimote_msgs/environment/library_path.dsv
-- Installing: /home/poom/abu_ws/install/wiimote_msgs/lib/libwiimote_msgs__rosidl_generator_c.so
-- Set runtime path of "/home/poom/abu_ws/install/wiimote_msgs/lib/libwiimote_msgs__rosidl_generator_c.so" to ""
-- Up-to-date: /home/poom/abu_ws/install/wiimote_msgs/include/wiimote_msgs
-- Up-to-date: /home/poom/abu_ws/install/wiimote_msgs/include/wiimote_msgs/msg
-- Up-to-date: /home/poom/abu_ws/install/wiimote_msgs/include/wiimote_msgs/msg/detail
-- Installing: /home/poom/abu_ws/install/wiimote_msgs/include/wiimote_msgs/msg/detail/ir_source_info__rosidl_typesupport_fastrtps_c.h
-- Installing: /home/poom/abu_ws/install/wiimote_msgs/include/wiimote_msgs/msg/detail/state__rosidl_typesupport_fastrtps_c.h
-- Installing: /home/poom/abu_ws/install/wiimote_msgs/include/wiimote_msgs/msg/detail/timed_switch__rosidl_typesupport_fastrtps_c.h
-- Installing: /home/poom/abu_ws/install/wiimote_msgs/include/wiimote_msgs/msg/rosidl_typesupport_fastrtps_c__visibility_control.h
-- Installing: /home/poom/abu_ws/install/wiimote_msgs/lib/libwiimote_msgs__rosidl_typesupport_fastrtps_c.so
-- Set runtime path of "/home/poom/abu_ws/install/wiimote_msgs/lib/libwiimote_msgs__rosidl_typesupport_fastrtps_c.so" to ""
-- Up-to-date: /home/poom/abu_ws/install/wiimote_msgs/include/wiimote_msgs
-- Up-to-date: /home/poom/abu_ws/install/wiimote_msgs/include/wiimote_msgs/msg
-- Up-to-date: /home/poom/abu_ws/install/wiimote_msgs/include/wiimote_msgs/msg/detail
-- Installing: /home/poom/abu_ws/install/wiimote_msgs/include/wiimote_msgs/msg/detail/timed_switch__rosidl_typesupport_fastrtps_cpp.hpp
-- Installing: /home/poom/abu_ws/install/wiimote_msgs/include/wiimote_msgs/msg/detail/ir_source_info__rosidl_typesupport_fastrtps_cpp.hpp
-- Installing: /home/poom/abu_ws/install/wiimote_msgs/include/wiimote_msgs/msg/detail/state__rosidl_typesupport_fastrtps_cpp.hpp
-- Installing: /home/poom/abu_ws/install/wiimote_msgs/include/wiimote_msgs/msg/detail/dds_fastrtps
-- Installing: /home/poom/abu_ws/install/wiimote_msgs/include/wiimote_msgs/msg/rosidl_typesupport_fastrtps_cpp__visibility_control.h
-- Installing: /home/poom/abu_ws/install/wiimote_msgs/lib/libwiimote_msgs__rosidl_typesupport_fastrtps_cpp.so
-- Set runtime path of "/home/poom/abu_ws/install/wiimote_msgs/lib/libwiimote_msgs__rosidl_typesupport_fastrtps_cpp.so" to ""
-- Up-to-date: /home/poom/abu_ws/install/wiimote_msgs/include/wiimote_msgs
-- Up-to-date: /home/poom/abu_ws/install/wiimote_msgs/include/wiimote_msgs/msg
-- Up-to-date: /home/poom/abu_ws/install/wiimote_msgs/include/wiimote_msgs/msg/detail
-- Installing: /home/poom/abu_ws/install/wiimote_msgs/include/wiimote_msgs/msg/detail/timed_switch__rosidl_typesupport_introspection_c.h
-- Installing: /home/poom/abu_ws/install/wiimote_msgs/include/wiimote_msgs/msg/detail/state__rosidl_typesupport_introspection_c.h
-- Installing: /home/poom/abu_ws/install/wiimote_msgs/include/wiimote_msgs/msg/detail/timed_switch__type_support.c
-- Installing: /home/poom/abu_ws/install/wiimote_msgs/include/wiimote_msgs/msg/detail/ir_source_info__type_support.c
-- Installing: /home/poom/abu_ws/install/wiimote_msgs/include/wiimote_msgs/msg/detail/ir_source_info__rosidl_typesupport_introspection_c.h
-- Installing: /home/poom/abu_ws/install/wiimote_msgs/include/wiimote_msgs/msg/detail/state__type_support.c
-- Installing: /home/poom/abu_ws/install/wiimote_msgs/include/wiimote_msgs/msg/rosidl_typesupport_introspection_c__visibility_control.h
-- Installing: /home/poom/abu_ws/install/wiimote_msgs/lib/libwiimote_msgs__rosidl_typesupport_introspection_c.so
-- Set runtime path of "/home/poom/abu_ws/install/wiimote_msgs/lib/libwiimote_msgs__rosidl_typesupport_introspection_c.so" to ""
-- Installing: /home/poom/abu_ws/install/wiimote_msgs/lib/libwiimote_msgs__rosidl_typesupport_c.so
-- Set runtime path of "/home/poom/abu_ws/install/wiimote_msgs/lib/libwiimote_msgs__rosidl_typesupport_c.so" to ""
-- Up-to-date: /home/poom/abu_ws/install/wiimote_msgs/include/wiimote_msgs
-- Up-to-date: /home/poom/abu_ws/install/wiimote_msgs/include/wiimote_msgs/msg
-- Installing: /home/poom/abu_ws/install/wiimote_msgs/include/wiimote_msgs/msg/ir_source_info.hpp
-- Up-to-date: /home/poom/abu_ws/install/wiimote_msgs/include/wiimote_msgs/msg/detail
-- Installing: /home/poom/abu_ws/install/wiimote_msgs/include/wiimote_msgs/msg/detail/ir_source_info__traits.hpp
-- Installing: /home/poom/abu_ws/install/wiimote_msgs/include/wiimote_msgs/msg/detail/state__struct.hpp
-- Installing: /home/poom/abu_ws/install/wiimote_msgs/include/wiimote_msgs/msg/detail/ir_source_info__struct.hpp
-- Installing: /home/poom/abu_ws/install/wiimote_msgs/include/wiimote_msgs/msg/detail/ir_source_info__builder.hpp
-- Installing: /home/poom/abu_ws/install/wiimote_msgs/include/wiimote_msgs/msg/detail/timed_switch__struct.hpp
-- Installing: /home/poom/abu_ws/install/wiimote_msgs/include/wiimote_msgs/msg/detail/state__builder.hpp
-- Installing: /home/poom/abu_ws/install/wiimote_msgs/include/wiimote_msgs/msg/detail/state__traits.hpp
-- Installing: /home/poom/abu_ws/install/wiimote_msgs/include/wiimote_msgs/msg/detail/timed_switch__traits.hpp
-- Installing: /home/poom/abu_ws/install/wiimote_msgs/include/wiimote_msgs/msg/detail/timed_switch__builder.hpp
-- Installing: /home/poom/abu_ws/install/wiimote_msgs/include/wiimote_msgs/msg/timed_switch.hpp
-- Installing: /home/poom/abu_ws/install/wiimote_msgs/include/wiimote_msgs/msg/state.hpp
-- Up-to-date: /home/poom/abu_ws/install/wiimote_msgs/include/wiimote_msgs
-- Up-to-date: /home/poom/abu_ws/install/wiimote_msgs/include/wiimote_msgs/msg
-- Up-to-date: /home/poom/abu_ws/install/wiimote_msgs/include/wiimote_msgs/msg/detail
-- Installing: /home/poom/abu_ws/install/wiimote_msgs/include/wiimote_msgs/msg/detail/state__type_support.cpp
-- Installing: /home/poom/abu_ws/install/wiimote_msgs/include/wiimote_msgs/msg/detail/ir_source_info__type_support.cpp
-- Installing: /home/poom/abu_ws/install/wiimote_msgs/include/wiimote_msgs/msg/detail/state__rosidl_typesupport_introspection_cpp.hpp
-- Installing: /home/poom/abu_ws/install/wiimote_msgs/include/wiimote_msgs/msg/detail/ir_source_info__rosidl_typesupport_introspection_cpp.hpp
-- Installing: /home/poom/abu_ws/install/wiimote_msgs/include/wiimote_msgs/msg/detail/timed_switch__type_support.cpp
-- Installing: /home/poom/abu_ws/install/wiimote_msgs/include/wiimote_msgs/msg/detail/timed_switch__rosidl_typesupport_introspection_cpp.hpp
-- Installing: /home/poom/abu_ws/install/wiimote_msgs/lib/libwiimote_msgs__rosidl_typesupport_introspection_cpp.so
-- Set runtime path of "/home/poom/abu_ws/install/wiimote_msgs/lib/libwiimote_msgs__rosidl_typesupport_introspection_cpp.so" to ""
-- Installing: /home/poom/abu_ws/install/wiimote_msgs/lib/libwiimote_msgs__rosidl_typesupport_cpp.so
-- Set runtime path of "/home/poom/abu_ws/install/wiimote_msgs/lib/libwiimote_msgs__rosidl_typesupport_cpp.so" to ""
-- Installing: /home/poom/abu_ws/install/wiimote_msgs/share/wiimote_msgs/environment/pythonpath.sh
-- Installing: /home/poom/abu_ws/install/wiimote_msgs/share/wiimote_msgs/environment/pythonpath.dsv
-- Installing: /home/poom/abu_ws/install/wiimote_msgs/lib/python3.8/site-packages/wiimote_msgs/__init__.py
Compiling '/home/poom/abu_ws/install/wiimote_msgs/lib/python3.8/site-packages/wiimote_msgs/__init__.py'...
-- Installing: /home/poom/abu_ws/install/wiimote_msgs/lib/python3.8/site-packages/wiimote_msgs/msg
-- Installing: /home/poom/abu_ws/install/wiimote_msgs/lib/python3.8/site-packages/wiimote_msgs/msg/_state_s.c
-- Installing: /home/poom/abu_ws/install/wiimote_msgs/lib/python3.8/site-packages/wiimote_msgs/msg/__init__.py
-- Installing: /home/poom/abu_ws/install/wiimote_msgs/lib/python3.8/site-packages/wiimote_msgs/msg/_timed_switch.py
-- Installing: /home/poom/abu_ws/install/wiimote_msgs/lib/python3.8/site-packages/wiimote_msgs/msg/_timed_switch_s.c
-- Installing: /home/poom/abu_ws/install/wiimote_msgs/lib/python3.8/site-packages/wiimote_msgs/msg/_ir_source_info_s.c
-- Installing: /home/poom/abu_ws/install/wiimote_msgs/lib/python3.8/site-packages/wiimote_msgs/msg/_state.py
-- Installing: /home/poom/abu_ws/install/wiimote_msgs/lib/python3.8/site-packages/wiimote_msgs/msg/_ir_source_info.py
-- Installing: /home/poom/abu_ws/install/wiimote_msgs/lib/python3.8/site-packages/wiimote_msgs/wiimote_msgs_s__rosidl_typesupport_fastrtps_c.cpython-38-x86_64-linux-gnu.so
-- Set runtime path of "/home/poom/abu_ws/install/wiimote_msgs/lib/python3.8/site-packages/wiimote_msgs/wiimote_msgs_s__rosidl_typesupport_fastrtps_c.cpython-38-x86_64-linux-gnu.so" to ""
-- Installing: /home/poom/abu_ws/install/wiimote_msgs/lib/python3.8/site-packages/wiimote_msgs/wiimote_msgs_s__rosidl_typesupport_introspection_c.cpython-38-x86_64-linux-gnu.so
-- Set runtime path of "/home/poom/abu_ws/install/wiimote_msgs/lib/python3.8/site-packages/wiimote_msgs/wiimote_msgs_s__rosidl_typesupport_introspection_c.cpython-38-x86_64-linux-gnu.so" to ""
-- Installing: /home/poom/abu_ws/install/wiimote_msgs/lib/python3.8/site-packages/wiimote_msgs/wiimote_msgs_s__rosidl_typesupport_c.cpython-38-x86_64-linux-gnu.so
-- Set runtime path of "/home/poom/abu_ws/install/wiimote_msgs/lib/python3.8/site-packages/wiimote_msgs/wiimote_msgs_s__rosidl_typesupport_c.cpython-38-x86_64-linux-gnu.so" to ""
-- Installing: /home/poom/abu_ws/install/wiimote_msgs/lib/libwiimote_msgs__python.so
-- Set runtime path of "/home/poom/abu_ws/install/wiimote_msgs/lib/libwiimote_msgs__python.so" to ""
-- Installing: /home/poom/abu_ws/install/wiimote_msgs/share/wiimote_msgs/msg/IrSourceInfo.idl
-- Installing: /home/poom/abu_ws/install/wiimote_msgs/share/wiimote_msgs/msg/State.idl
-- Installing: /home/poom/abu_ws/install/wiimote_msgs/share/wiimote_msgs/msg/TimedSwitch.idl
-- Installing: /home/poom/abu_ws/install/wiimote_msgs/share/wiimote_msgs/msg/IrSourceInfo.msg
-- Installing: /home/poom/abu_ws/install/wiimote_msgs/share/wiimote_msgs/msg/State.msg
-- Installing: /home/poom/abu_ws/install/wiimote_msgs/share/wiimote_msgs/msg/TimedSwitch.msg
-- Installing: /home/poom/abu_ws/install/wiimote_msgs/share/ament_index/resource_index/package_run_dependencies/wiimote_msgs
-- Installing: /home/poom/abu_ws/install/wiimote_msgs/share/ament_index/resource_index/parent_prefix_path/wiimote_msgs
-- Installing: /home/poom/abu_ws/install/wiimote_msgs/share/wiimote_msgs/environment/ament_prefix_path.sh
-- Installing: /home/poom/abu_ws/install/wiimote_msgs/share/wiimote_msgs/environment/ament_prefix_path.dsv
-- Installing: /home/poom/abu_ws/install/wiimote_msgs/share/wiimote_msgs/environment/path.sh
-- Installing: /home/poom/abu_ws/install/wiimote_msgs/share/wiimote_msgs/environment/path.dsv
-- Installing: /home/poom/abu_ws/install/wiimote_msgs/share/wiimote_msgs/local_setup.bash
-- Installing: /home/poom/abu_ws/install/wiimote_msgs/share/wiimote_msgs/local_setup.sh
-- Installing: /home/poom/abu_ws/install/wiimote_msgs/share/wiimote_msgs/local_setup.zsh
-- Installing: /home/poom/abu_ws/install/wiimote_msgs/share/wiimote_msgs/local_setup.dsv
-- Installing: /home/poom/abu_ws/install/wiimote_msgs/share/wiimote_msgs/package.dsv
-- Installing: /home/poom/abu_ws/install/wiimote_msgs/share/ament_index/resource_index/packages/wiimote_msgs
-- Installing: /home/poom/abu_ws/install/wiimote_msgs/share/wiimote_msgs/cmake/wiimote_msgs__rosidl_generator_cExport.cmake
-- Installing: /home/poom/abu_ws/install/wiimote_msgs/share/wiimote_msgs/cmake/wiimote_msgs__rosidl_generator_cExport-noconfig.cmake
-- Installing: /home/poom/abu_ws/install/wiimote_msgs/share/wiimote_msgs/cmake/wiimote_msgs__rosidl_typesupport_introspection_cExport.cmake
-- Installing: /home/poom/abu_ws/install/wiimote_msgs/share/wiimote_msgs/cmake/wiimote_msgs__rosidl_typesupport_introspection_cExport-noconfig.cmake
-- Installing: /home/poom/abu_ws/install/wiimote_msgs/share/wiimote_msgs/cmake/wiimote_msgs__rosidl_typesupport_cExport.cmake
-- Installing: /home/poom/abu_ws/install/wiimote_msgs/share/wiimote_msgs/cmake/wiimote_msgs__rosidl_typesupport_cExport-noconfig.cmake
-- Installing: /home/poom/abu_ws/install/wiimote_msgs/share/wiimote_msgs/cmake/wiimote_msgs__rosidl_generator_cppExport.cmake
-- Installing: /home/poom/abu_ws/install/wiimote_msgs/share/wiimote_msgs/cmake/wiimote_msgs__rosidl_typesupport_introspection_cppExport.cmake
-- Installing: /home/poom/abu_ws/install/wiimote_msgs/share/wiimote_msgs/cmake/wiimote_msgs__rosidl_typesupport_introspection_cppExport-noconfig.cmake
-- Installing: /home/poom/abu_ws/install/wiimote_msgs/share/wiimote_msgs/cmake/wiimote_msgs__rosidl_typesupport_cppExport.cmake
-- Installing: /home/poom/abu_ws/install/wiimote_msgs/share/wiimote_msgs/cmake/wiimote_msgs__rosidl_typesupport_cppExport-noconfig.cmake
-- Installing: /home/poom/abu_ws/install/wiimote_msgs/share/wiimote_msgs/cmake/rosidl_cmake-extras.cmake
-- Installing: /home/poom/abu_ws/install/wiimote_msgs/share/wiimote_msgs/cmake/ament_cmake_export_dependencies-extras.cmake
-- Installing: /home/poom/abu_ws/install/wiimote_msgs/share/wiimote_msgs/cmake/ament_cmake_export_libraries-extras.cmake
-- Installing: /home/poom/abu_ws/install/wiimote_msgs/share/wiimote_msgs/cmake/ament_cmake_export_targets-extras.cmake
-- Installing: /home/poom/abu_ws/install/wiimote_msgs/share/wiimote_msgs/cmake/ament_cmake_export_include_directories-extras.cmake
-- Installing: /home/poom/abu_ws/install/wiimote_msgs/share/wiimote_msgs/cmake/rosidl_cmake_export_typesupport_libraries-extras.cmake
-- Installing: /home/poom/abu_ws/install/wiimote_msgs/share/wiimote_msgs/cmake/rosidl_cmake_export_typesupport_targets-extras.cmake
-- Installing: /home/poom/abu_ws/install/wiimote_msgs/share/wiimote_msgs/cmake/wiimote_msgsConfig.cmake
-- Installing: /home/poom/abu_ws/install/wiimote_msgs/share/wiimote_msgs/cmake/wiimote_msgsConfig-version.cmake
-- Installing: /home/poom/abu_ws/install/wiimote_msgs/share/wiimote_msgs/package.xml
