[0.039s] Invoking command in '/home/poom/abu_ws/build/wiimote_msgs': CMAKE_PREFIX_PATH=${CMAKE_PREFIX_PATH}:/home/poom/joy_ws/install/poom:/home/poom/abu_ws/install/abu_package:/opt/ros/foxy /home/poom/.local/bin/cmake /home/poom/abu_ws/src/joystick_drivers/wiimote_msgs -DCMAKE_INSTALL_PREFIX=/home/poom/abu_ws/install/wiimote_msgs
[0.263s] -- The C compiler identification is GNU 9.4.0
[0.271s] -- The CXX compiler identification is GNU 9.4.0
[0.284s] -- Detecting C compiler ABI info
[0.337s] -- Detecting C compiler ABI info - done
[0.346s] -- Check for working C compiler: /usr/bin/cc - skipped
[0.346s] -- Detecting C compile features
[0.346s] -- Detecting C compile features - done
[0.350s] -- Detecting CXX compiler ABI info
[0.407s] -- Detecting CXX compiler ABI info - done
[0.417s] -- Check for working CXX compiler: /usr/bin/c++ - skipped
[0.417s] -- Detecting CXX compile features
[0.418s] -- Detecting CXX compile features - done
[0.422s] -- Found ament_cmake: 0.9.11 (/opt/ros/foxy/share/ament_cmake/cmake)
[0.447s] -- Found PythonInterp: /usr/bin/python3 (found suitable version "3.8.10", minimum required is "3") 
[0.447s] -- Using PYTHON_EXECUTABLE: /usr/bin/python3
[0.663s] -- Found ament_cmake_auto: 0.9.11 (/opt/ros/foxy/share/ament_cmake_auto/cmake)
[0.751s] -- Using all available rosidl_typesupport_c: rosidl_typesupport_fastrtps_c;rosidl_typesupport_introspection_c
[0.759s] -- Found rosidl_adapter: 1.3.0 (/opt/ros/foxy/share/rosidl_adapter/cmake)
[0.826s] -- Found OpenSSL: /usr/lib/x86_64-linux-gnu/libcrypto.so (found version "1.1.1f")  
[0.856s] -- Found FastRTPS: /opt/ros/foxy/include  
[0.932s] -- Using all available rosidl_typesupport_cpp: rosidl_typesupport_fastrtps_cpp;rosidl_typesupport_introspection_cpp
[1.061s] -- Found ament_lint_auto: 0.9.8 (/opt/ros/foxy/share/ament_lint_auto/cmake)
[1.100s] -- Found PythonInterp: /usr/bin/python3 (found version "3.8.10") 
[1.238s] -- Found ament_cmake_ros: 0.9.2 (/opt/ros/foxy/share/ament_cmake_ros/cmake)
[1.436s] -- Using all available rosidl_typesupport_c: rosidl_typesupport_fastrtps_c;rosidl_typesupport_introspection_c
[1.521s] -- Using all available rosidl_typesupport_cpp: rosidl_typesupport_fastrtps_cpp;rosidl_typesupport_introspection_cpp
[1.544s] -- Found PythonInterp: /usr/bin/python3 (found suitable version "3.8.10", minimum required is "3.5") 
[1.546s] -- Found python_cmake_module: 0.8.1 (/opt/ros/foxy/share/python_cmake_module/cmake)
[1.573s] -- Found PythonLibs: /usr/lib/x86_64-linux-gnu/libpython3.8.so (found suitable version "3.8.10", minimum required is "3.5") 
[1.573s] -- Using PYTHON_EXECUTABLE: /usr/bin/python3
[1.574s] -- Using PYTHON_INCLUDE_DIRS: /usr/include/python3.8
[1.574s] -- Using PYTHON_LIBRARIES: /usr/lib/x86_64-linux-gnu/libpython3.8.so
[1.595s] -- Found PythonExtra: .so  
[1.673s] -- Added test 'copyright' to check source files copyright and LICENSE
[1.675s] -- Added test 'lint_cmake' to check CMake code style
[1.676s] -- Added test 'xmllint' to check XML markup files
[1.682s] -- Configuring done (1.6s)
[1.724s] -- Generating done (0.0s)
[1.726s] -- Build files have been written to: /home/poom/abu_ws/build/wiimote_msgs
[1.737s] Invoked command in '/home/poom/abu_ws/build/wiimote_msgs' returned '0': CMAKE_PREFIX_PATH=${CMAKE_PREFIX_PATH}:/home/poom/joy_ws/install/poom:/home/poom/abu_ws/install/abu_package:/opt/ros/foxy /home/poom/.local/bin/cmake /home/poom/abu_ws/src/joystick_drivers/wiimote_msgs -DCMAKE_INSTALL_PREFIX=/home/poom/abu_ws/install/wiimote_msgs
[1.740s] Invoking command in '/home/poom/abu_ws/build/wiimote_msgs': CMAKE_PREFIX_PATH=${CMAKE_PREFIX_PATH}:/home/poom/joy_ws/install/poom:/home/poom/abu_ws/install/abu_package:/opt/ros/foxy /home/poom/.local/bin/cmake --build /home/poom/abu_ws/build/wiimote_msgs -- -j12 -l12
[1.774s] [  2%] [34m[1mGenerating C code for ROS interfaces[0m
[1.777s] [  4%] [34m[1mGenerating C++ code for ROS interfaces[0m
[2.352s] [  4%] Built target wiimote_msgs__cpp
[2.356s] [  6%] [34m[1mGenerating C++ type support dispatch for ROS interfaces[0m
[2.357s] [ 10%] [34m[1mGenerating C++ type support for eProsima Fast-RTPS[0m
[2.357s] [ 10%] [34m[1mGenerating C++ introspection for ROS interfaces[0m
[2.502s] [ 14%] [32mBuilding C object CMakeFiles/wiimote_msgs__rosidl_generator_c.dir/rosidl_generator_c/wiimote_msgs/msg/detail/ir_source_info__functions.c.o[0m
[2.502s] [ 14%] [32mBuilding C object CMakeFiles/wiimote_msgs__rosidl_generator_c.dir/rosidl_generator_c/wiimote_msgs/msg/detail/timed_switch__functions.c.o[0m
[2.502s] [ 17%] [32mBuilding C object CMakeFiles/wiimote_msgs__rosidl_generator_c.dir/rosidl_generator_c/wiimote_msgs/msg/detail/state__functions.c.o[0m
[2.579s] [ 19%] [32m[1mLinking C shared library libwiimote_msgs__rosidl_generator_c.so[0m
[2.608s] [ 19%] Built target wiimote_msgs__rosidl_generator_c
[2.612s] [ 23%] [34m[1mGenerating C introspection for ROS interfaces[0m
[2.612s] [ 23%] [34m[1mGenerating C type support dispatch for ROS interfaces[0m
[3.040s] [ 25%] [32mBuilding CXX object CMakeFiles/wiimote_msgs__rosidl_typesupport_fastrtps_cpp.dir/rosidl_typesupport_fastrtps_cpp/wiimote_msgs/msg/detail/dds_fastrtps/ir_source_info__type_support.cpp.o[0m
[3.041s] [ 27%] [32mBuilding CXX object CMakeFiles/wiimote_msgs__rosidl_typesupport_fastrtps_cpp.dir/rosidl_typesupport_fastrtps_cpp/wiimote_msgs/msg/detail/dds_fastrtps/state__type_support.cpp.o[0m
[3.043s] [ 29%] [32mBuilding CXX object CMakeFiles/wiimote_msgs__rosidl_typesupport_fastrtps_cpp.dir/rosidl_typesupport_fastrtps_cpp/wiimote_msgs/msg/detail/dds_fastrtps/timed_switch__type_support.cpp.o[0m
[3.310s] [ 31%] [32mBuilding CXX object CMakeFiles/wiimote_msgs__rosidl_typesupport_cpp.dir/rosidl_typesupport_cpp/wiimote_msgs/msg/ir_source_info__type_support.cpp.o[0m
[3.313s] [ 34%] [32mBuilding CXX object CMakeFiles/wiimote_msgs__rosidl_typesupport_cpp.dir/rosidl_typesupport_cpp/wiimote_msgs/msg/timed_switch__type_support.cpp.o[0m
[3.315s] [ 36%] [32mBuilding CXX object CMakeFiles/wiimote_msgs__rosidl_typesupport_cpp.dir/rosidl_typesupport_cpp/wiimote_msgs/msg/state__type_support.cpp.o[0m
[3.423s] [ 38%] [32mBuilding CXX object CMakeFiles/wiimote_msgs__rosidl_typesupport_introspection_cpp.dir/rosidl_typesupport_introspection_cpp/wiimote_msgs/msg/detail/ir_source_info__type_support.cpp.o[0m
[3.451s] [ 40%] [32mBuilding CXX object CMakeFiles/wiimote_msgs__rosidl_typesupport_introspection_cpp.dir/rosidl_typesupport_introspection_cpp/wiimote_msgs/msg/detail/state__type_support.cpp.o[0m
[3.475s] [ 42%] [32mBuilding CXX object CMakeFiles/wiimote_msgs__rosidl_typesupport_introspection_cpp.dir/rosidl_typesupport_introspection_cpp/wiimote_msgs/msg/detail/timed_switch__type_support.cpp.o[0m
[3.721s] [ 44%] [32mBuilding CXX object CMakeFiles/wiimote_msgs__rosidl_typesupport_c.dir/rosidl_typesupport_c/wiimote_msgs/msg/ir_source_info__type_support.cpp.o[0m
[3.737s] [ 46%] [32mBuilding C object CMakeFiles/wiimote_msgs__rosidl_typesupport_introspection_c.dir/rosidl_typesupport_introspection_c/wiimote_msgs/msg/detail/ir_source_info__type_support.c.o[0m
[3.739s] [ 48%] [32mBuilding C object CMakeFiles/wiimote_msgs__rosidl_typesupport_introspection_c.dir/rosidl_typesupport_introspection_c/wiimote_msgs/msg/detail/state__type_support.c.o[0m
[3.742s] [ 51%] [32mBuilding CXX object CMakeFiles/wiimote_msgs__rosidl_typesupport_c.dir/rosidl_typesupport_c/wiimote_msgs/msg/state__type_support.cpp.o[0m
[3.756s] [ 53%] [32mBuilding C object CMakeFiles/wiimote_msgs__rosidl_typesupport_introspection_c.dir/rosidl_typesupport_introspection_c/wiimote_msgs/msg/detail/timed_switch__type_support.c.o[0m
[3.784s] [ 55%] [32mBuilding CXX object CMakeFiles/wiimote_msgs__rosidl_typesupport_c.dir/rosidl_typesupport_c/wiimote_msgs/msg/timed_switch__type_support.cpp.o[0m
[3.792s] [ 57%] [32m[1mLinking CXX shared library libwiimote_msgs__rosidl_typesupport_fastrtps_cpp.so[0m
[3.823s] [ 59%] [32m[1mLinking CXX shared library libwiimote_msgs__rosidl_typesupport_c.so[0m
[3.824s] [ 61%] [32m[1mLinking CXX shared library libwiimote_msgs__rosidl_typesupport_cpp.so[0m
[3.834s] [ 63%] [32m[1mLinking C shared library libwiimote_msgs__rosidl_typesupport_introspection_c.so[0m
[3.861s] [ 63%] Built target wiimote_msgs__rosidl_typesupport_c
[3.863s] [ 63%] Built target wiimote_msgs__rosidl_typesupport_cpp
[3.870s] [ 63%] Built target wiimote_msgs__rosidl_typesupport_introspection_c
[3.947s] [ 63%] Built target wiimote_msgs__rosidl_typesupport_fastrtps_cpp
[3.953s] [ 65%] [34m[1mGenerating C type support for eProsima Fast-RTPS[0m
[4.018s] [ 68%] [32m[1mLinking CXX shared library libwiimote_msgs__rosidl_typesupport_introspection_cpp.so[0m
[4.071s] [ 68%] Built target wiimote_msgs__rosidl_typesupport_introspection_cpp
[4.579s] [ 70%] [32mBuilding CXX object CMakeFiles/wiimote_msgs__rosidl_typesupport_fastrtps_c.dir/rosidl_typesupport_fastrtps_c/wiimote_msgs/msg/detail/state__type_support_c.cpp.o[0m
[4.579s] [ 72%] [32mBuilding CXX object CMakeFiles/wiimote_msgs__rosidl_typesupport_fastrtps_c.dir/rosidl_typesupport_fastrtps_c/wiimote_msgs/msg/detail/timed_switch__type_support_c.cpp.o[0m
[4.579s] [ 74%] [32mBuilding CXX object CMakeFiles/wiimote_msgs__rosidl_typesupport_fastrtps_c.dir/rosidl_typesupport_fastrtps_c/wiimote_msgs/msg/detail/ir_source_info__type_support_c.cpp.o[0m
[4.944s] [ 76%] [32m[1mLinking CXX shared library libwiimote_msgs__rosidl_typesupport_fastrtps_c.so[0m
[5.001s] [ 76%] Built target wiimote_msgs__rosidl_typesupport_fastrtps_c
[5.007s] [ 76%] Built target wiimote_msgs
[5.014s] [ 78%] [34m[1mGenerating Python code for ROS interfaces[0m
[6.076s] [ 78%] Built target wiimote_msgs__py
[6.082s] [ 82%] [32mBuilding C object CMakeFiles/wiimote_msgs__python.dir/rosidl_generator_py/wiimote_msgs/msg/_state_s.c.o[0m
[6.082s] [ 82%] [32mBuilding C object CMakeFiles/wiimote_msgs__python.dir/rosidl_generator_py/wiimote_msgs/msg/_ir_source_info_s.c.o[0m
[6.082s] [ 85%] [32mBuilding C object CMakeFiles/wiimote_msgs__python.dir/rosidl_generator_py/wiimote_msgs/msg/_timed_switch_s.c.o[0m
[6.191s] [ 87%] [32m[1mLinking C shared library rosidl_generator_py/wiimote_msgs/libwiimote_msgs__python.so[0m
[6.214s] [ 87%] Built target wiimote_msgs__python
[6.221s] [ 89%] [32mBuilding C object CMakeFiles/wiimote_msgs__rosidl_typesupport_fastrtps_c__pyext.dir/rosidl_generator_py/wiimote_msgs/_wiimote_msgs_s.ep.rosidl_typesupport_fastrtps_c.c.o[0m
[6.221s] [ 93%] [32mBuilding C object CMakeFiles/wiimote_msgs__rosidl_typesupport_introspection_c__pyext.dir/rosidl_generator_py/wiimote_msgs/_wiimote_msgs_s.ep.rosidl_typesupport_introspection_c.c.o[0m
[6.221s] [ 93%] [32mBuilding C object CMakeFiles/wiimote_msgs__rosidl_typesupport_c__pyext.dir/rosidl_generator_py/wiimote_msgs/_wiimote_msgs_s.ep.rosidl_typesupport_c.c.o[0m
[6.279s] [ 95%] [32m[1mLinking C shared library rosidl_generator_py/wiimote_msgs/wiimote_msgs_s__rosidl_typesupport_c.cpython-38-x86_64-linux-gnu.so[0m
[6.279s] [ 97%] [32m[1mLinking CXX shared library rosidl_generator_py/wiimote_msgs/wiimote_msgs_s__rosidl_typesupport_fastrtps_c.cpython-38-x86_64-linux-gnu.so[0m
[6.280s] [100%] [32m[1mLinking C shared library rosidl_generator_py/wiimote_msgs/wiimote_msgs_s__rosidl_typesupport_introspection_c.cpython-38-x86_64-linux-gnu.so[0m
[6.298s] [100%] Built target wiimote_msgs__rosidl_typesupport_c__pyext
[6.298s] [100%] Built target wiimote_msgs__rosidl_typesupport_introspection_c__pyext
[6.319s] [100%] Built target wiimote_msgs__rosidl_typesupport_fastrtps_c__pyext
[6.326s] Invoked command in '/home/poom/abu_ws/build/wiimote_msgs' returned '0': CMAKE_PREFIX_PATH=${CMAKE_PREFIX_PATH}:/home/poom/joy_ws/install/poom:/home/poom/abu_ws/install/abu_package:/opt/ros/foxy /home/poom/.local/bin/cmake --build /home/poom/abu_ws/build/wiimote_msgs -- -j12 -l12
[6.401s] Invoking command in '/home/poom/abu_ws/build/wiimote_msgs': CMAKE_PREFIX_PATH=${CMAKE_PREFIX_PATH}:/home/poom/joy_ws/install/poom:/home/poom/abu_ws/install/abu_package:/opt/ros/foxy /home/poom/.local/bin/cmake --install /home/poom/abu_ws/build/wiimote_msgs
[6.423s] -- Install configuration: ""
[6.423s] -- Installing: /home/poom/abu_ws/install/wiimote_msgs/share/ament_index/resource_index/rosidl_interfaces/wiimote_msgs
[6.424s] -- Installing: /home/poom/abu_ws/install/wiimote_msgs/include/wiimote_msgs
[6.424s] -- Installing: /home/poom/abu_ws/install/wiimote_msgs/include/wiimote_msgs/msg
[6.424s] -- Installing: /home/poom/abu_ws/install/wiimote_msgs/include/wiimote_msgs/msg/ir_source_info.h
[6.424s] -- Installing: /home/poom/abu_ws/install/wiimote_msgs/include/wiimote_msgs/msg/rosidl_generator_c__visibility_control.h
[6.424s] -- Installing: /home/poom/abu_ws/install/wiimote_msgs/include/wiimote_msgs/msg/detail
[6.424s] -- Installing: /home/poom/abu_ws/install/wiimote_msgs/include/wiimote_msgs/msg/detail/ir_source_info__type_support.h
[6.424s] -- Installing: /home/poom/abu_ws/install/wiimote_msgs/include/wiimote_msgs/msg/detail/timed_switch__functions.h
[6.424s] -- Installing: /home/poom/abu_ws/install/wiimote_msgs/include/wiimote_msgs/msg/detail/timed_switch__functions.c
[6.424s] -- Installing: /home/poom/abu_ws/install/wiimote_msgs/include/wiimote_msgs/msg/detail/state__functions.h
[6.424s] -- Installing: /home/poom/abu_ws/install/wiimote_msgs/include/wiimote_msgs/msg/detail/state__struct.h
[6.424s] -- Installing: /home/poom/abu_ws/install/wiimote_msgs/include/wiimote_msgs/msg/detail/ir_source_info__functions.c
[6.425s] -- Installing: /home/poom/abu_ws/install/wiimote_msgs/include/wiimote_msgs/msg/detail/ir_source_info__struct.h
[6.425s] -- Installing: /home/poom/abu_ws/install/wiimote_msgs/include/wiimote_msgs/msg/detail/state__type_support.h
[6.425s] -- Installing: /home/poom/abu_ws/install/wiimote_msgs/include/wiimote_msgs/msg/detail/timed_switch__struct.h
[6.425s] -- Installing: /home/poom/abu_ws/install/wiimote_msgs/include/wiimote_msgs/msg/detail/ir_source_info__functions.h
[6.425s] -- Installing: /home/poom/abu_ws/install/wiimote_msgs/include/wiimote_msgs/msg/detail/timed_switch__type_support.h
[6.425s] -- Installing: /home/poom/abu_ws/install/wiimote_msgs/include/wiimote_msgs/msg/detail/state__functions.c
[6.425s] -- Installing: /home/poom/abu_ws/install/wiimote_msgs/include/wiimote_msgs/msg/timed_switch.h
[6.425s] -- Installing: /home/poom/abu_ws/install/wiimote_msgs/include/wiimote_msgs/msg/state.h
[6.425s] -- Installing: /home/poom/abu_ws/install/wiimote_msgs/share/wiimote_msgs/environment/library_path.sh
[6.425s] -- Installing: /home/poom/abu_ws/install/wiimote_msgs/share/wiimote_msgs/environment/library_path.dsv
[6.425s] -- Installing: /home/poom/abu_ws/install/wiimote_msgs/lib/libwiimote_msgs__rosidl_generator_c.so
[6.426s] -- Set runtime path of "/home/poom/abu_ws/install/wiimote_msgs/lib/libwiimote_msgs__rosidl_generator_c.so" to ""
[6.426s] -- Up-to-date: /home/poom/abu_ws/install/wiimote_msgs/include/wiimote_msgs
[6.426s] -- Up-to-date: /home/poom/abu_ws/install/wiimote_msgs/include/wiimote_msgs/msg
[6.426s] -- Up-to-date: /home/poom/abu_ws/install/wiimote_msgs/include/wiimote_msgs/msg/detail
[6.426s] -- Installing: /home/poom/abu_ws/install/wiimote_msgs/include/wiimote_msgs/msg/detail/ir_source_info__rosidl_typesupport_fastrtps_c.h
[6.426s] -- Installing: /home/poom/abu_ws/install/wiimote_msgs/include/wiimote_msgs/msg/detail/state__rosidl_typesupport_fastrtps_c.h
[6.426s] -- Installing: /home/poom/abu_ws/install/wiimote_msgs/include/wiimote_msgs/msg/detail/timed_switch__rosidl_typesupport_fastrtps_c.h
[6.426s] -- Installing: /home/poom/abu_ws/install/wiimote_msgs/include/wiimote_msgs/msg/rosidl_typesupport_fastrtps_c__visibility_control.h
[6.426s] -- Installing: /home/poom/abu_ws/install/wiimote_msgs/lib/libwiimote_msgs__rosidl_typesupport_fastrtps_c.so
[6.427s] -- Set runtime path of "/home/poom/abu_ws/install/wiimote_msgs/lib/libwiimote_msgs__rosidl_typesupport_fastrtps_c.so" to ""
[6.427s] -- Up-to-date: /home/poom/abu_ws/install/wiimote_msgs/include/wiimote_msgs
[6.427s] -- Up-to-date: /home/poom/abu_ws/install/wiimote_msgs/include/wiimote_msgs/msg
[6.427s] -- Up-to-date: /home/poom/abu_ws/install/wiimote_msgs/include/wiimote_msgs/msg/detail
[6.427s] -- Installing: /home/poom/abu_ws/install/wiimote_msgs/include/wiimote_msgs/msg/detail/timed_switch__rosidl_typesupport_fastrtps_cpp.hpp
[6.427s] -- Installing: /home/poom/abu_ws/install/wiimote_msgs/include/wiimote_msgs/msg/detail/ir_source_info__rosidl_typesupport_fastrtps_cpp.hpp
[6.427s] -- Installing: /home/poom/abu_ws/install/wiimote_msgs/include/wiimote_msgs/msg/detail/state__rosidl_typesupport_fastrtps_cpp.hpp
[6.427s] -- Installing: /home/poom/abu_ws/install/wiimote_msgs/include/wiimote_msgs/msg/detail/dds_fastrtps
[6.427s] -- Installing: /home/poom/abu_ws/install/wiimote_msgs/include/wiimote_msgs/msg/rosidl_typesupport_fastrtps_cpp__visibility_control.h
[6.427s] -- Installing: /home/poom/abu_ws/install/wiimote_msgs/lib/libwiimote_msgs__rosidl_typesupport_fastrtps_cpp.so
[6.428s] -- Set runtime path of "/home/poom/abu_ws/install/wiimote_msgs/lib/libwiimote_msgs__rosidl_typesupport_fastrtps_cpp.so" to ""
[6.428s] -- Up-to-date: /home/poom/abu_ws/install/wiimote_msgs/include/wiimote_msgs
[6.428s] -- Up-to-date: /home/poom/abu_ws/install/wiimote_msgs/include/wiimote_msgs/msg
[6.428s] -- Up-to-date: /home/poom/abu_ws/install/wiimote_msgs/include/wiimote_msgs/msg/detail
[6.428s] -- Installing: /home/poom/abu_ws/install/wiimote_msgs/include/wiimote_msgs/msg/detail/timed_switch__rosidl_typesupport_introspection_c.h
[6.428s] -- Installing: /home/poom/abu_ws/install/wiimote_msgs/include/wiimote_msgs/msg/detail/state__rosidl_typesupport_introspection_c.h
[6.428s] -- Installing: /home/poom/abu_ws/install/wiimote_msgs/include/wiimote_msgs/msg/detail/timed_switch__type_support.c
[6.428s] -- Installing: /home/poom/abu_ws/install/wiimote_msgs/include/wiimote_msgs/msg/detail/ir_source_info__type_support.c
[6.428s] -- Installing: /home/poom/abu_ws/install/wiimote_msgs/include/wiimote_msgs/msg/detail/ir_source_info__rosidl_typesupport_introspection_c.h
[6.428s] -- Installing: /home/poom/abu_ws/install/wiimote_msgs/include/wiimote_msgs/msg/detail/state__type_support.c
[6.428s] -- Installing: /home/poom/abu_ws/install/wiimote_msgs/include/wiimote_msgs/msg/rosidl_typesupport_introspection_c__visibility_control.h
[6.428s] -- Installing: /home/poom/abu_ws/install/wiimote_msgs/lib/libwiimote_msgs__rosidl_typesupport_introspection_c.so
[6.429s] -- Set runtime path of "/home/poom/abu_ws/install/wiimote_msgs/lib/libwiimote_msgs__rosidl_typesupport_introspection_c.so" to ""
[6.429s] -- Installing: /home/poom/abu_ws/install/wiimote_msgs/lib/libwiimote_msgs__rosidl_typesupport_c.so
[6.429s] -- Set runtime path of "/home/poom/abu_ws/install/wiimote_msgs/lib/libwiimote_msgs__rosidl_typesupport_c.so" to ""
[6.429s] -- Up-to-date: /home/poom/abu_ws/install/wiimote_msgs/include/wiimote_msgs
[6.429s] -- Up-to-date: /home/poom/abu_ws/install/wiimote_msgs/include/wiimote_msgs/msg
[6.429s] -- Installing: /home/poom/abu_ws/install/wiimote_msgs/include/wiimote_msgs/msg/ir_source_info.hpp
[6.429s] -- Up-to-date: /home/poom/abu_ws/install/wiimote_msgs/include/wiimote_msgs/msg/detail
[6.429s] -- Installing: /home/poom/abu_ws/install/wiimote_msgs/include/wiimote_msgs/msg/detail/ir_source_info__traits.hpp
[6.429s] -- Installing: /home/poom/abu_ws/install/wiimote_msgs/include/wiimote_msgs/msg/detail/state__struct.hpp
[6.429s] -- Installing: /home/poom/abu_ws/install/wiimote_msgs/include/wiimote_msgs/msg/detail/ir_source_info__struct.hpp
[6.429s] -- Installing: /home/poom/abu_ws/install/wiimote_msgs/include/wiimote_msgs/msg/detail/ir_source_info__builder.hpp
[6.429s] -- Installing: /home/poom/abu_ws/install/wiimote_msgs/include/wiimote_msgs/msg/detail/timed_switch__struct.hpp
[6.430s] -- Installing: /home/poom/abu_ws/install/wiimote_msgs/include/wiimote_msgs/msg/detail/state__builder.hpp
[6.430s] -- Installing: /home/poom/abu_ws/install/wiimote_msgs/include/wiimote_msgs/msg/detail/state__traits.hpp
[6.430s] -- Installing: /home/poom/abu_ws/install/wiimote_msgs/include/wiimote_msgs/msg/detail/timed_switch__traits.hpp
[6.430s] -- Installing: /home/poom/abu_ws/install/wiimote_msgs/include/wiimote_msgs/msg/detail/timed_switch__builder.hpp
[6.430s] -- Installing: /home/poom/abu_ws/install/wiimote_msgs/include/wiimote_msgs/msg/timed_switch.hpp
[6.430s] -- Installing: /home/poom/abu_ws/install/wiimote_msgs/include/wiimote_msgs/msg/state.hpp
[6.430s] -- Up-to-date: /home/poom/abu_ws/install/wiimote_msgs/include/wiimote_msgs
[6.430s] -- Up-to-date: /home/poom/abu_ws/install/wiimote_msgs/include/wiimote_msgs/msg
[6.430s] -- Up-to-date: /home/poom/abu_ws/install/wiimote_msgs/include/wiimote_msgs/msg/detail
[6.430s] -- Installing: /home/poom/abu_ws/install/wiimote_msgs/include/wiimote_msgs/msg/detail/state__type_support.cpp
[6.430s] -- Installing: /home/poom/abu_ws/install/wiimote_msgs/include/wiimote_msgs/msg/detail/ir_source_info__type_support.cpp
[6.430s] -- Installing: /home/poom/abu_ws/install/wiimote_msgs/include/wiimote_msgs/msg/detail/state__rosidl_typesupport_introspection_cpp.hpp
[6.430s] -- Installing: /home/poom/abu_ws/install/wiimote_msgs/include/wiimote_msgs/msg/detail/ir_source_info__rosidl_typesupport_introspection_cpp.hpp
[6.430s] -- Installing: /home/poom/abu_ws/install/wiimote_msgs/include/wiimote_msgs/msg/detail/timed_switch__type_support.cpp
[6.430s] -- Installing: /home/poom/abu_ws/install/wiimote_msgs/include/wiimote_msgs/msg/detail/timed_switch__rosidl_typesupport_introspection_cpp.hpp
[6.431s] -- Installing: /home/poom/abu_ws/install/wiimote_msgs/lib/libwiimote_msgs__rosidl_typesupport_introspection_cpp.so
[6.431s] -- Set runtime path of "/home/poom/abu_ws/install/wiimote_msgs/lib/libwiimote_msgs__rosidl_typesupport_introspection_cpp.so" to ""
[6.431s] -- Installing: /home/poom/abu_ws/install/wiimote_msgs/lib/libwiimote_msgs__rosidl_typesupport_cpp.so
[6.431s] -- Set runtime path of "/home/poom/abu_ws/install/wiimote_msgs/lib/libwiimote_msgs__rosidl_typesupport_cpp.so" to ""
[6.431s] -- Installing: /home/poom/abu_ws/install/wiimote_msgs/share/wiimote_msgs/environment/pythonpath.sh
[6.431s] -- Installing: /home/poom/abu_ws/install/wiimote_msgs/share/wiimote_msgs/environment/pythonpath.dsv
[6.431s] -- Installing: /home/poom/abu_ws/install/wiimote_msgs/lib/python3.8/site-packages/wiimote_msgs/__init__.py
[6.465s] Compiling '/home/poom/abu_ws/install/wiimote_msgs/lib/python3.8/site-packages/wiimote_msgs/__init__.py'...
[6.468s] -- Installing: /home/poom/abu_ws/install/wiimote_msgs/lib/python3.8/site-packages/wiimote_msgs/msg
[6.468s] -- Installing: /home/poom/abu_ws/install/wiimote_msgs/lib/python3.8/site-packages/wiimote_msgs/msg/_state_s.c
[6.468s] -- Installing: /home/poom/abu_ws/install/wiimote_msgs/lib/python3.8/site-packages/wiimote_msgs/msg/__init__.py
[6.469s] -- Installing: /home/poom/abu_ws/install/wiimote_msgs/lib/python3.8/site-packages/wiimote_msgs/msg/_timed_switch.py
[6.469s] -- Installing: /home/poom/abu_ws/install/wiimote_msgs/lib/python3.8/site-packages/wiimote_msgs/msg/_timed_switch_s.c
[6.469s] -- Installing: /home/poom/abu_ws/install/wiimote_msgs/lib/python3.8/site-packages/wiimote_msgs/msg/_ir_source_info_s.c
[6.469s] -- Installing: /home/poom/abu_ws/install/wiimote_msgs/lib/python3.8/site-packages/wiimote_msgs/msg/_state.py
[6.469s] -- Installing: /home/poom/abu_ws/install/wiimote_msgs/lib/python3.8/site-packages/wiimote_msgs/msg/_ir_source_info.py
[6.469s] -- Installing: /home/poom/abu_ws/install/wiimote_msgs/lib/python3.8/site-packages/wiimote_msgs/wiimote_msgs_s__rosidl_typesupport_fastrtps_c.cpython-38-x86_64-linux-gnu.so
[6.469s] -- Set runtime path of "/home/poom/abu_ws/install/wiimote_msgs/lib/python3.8/site-packages/wiimote_msgs/wiimote_msgs_s__rosidl_typesupport_fastrtps_c.cpython-38-x86_64-linux-gnu.so" to ""
[6.469s] -- Installing: /home/poom/abu_ws/install/wiimote_msgs/lib/python3.8/site-packages/wiimote_msgs/wiimote_msgs_s__rosidl_typesupport_introspection_c.cpython-38-x86_64-linux-gnu.so
[6.469s] -- Set runtime path of "/home/poom/abu_ws/install/wiimote_msgs/lib/python3.8/site-packages/wiimote_msgs/wiimote_msgs_s__rosidl_typesupport_introspection_c.cpython-38-x86_64-linux-gnu.so" to ""
[6.469s] -- Installing: /home/poom/abu_ws/install/wiimote_msgs/lib/python3.8/site-packages/wiimote_msgs/wiimote_msgs_s__rosidl_typesupport_c.cpython-38-x86_64-linux-gnu.so
[6.470s] -- Set runtime path of "/home/poom/abu_ws/install/wiimote_msgs/lib/python3.8/site-packages/wiimote_msgs/wiimote_msgs_s__rosidl_typesupport_c.cpython-38-x86_64-linux-gnu.so" to ""
[6.470s] -- Installing: /home/poom/abu_ws/install/wiimote_msgs/lib/libwiimote_msgs__python.so
[6.470s] -- Set runtime path of "/home/poom/abu_ws/install/wiimote_msgs/lib/libwiimote_msgs__python.so" to ""
[6.470s] -- Installing: /home/poom/abu_ws/install/wiimote_msgs/share/wiimote_msgs/msg/IrSourceInfo.idl
[6.470s] -- Installing: /home/poom/abu_ws/install/wiimote_msgs/share/wiimote_msgs/msg/State.idl
[6.470s] -- Installing: /home/poom/abu_ws/install/wiimote_msgs/share/wiimote_msgs/msg/TimedSwitch.idl
[6.470s] -- Installing: /home/poom/abu_ws/install/wiimote_msgs/share/wiimote_msgs/msg/IrSourceInfo.msg
[6.470s] -- Installing: /home/poom/abu_ws/install/wiimote_msgs/share/wiimote_msgs/msg/State.msg
[6.470s] -- Installing: /home/poom/abu_ws/install/wiimote_msgs/share/wiimote_msgs/msg/TimedSwitch.msg
[6.470s] -- Installing: /home/poom/abu_ws/install/wiimote_msgs/share/ament_index/resource_index/package_run_dependencies/wiimote_msgs
[6.471s] -- Installing: /home/poom/abu_ws/install/wiimote_msgs/share/ament_index/resource_index/parent_prefix_path/wiimote_msgs
[6.471s] -- Installing: /home/poom/abu_ws/install/wiimote_msgs/share/wiimote_msgs/environment/ament_prefix_path.sh
[6.471s] -- Installing: /home/poom/abu_ws/install/wiimote_msgs/share/wiimote_msgs/environment/ament_prefix_path.dsv
[6.471s] -- Installing: /home/poom/abu_ws/install/wiimote_msgs/share/wiimote_msgs/environment/path.sh
[6.471s] -- Installing: /home/poom/abu_ws/install/wiimote_msgs/share/wiimote_msgs/environment/path.dsv
[6.471s] -- Installing: /home/poom/abu_ws/install/wiimote_msgs/share/wiimote_msgs/local_setup.bash
[6.471s] -- Installing: /home/poom/abu_ws/install/wiimote_msgs/share/wiimote_msgs/local_setup.sh
[6.471s] -- Installing: /home/poom/abu_ws/install/wiimote_msgs/share/wiimote_msgs/local_setup.zsh
[6.471s] -- Installing: /home/poom/abu_ws/install/wiimote_msgs/share/wiimote_msgs/local_setup.dsv
[6.471s] -- Installing: /home/poom/abu_ws/install/wiimote_msgs/share/wiimote_msgs/package.dsv
[6.472s] -- Installing: /home/poom/abu_ws/install/wiimote_msgs/share/ament_index/resource_index/packages/wiimote_msgs
[6.472s] -- Installing: /home/poom/abu_ws/install/wiimote_msgs/share/wiimote_msgs/cmake/wiimote_msgs__rosidl_generator_cExport.cmake
[6.472s] -- Installing: /home/poom/abu_ws/install/wiimote_msgs/share/wiimote_msgs/cmake/wiimote_msgs__rosidl_generator_cExport-noconfig.cmake
[6.472s] -- Installing: /home/poom/abu_ws/install/wiimote_msgs/share/wiimote_msgs/cmake/wiimote_msgs__rosidl_typesupport_introspection_cExport.cmake
[6.472s] -- Installing: /home/poom/abu_ws/install/wiimote_msgs/share/wiimote_msgs/cmake/wiimote_msgs__rosidl_typesupport_introspection_cExport-noconfig.cmake
[6.472s] -- Installing: /home/poom/abu_ws/install/wiimote_msgs/share/wiimote_msgs/cmake/wiimote_msgs__rosidl_typesupport_cExport.cmake
[6.472s] -- Installing: /home/poom/abu_ws/install/wiimote_msgs/share/wiimote_msgs/cmake/wiimote_msgs__rosidl_typesupport_cExport-noconfig.cmake
[6.472s] -- Installing: /home/poom/abu_ws/install/wiimote_msgs/share/wiimote_msgs/cmake/wiimote_msgs__rosidl_generator_cppExport.cmake
[6.472s] -- Installing: /home/poom/abu_ws/install/wiimote_msgs/share/wiimote_msgs/cmake/wiimote_msgs__rosidl_typesupport_introspection_cppExport.cmake
[6.473s] -- Installing: /home/poom/abu_ws/install/wiimote_msgs/share/wiimote_msgs/cmake/wiimote_msgs__rosidl_typesupport_introspection_cppExport-noconfig.cmake
[6.473s] -- Installing: /home/poom/abu_ws/install/wiimote_msgs/share/wiimote_msgs/cmake/wiimote_msgs__rosidl_typesupport_cppExport.cmake
[6.473s] -- Installing: /home/poom/abu_ws/install/wiimote_msgs/share/wiimote_msgs/cmake/wiimote_msgs__rosidl_typesupport_cppExport-noconfig.cmake
[6.473s] -- Installing: /home/poom/abu_ws/install/wiimote_msgs/share/wiimote_msgs/cmake/rosidl_cmake-extras.cmake
[6.473s] -- Installing: /home/poom/abu_ws/install/wiimote_msgs/share/wiimote_msgs/cmake/ament_cmake_export_dependencies-extras.cmake
[6.473s] -- Installing: /home/poom/abu_ws/install/wiimote_msgs/share/wiimote_msgs/cmake/ament_cmake_export_libraries-extras.cmake
[6.473s] -- Installing: /home/poom/abu_ws/install/wiimote_msgs/share/wiimote_msgs/cmake/ament_cmake_export_targets-extras.cmake
[6.473s] -- Installing: /home/poom/abu_ws/install/wiimote_msgs/share/wiimote_msgs/cmake/ament_cmake_export_include_directories-extras.cmake
[6.473s] -- Installing: /home/poom/abu_ws/install/wiimote_msgs/share/wiimote_msgs/cmake/rosidl_cmake_export_typesupport_libraries-extras.cmake
[6.473s] -- Installing: /home/poom/abu_ws/install/wiimote_msgs/share/wiimote_msgs/cmake/rosidl_cmake_export_typesupport_targets-extras.cmake
[6.474s] -- Installing: /home/poom/abu_ws/install/wiimote_msgs/share/wiimote_msgs/cmake/wiimote_msgsConfig.cmake
[6.474s] -- Installing: /home/poom/abu_ws/install/wiimote_msgs/share/wiimote_msgs/cmake/wiimote_msgsConfig-version.cmake
[6.474s] -- Installing: /home/poom/abu_ws/install/wiimote_msgs/share/wiimote_msgs/package.xml
[6.481s] Invoked command in '/home/poom/abu_ws/build/wiimote_msgs' returned '0': CMAKE_PREFIX_PATH=${CMAKE_PREFIX_PATH}:/home/poom/joy_ws/install/poom:/home/poom/abu_ws/install/abu_package:/opt/ros/foxy /home/poom/.local/bin/cmake --install /home/poom/abu_ws/build/wiimote_msgs
