[0.624s] Invoking command in '/home/poomnuc/abu_ws/src/abu_package': PYTHONPATH=/home/poomnuc/abu_ws/build/abu_package/prefix_override:/home/poomnuc/abu_ws/install/abu_package/lib/python3.8/site-packages:${PYTHONPATH} /usr/bin/python3 setup.py egg_info --egg-base ../../build/abu_package build --build-base /home/poomnuc/abu_ws/build/abu_package/build install --record /home/poomnuc/abu_ws/build/abu_package/install.log --install-scripts $base/lib/abu_package --single-version-externally-managed
[0.814s] running egg_info
[0.815s] writing ../../build/abu_package/abu_package.egg-info/PKG-INFO
[0.825s] writing dependency_links to ../../build/abu_package/abu_package.egg-info/dependency_links.txt
[0.825s] writing entry points to ../../build/abu_package/abu_package.egg-info/entry_points.txt
[0.825s] writing requirements to ../../build/abu_package/abu_package.egg-info/requires.txt
[0.825s] writing top-level names to ../../build/abu_package/abu_package.egg-info/top_level.txt
[0.858s] reading manifest file '../../build/abu_package/abu_package.egg-info/SOURCES.txt'
[0.859s] writing manifest file '../../build/abu_package/abu_package.egg-info/SOURCES.txt'
[0.859s] running build
[0.859s] running build_py
[0.860s] copying abu_package/ps4.py -> /home/poomnuc/abu_ws/build/abu_package/build/lib/abu_package
[0.860s] running install
[0.861s] running install_lib
[0.862s] copying /home/poomnuc/abu_ws/build/abu_package/build/lib/abu_package/ps4.py -> /home/poomnuc/abu_ws/install/abu_package/lib/python3.8/site-packages/abu_package
[0.862s] byte-compiling /home/poomnuc/abu_ws/install/abu_package/lib/python3.8/site-packages/abu_package/ps4.py to ps4.cpython-38.pyc
[0.865s] running install_data
[0.865s] running install_egg_info
[0.867s] removing '/home/poomnuc/abu_ws/install/abu_package/lib/python3.8/site-packages/abu_package-0.0.0-py3.8.egg-info' (and everything under it)
[0.867s] Copying ../../build/abu_package/abu_package.egg-info to /home/poomnuc/abu_ws/install/abu_package/lib/python3.8/site-packages/abu_package-0.0.0-py3.8.egg-info
[0.868s] running install_scripts
[0.883s] Installing color_node script to /home/poomnuc/abu_ws/install/abu_package/lib/abu_package
[0.883s] Installing drive_node script to /home/poomnuc/abu_ws/install/abu_package/lib/abu_package
[0.883s] Installing feed_node script to /home/poomnuc/abu_ws/install/abu_package/lib/abu_package
[0.883s] Installing shoot_node script to /home/poomnuc/abu_ws/install/abu_package/lib/abu_package
[0.883s] writing list of installed files to '/home/poomnuc/abu_ws/build/abu_package/install.log'
[0.905s] Invoked command in '/home/poomnuc/abu_ws/src/abu_package' returned '0': PYTHONPATH=/home/poomnuc/abu_ws/build/abu_package/prefix_override:/home/poomnuc/abu_ws/install/abu_package/lib/python3.8/site-packages:${PYTHONPATH} /usr/bin/python3 setup.py egg_info --egg-base ../../build/abu_package build --build-base /home/poomnuc/abu_ws/build/abu_package/build install --record /home/poomnuc/abu_ws/build/abu_package/install.log --install-scripts $base/lib/abu_package --single-version-externally-managed
